#
# There is insufficient memory for the Java Runtime Environment to continue.
# Native memory allocation (malloc) failed to allocate 1311536 bytes for Chunk::new
# Possible reasons:
#   The system is out of physical RAM or swap space
#   In 32 bit mode, the process size limit was hit
# Possible solutions:
#   Reduce memory load on the system
#   Increase physical memory or swap space
#   Check if swap backing store is full
#   Use 64 bit Java on a 64 bit OS
#   Decrease Java heap size (-Xmx/-Xms)
#   Decrease number of Java threads
#   Decrease Java thread stack sizes (-Xss)
#   Set larger code cache with -XX:ReservedCodeCacheSize=
# This output file may be truncated or incomplete.
#
#  Out of Memory Error (allocation.cpp:390), pid=15400, tid=23544
#
# JRE version: Java(TM) SE Runtime Environment (8.0_51-b16) (build 1.8.0_51-b16)
# Java VM: Java HotSpot(TM) 64-Bit Server VM (25.51-b03 mixed mode windows-amd64 compressed oops)
# Failed to write core dump. Minidumps are not enabled by default on client versions of Windows
#

---------------  T H R E A D  ---------------

Current thread (0x000000001d6a8000):  JavaThread "C2 CompilerThread1" daemon [_thread_in_native, id=23544, stack(0x000000001ec30000,0x000000001ed30000)]

Stack: [0x000000001ec30000,0x000000001ed30000]
Native frames: (J=compiled Java code, j=interpreted, Vv=VM code, C=native code)
V  [jvm.dll+0x32b4ca]
V  [jvm.dll+0x2797e3]
V  [jvm.dll+0x27a479]
V  [jvm.dll+0x271765]
V  [jvm.dll+0xcba02]
V  [jvm.dll+0xcbecc]
V  [jvm.dll+0x476f72]
V  [jvm.dll+0x4b95ff]
V  [jvm.dll+0x46c011]
V  [jvm.dll+0x46cd4e]
V  [jvm.dll+0x4501a2]
V  [jvm.dll+0xa43a2]
V  [jvm.dll+0xa4cdf]
V  [jvm.dll+0x2418a4]
V  [jvm.dll+0x29846a]
C  [msvcr100.dll+0x21d9f]
C  [msvcr100.dll+0x21e3b]
C  [KERNEL32.DLL+0x1257d]
C  [ntdll.dll+0x5af28]


Current CompileTask:
C2: 648472 20903       4       net.minecraft.entity.EntityLivingBase::func_191986_a (1619 bytes)


---------------  P R O C E S S  ---------------

Java Threads: ( => current thread )
  0x0000000085142000 JavaThread "File IO Thread" [_thread_blocked, id=14724, stack(0x0000000097da0000,0x0000000097ea0000)]
  0x000000008513d000 JavaThread "JM-task-4" [_thread_blocked, id=13828, stack(0x00000000e4990000,0x00000000e4a90000)]
  0x0000000085140800 JavaThread "pool-2-thread-1" [_thread_blocked, id=16936, stack(0x00000000e3560000,0x00000000e3660000)]
  0x0000000085140000 JavaThread "JM-texture-3" [_thread_blocked, id=18744, stack(0x00000000e2140000,0x00000000e2240000)]
  0x000000008513f000 JavaThread "JM-texture-2" [_thread_blocked, id=4360, stack(0x00000000df5a0000,0x00000000df6a0000)]
  0x000000008513e800 JavaThread "pool-10-thread-1" [_thread_blocked, id=26404, stack(0x00000000df2a0000,0x00000000df3a0000)]
  0x000000008770c000 JavaThread "Chunk Batcher 11" daemon [_thread_blocked, id=10884, stack(0x00000000c0f50000,0x00000000c1050000)]
  0x000000008770a800 JavaThread "Chunk Batcher 10" daemon [_thread_blocked, id=20828, stack(0x00000000c0e50000,0x00000000c0f50000)]
  0x0000000087934000 JavaThread "Chunk Batcher 9" daemon [_thread_blocked, id=21180, stack(0x00000000c0d50000,0x00000000c0e50000)]
  0x0000000087933800 JavaThread "Chunk Batcher 8" daemon [_thread_blocked, id=21904, stack(0x00000000c0c50000,0x00000000c0d50000)]
  0x0000000087932800 JavaThread "Chunk Batcher 7" daemon [_thread_blocked, id=26192, stack(0x00000000c0b50000,0x00000000c0c50000)]
  0x0000000087935800 JavaThread "Chunk Batcher 6" daemon [_thread_blocked, id=14560, stack(0x00000000c0a50000,0x00000000c0b50000)]
  0x0000000087936800 JavaThread "Chunk Batcher 5" daemon [_thread_blocked, id=11648, stack(0x00000000982f0000,0x00000000983f0000)]
  0x0000000087935000 JavaThread "Chunk Batcher 4" daemon [_thread_blocked, id=9392, stack(0x00000000981f0000,0x00000000982f0000)]
  0x0000000087932000 JavaThread "Chunk Batcher 3" daemon [_thread_blocked, id=21876, stack(0x00000000980f0000,0x00000000981f0000)]
  0x0000000087931000 JavaThread "Chunk Batcher 2" daemon [_thread_blocked, id=26576, stack(0x00000000954e0000,0x00000000955e0000)]
  0x0000000087929800 JavaThread "Chunk Batcher 1" daemon [_thread_blocked, id=4596, stack(0x000000008e600000,0x000000008e700000)]
  0x0000000087930800 JavaThread "Chunk Batcher 0" daemon [_thread_blocked, id=25976, stack(0x000000002b4c0000,0x000000002b5c0000)]
  0x000000008792a800 JavaThread "Netty Client IO #15" daemon [_thread_in_native, id=15592, stack(0x00000000a0130000,0x00000000a0230000)]
  0x000000008792c800 JavaThread "Netty Client IO #14" daemon [_thread_in_native, id=12632, stack(0x000000008eba0000,0x000000008eca0000)]
  0x000000008792f000 JavaThread "Netty Client IO #13" daemon [_thread_in_native, id=4720, stack(0x000000002b3c0000,0x000000002b4c0000)]
  0x0000000087929000 JavaThread "Netty Client IO #12" daemon [_thread_in_native, id=20452, stack(0x00000000a0230000,0x00000000a0330000)]
  0x0000000087927800 JavaThread "Netty Client IO #11" daemon [_thread_in_native, id=9816, stack(0x00000000966f0000,0x00000000967f0000)]
  0x0000000087928000 JavaThread "Netty Client IO #10" daemon [_thread_in_native, id=24580, stack(0x000000008eca0000,0x000000008eda0000)]
  0x000000008792d800 JavaThread "Netty Client IO #9" daemon [_thread_in_native, id=20768, stack(0x000000008eaa0000,0x000000008eba0000)]
  0x000000008792c000 JavaThread "Netty Client IO #8" daemon [_thread_in_native, id=4428, stack(0x000000008e700000,0x000000008e800000)]
  0x000000008792b000 JavaThread "Netty Client IO #7" daemon [_thread_in_native, id=22932, stack(0x00000000967f0000,0x00000000968f0000)]
  0x00000000213eb800 JavaThread "Netty Client IO #6" daemon [_thread_in_native, id=12780, stack(0x00000000955e0000,0x00000000956e0000)]
  0x000000008770f000 JavaThread "Netty Client IO #5" daemon [_thread_in_native, id=26324, stack(0x00000000943d0000,0x00000000944d0000)]
  0x000000008770e000 JavaThread "Server Pinger #4" daemon [_thread_blocked, id=24144, stack(0x00000000942d0000,0x00000000943d0000)]
  0x000000008770c800 JavaThread "Netty Client IO #4" daemon [_thread_in_native, id=24408, stack(0x000000002b7c0000,0x000000002b8c0000)]
  0x0000000087709800 JavaThread "Server Pinger #3" daemon [_thread_blocked, id=18068, stack(0x000000002b6c0000,0x000000002b7c0000)]
  0x0000000087712800 JavaThread "Netty Client IO #3" daemon [_thread_in_native, id=21008, stack(0x000000008e8b0000,0x000000008e9b0000)]
  0x0000000087711000 JavaThread "Server Pinger #2" daemon [_thread_blocked, id=23612, stack(0x000000008e500000,0x000000008e600000)]
  0x0000000087710800 JavaThread "Netty Client IO #2" daemon [_thread_in_native, id=20108, stack(0x00000000841b0000,0x00000000842b0000)]
  0x000000008770f800 JavaThread "threadDeathWatcher-2-1" daemon [_thread_blocked, id=17444, stack(0x0000000082f70000,0x0000000083070000)]
  0x0000000087712000 JavaThread "Netty Client IO #0" daemon [_thread_in_native, id=15660, stack(0x0000000048670000,0x0000000048770000)]
  0x0000000087706800 JavaThread "Netty Client IO #1" daemon [_thread_in_native, id=16048, stack(0x0000000032480000,0x0000000032580000)]
  0x000000008770d800 JavaThread "Server Pinger #1" daemon [_thread_blocked, id=9400, stack(0x000000002b8c0000,0x000000002b9c0000)]
  0x000000008770b000 JavaThread "Server Pinger #0" daemon [_thread_blocked, id=292, stack(0x000000002b5c0000,0x000000002b6c0000)]
  0x0000000087707800 JavaThread "Narrator" daemon [_thread_blocked, id=19440, stack(0x0000000027a00000,0x0000000027b00000)]
  0x00000000213f1000 JavaThread "pool-4-thread-1" daemon [_thread_blocked, id=19108, stack(0x000000008dea0000,0x000000008dfa0000)]
  0x00000000213ed000 JavaThread "Thread-8" [_thread_blocked, id=20836, stack(0x0000000026ba0000,0x0000000026ca0000)]
  0x00000000213ee000 JavaThread "Thread-7" [_thread_blocked, id=1136, stack(0x0000000022460000,0x0000000022560000)]
  0x00000000331ce800 JavaThread "LWJGL Timer" daemon [_thread_blocked, id=11292, stack(0x0000000032770000,0x0000000032870000)]
  0x000000002683d000 JavaThread "Java2D Disposer" daemon [_thread_blocked, id=6184, stack(0x00000000278e0000,0x00000000279e0000)]
  0x0000000024ce1000 JavaThread "Timer hack thread" daemon [_thread_blocked, id=20076, stack(0x00000000277e0000,0x00000000278e0000)]
  0x0000000021039800 JavaThread "Snooper Timer" daemon [_thread_blocked, id=26152, stack(0x0000000026d10000,0x0000000026e10000)]
  0x000000001d6af800 JavaThread "Service Thread" daemon [_thread_blocked, id=11092, stack(0x000000001ef30000,0x000000001f030000)]
  0x000000001d6aa800 JavaThread "C1 CompilerThread3" daemon [_thread_blocked, id=5948, stack(0x000000001ee30000,0x000000001ef30000)]
  0x000000001d6aa000 JavaThread "C2 CompilerThread2" daemon [_thread_blocked, id=15712, stack(0x000000001ed30000,0x000000001ee30000)]
=>0x000000001d6a8000 JavaThread "C2 CompilerThread1" daemon [_thread_in_native, id=23544, stack(0x000000001ec30000,0x000000001ed30000)]
  0x000000001d64f800 JavaThread "C2 CompilerThread0" daemon [_thread_blocked, id=13960, stack(0x000000001eb30000,0x000000001ec30000)]
  0x000000001d64c000 JavaThread "Attach Listener" daemon [_thread_blocked, id=22564, stack(0x000000001ea30000,0x000000001eb30000)]
  0x000000001d64b800 JavaThread "Signal Dispatcher" daemon [_thread_blocked, id=12116, stack(0x000000001e930000,0x000000001ea30000)]
  0x000000001d646800 JavaThread "Surrogate Locker Thread (Concurrent GC)" daemon [_thread_blocked, id=11408, stack(0x000000001e830000,0x000000001e930000)]
  0x000000001d5f2000 JavaThread "Finalizer" daemon [_thread_blocked, id=740, stack(0x000000001e730000,0x000000001e830000)]
  0x000000001d5eb000 JavaThread "Reference Handler" daemon [_thread_blocked, id=1404, stack(0x000000001e630000,0x000000001e730000)]
  0x00000000025a4000 JavaThread "Client thread" [_thread_in_Java, id=10312, stack(0x00000000024a0000,0x00000000025a0000)]

Other Threads:
  0x000000001a599000 VMThread [stack: 0x000000001e530000,0x000000001e630000] [id=16712]
  0x000000001d6c1800 WatcherThread [stack: 0x000000001f030000,0x000000001f130000] [id=2132]

VM state:not at safepoint (normal execution)

VM Mutex/Monitor currently owned by a thread: None

Heap:
 garbage-first heap   total 2588672K, used 1533096K [0x0000000704000000, 0x0000000706000278, 0x00000007c0000000)
  region size 32768K, 6 young (196608K), 1 survivors (32768K)
 Metaspace       used 97060K, capacity 99971K, committed 100352K, reserved 1136640K
  class space    used 13109K, capacity 13701K, committed 13824K, reserved 1048576K

Heap Regions: (Y=young(eden), SU=young(survivor), HS=humongous(starts), HC=humongous(continues), CS=collection set, F=free, TS=gc time stamp, PTAMS=previous top-at-mark-start, NTAMS=next top-at-mark-start)
AC   0  O    TS     0 PTAMS 0x0000000705fffff8 NTAMS 0x0000000705fffff8 space 32768K,  99% used [0x0000000704000000, 0x0000000706000000)
AC   0  O    TS     0 PTAMS 0x0000000708000000 NTAMS 0x0000000708000000 space 32768K, 100% used [0x0000000706000000, 0x0000000708000000)
AC   0  O    TS     0 PTAMS 0x0000000709ffffb8 NTAMS 0x0000000709ffffb8 space 32768K,  99% used [0x0000000708000000, 0x000000070a000000)
AC   0 HS    TS     0 PTAMS 0x000000070b000010 NTAMS 0x000000070b000010 space 32768K,  50% used [0x000000070a000000, 0x000000070c000000)
AC   0  O    TS     0 PTAMS 0x000000070dffffe0 NTAMS 0x000000070dffffe0 space 32768K,  99% used [0x000000070c000000, 0x000000070e000000)
AC   0  O    TS     0 PTAMS 0x000000070ffffff0 NTAMS 0x000000070ffffff0 space 32768K,  99% used [0x000000070e000000, 0x0000000710000000)
AC   0  O    TS     0 PTAMS 0x0000000712000000 NTAMS 0x0000000712000000 space 32768K, 100% used [0x0000000710000000, 0x0000000712000000)
AC   0  O    TS     0 PTAMS 0x0000000713fe45e8 NTAMS 0x0000000713fe45e8 space 32768K,  99% used [0x0000000712000000, 0x0000000714000000)
AC   0  O    TS     0 PTAMS 0x0000000715fffff0 NTAMS 0x0000000715fffff0 space 32768K,  99% used [0x0000000714000000, 0x0000000716000000)
AC   0  O    TS     0 PTAMS 0x0000000717fffff8 NTAMS 0x0000000717fffff8 space 32768K,  99% used [0x0000000716000000, 0x0000000718000000)
AC   0  O    TS     0 PTAMS 0x000000071a000000 NTAMS 0x000000071a000000 space 32768K, 100% used [0x0000000718000000, 0x000000071a000000)
AC   0  O    TS     0 PTAMS 0x000000071bfffff8 NTAMS 0x000000071bfffff8 space 32768K,  99% used [0x000000071a000000, 0x000000071c000000)
AC   0  O    TS     0 PTAMS 0x000000071dfffff0 NTAMS 0x000000071dfffff0 space 32768K,  99% used [0x000000071c000000, 0x000000071e000000)
AC   0  O    TS     0 PTAMS 0x000000071fffffe0 NTAMS 0x000000071fffffe0 space 32768K,  99% used [0x000000071e000000, 0x0000000720000000)
AC   0  O    TS     0 PTAMS 0x0000000722000000 NTAMS 0x0000000722000000 space 32768K, 100% used [0x0000000720000000, 0x0000000722000000)
AC   0  O    TS     0 PTAMS 0x0000000724000000 NTAMS 0x0000000724000000 space 32768K, 100% used [0x0000000722000000, 0x0000000724000000)
AC   0 HS    TS     0 PTAMS 0x000000072591ea58 NTAMS 0x000000072591ea58 space 32768K,  78% used [0x0000000724000000, 0x0000000726000000)
AC   0  O    TS     0 PTAMS 0x0000000727ffde80 NTAMS 0x0000000727ffde80 space 32768K,  99% used [0x0000000726000000, 0x0000000728000000)
AC   0  O    TS     0 PTAMS 0x0000000729ffffd8 NTAMS 0x0000000729ffffd8 space 32768K,  99% used [0x0000000728000000, 0x000000072a000000)
AC   0  O    TS     0 PTAMS 0x000000072bfffff0 NTAMS 0x000000072bfffff0 space 32768K,  99% used [0x000000072a000000, 0x000000072c000000)
AC   0  O    TS     0 PTAMS 0x000000072dffffe8 NTAMS 0x000000072dffffe8 space 32768K,  99% used [0x000000072c000000, 0x000000072e000000)
AC   0  O    TS     0 PTAMS 0x000000072fffffe0 NTAMS 0x000000072fffffe0 space 32768K,  99% used [0x000000072e000000, 0x0000000730000000)
AC   0  O    TS     0 PTAMS 0x0000000732000000 NTAMS 0x0000000732000000 space 32768K, 100% used [0x0000000730000000, 0x0000000732000000)
AC   0  O    TS     0 PTAMS 0x0000000733cd17e8 NTAMS 0x0000000733cd17e8 space 32768K,  90% used [0x0000000732000000, 0x0000000734000000)
AC   0  O    TS     0 PTAMS 0x0000000735ffff30 NTAMS 0x0000000735ffff30 space 32768K,  99% used [0x0000000734000000, 0x0000000736000000)
AC   0  O    TS     0 PTAMS 0x0000000737fffff0 NTAMS 0x0000000737fffff0 space 32768K,  99% used [0x0000000736000000, 0x0000000738000000)
AC   0  O    TS     0 PTAMS 0x0000000739fe7ea8 NTAMS 0x0000000739fe7ea8 space 32768K,  99% used [0x0000000738000000, 0x000000073a000000)
AC   0  O    TS     0 PTAMS 0x000000073bffff98 NTAMS 0x000000073bffff98 space 32768K,  99% used [0x000000073a000000, 0x000000073c000000)
AC   0  O    TS     0 PTAMS 0x000000073dffffd8 NTAMS 0x000000073dffffd8 space 32768K,  99% used [0x000000073c000000, 0x000000073e000000)
AC   0  O    TS     0 PTAMS 0x000000073fffffc8 NTAMS 0x000000073fffffc8 space 32768K,  99% used [0x000000073e000000, 0x0000000740000000)
AC   0  O    TS     0 PTAMS 0x0000000741b6a018 NTAMS 0x0000000741b6a018 space 32768K,  85% used [0x0000000740000000, 0x0000000742000000)
AC   0  O    TS     0 PTAMS 0x0000000743fffff8 NTAMS 0x0000000743fffff8 space 32768K,  99% used [0x0000000742000000, 0x0000000744000000)
AC   0  O    TS     0 PTAMS 0x0000000745ffffe8 NTAMS 0x0000000745ffffe8 space 32768K,  99% used [0x0000000744000000, 0x0000000746000000)
AC   0  O    TS     0 PTAMS 0x0000000747ffffb8 NTAMS 0x0000000747ffffb8 space 32768K,  99% used [0x0000000746000000, 0x0000000748000000)
AC   0  O    TS     0 PTAMS 0x0000000749fe3290 NTAMS 0x0000000749fe3290 space 32768K,  99% used [0x0000000748000000, 0x000000074a000000)
AC   0  O    TS     0 PTAMS 0x000000074bfffff8 NTAMS 0x000000074bfffff8 space 32768K,  99% used [0x000000074a000000, 0x000000074c000000)
AC   0  O    TS     0 PTAMS 0x000000074e000000 NTAMS 0x000000074e000000 space 32768K, 100% used [0x000000074c000000, 0x000000074e000000)
AC   0  O    TS     0 PTAMS 0x000000074ffffff0 NTAMS 0x000000074ffffff0 space 32768K,  99% used [0x000000074e000000, 0x0000000750000000)
AC   0  O    TS     0 PTAMS 0x0000000751fffff8 NTAMS 0x0000000751fffff8 space 32768K,  99% used [0x0000000750000000, 0x0000000752000000)
AC   0  O    TS     0 PTAMS 0x0000000753fffff0 NTAMS 0x0000000753fffff0 space 32768K,  99% used [0x0000000752000000, 0x0000000754000000)
AC   0  O    TS     0 PTAMS 0x0000000755fffd00 NTAMS 0x0000000755fffd00 space 32768K,  99% used [0x0000000754000000, 0x0000000756000000)
AC   0  O    TS     0 PTAMS 0x0000000757db86b0 NTAMS 0x0000000757db86b0 space 32768K,  92% used [0x0000000756000000, 0x0000000758000000)
AC   0  O    TS     0 PTAMS 0x000000075a000000 NTAMS 0x000000075a000000 space 32768K, 100% used [0x0000000758000000, 0x000000075a000000)
AC   0  O    TS     1 PTAMS 0x000000075ad5e800 NTAMS 0x000000075ad5e800 space 32768K,  41% used [0x000000075a000000, 0x000000075c000000)
AC   0  F    TS     0 PTAMS 0x000000075c000000 NTAMS 0x000000075c000000 space 32768K,   0% used [0x000000075c000000, 0x000000075e000000)
AC   0  F    TS     0 PTAMS 0x000000075e000000 NTAMS 0x000000075e000000 space 32768K,   0% used [0x000000075e000000, 0x0000000760000000)
AC   0  F    TS     0 PTAMS 0x0000000760000000 NTAMS 0x0000000760000000 space 32768K,   0% used [0x0000000760000000, 0x0000000762000000)
AC   0  F    TS     0 PTAMS 0x0000000762000000 NTAMS 0x0000000762000000 space 32768K,   0% used [0x0000000762000000, 0x0000000764000000)
AC   0  F    TS     0 PTAMS 0x0000000764000000 NTAMS 0x0000000764000000 space 32768K,   0% used [0x0000000764000000, 0x0000000766000000)
AC   0  F    TS     0 PTAMS 0x0000000766000000 NTAMS 0x0000000766000000 space 32768K,   0% used [0x0000000766000000, 0x0000000768000000)
AC   0  F    TS     0 PTAMS 0x0000000768000000 NTAMS 0x0000000768000000 space 32768K,   0% used [0x0000000768000000, 0x000000076a000000)
AC   0  F    TS     0 PTAMS 0x000000076a000000 NTAMS 0x000000076a000000 space 32768K,   0% used [0x000000076a000000, 0x000000076c000000)
AC   0  F    TS     0 PTAMS 0x000000076c000000 NTAMS 0x000000076c000000 space 32768K,   0% used [0x000000076c000000, 0x000000076e000000)
AC   0  F    TS     0 PTAMS 0x000000076e000000 NTAMS 0x000000076e000000 space 32768K,   0% used [0x000000076e000000, 0x0000000770000000)
AC   0  F    TS     0 PTAMS 0x0000000770000000 NTAMS 0x0000000770000000 space 32768K,   0% used [0x0000000770000000, 0x0000000772000000)
AC   0  F    TS     0 PTAMS 0x0000000772000000 NTAMS 0x0000000772000000 space 32768K,   0% used [0x0000000772000000, 0x0000000774000000)
AC   0  F    TS     0 PTAMS 0x0000000774000000 NTAMS 0x0000000774000000 space 32768K,   0% used [0x0000000774000000, 0x0000000776000000)
AC   0  F    TS     0 PTAMS 0x0000000776000000 NTAMS 0x0000000776000000 space 32768K,   0% used [0x0000000776000000, 0x0000000778000000)
AC   0  F    TS     0 PTAMS 0x0000000778000000 NTAMS 0x0000000778000000 space 32768K,   0% used [0x0000000778000000, 0x000000077a000000)
AC   0  F    TS     0 PTAMS 0x000000077a000000 NTAMS 0x000000077a000000 space 32768K,   0% used [0x000000077a000000, 0x000000077c000000)
AC   0  F    TS     0 PTAMS 0x000000077c000000 NTAMS 0x000000077c000000 space 32768K,   0% used [0x000000077c000000, 0x000000077e000000)
AC   0  S CS TS     1 PTAMS 0x000000077e000000 NTAMS 0x000000077e000000 space 32768K,  40% used [0x000000077e000000, 0x0000000780000000)
AC   0  F    TS     0 PTAMS 0x0000000780000000 NTAMS 0x0000000780000000 space 32768K,   0% used [0x0000000780000000, 0x0000000782000000)
AC   0  F    TS     0 PTAMS 0x0000000782000000 NTAMS 0x0000000782000000 space 32768K,   0% used [0x0000000782000000, 0x0000000784000000)
AC   0  F    TS     0 PTAMS 0x0000000784000000 NTAMS 0x0000000784000000 space 32768K,   0% used [0x0000000784000000, 0x0000000786000000)
AC   0  F    TS     0 PTAMS 0x0000000786000000 NTAMS 0x0000000786000000 space 32768K,   0% used [0x0000000786000000, 0x0000000788000000)
AC   0  F    TS     0 PTAMS 0x0000000788000000 NTAMS 0x0000000788000000 space 32768K,   0% used [0x0000000788000000, 0x000000078a000000)
AC   0  F    TS     0 PTAMS 0x000000078a000000 NTAMS 0x000000078a000000 space 32768K,   0% used [0x000000078a000000, 0x000000078c000000)
AC   0  F    TS     0 PTAMS 0x000000078c000000 NTAMS 0x000000078c000000 space 32768K,   0% used [0x000000078c000000, 0x000000078e000000)
AC   0  F    TS     0 PTAMS 0x000000078e000000 NTAMS 0x000000078e000000 space 32768K,   0% used [0x000000078e000000, 0x0000000790000000)
AC   0  F    TS     0 PTAMS 0x0000000790000000 NTAMS 0x0000000790000000 space 32768K,   0% used [0x0000000790000000, 0x0000000792000000)
AC   0  F    TS     0 PTAMS 0x0000000792000000 NTAMS 0x0000000792000000 space 32768K,   0% used [0x0000000792000000, 0x0000000794000000)
AC   0  F    TS     0 PTAMS 0x0000000794000000 NTAMS 0x0000000794000000 space 32768K,   0% used [0x0000000794000000, 0x0000000796000000)
AC   0  F    TS     0 PTAMS 0x0000000796000000 NTAMS 0x0000000796000000 space 32768K,   0% used [0x0000000796000000, 0x0000000798000000)
AC   0  E    TS     0 PTAMS 0x0000000798000000 NTAMS 0x0000000798000000 space 32768K, 100% used [0x0000000798000000, 0x000000079a000000)
AC   0  E CS TS     0 PTAMS 0x000000079a000000 NTAMS 0x000000079a000000 space 32768K, 100% used [0x000000079a000000, 0x000000079c000000)
AC   0  E CS TS     0 PTAMS 0x000000079c000000 NTAMS 0x000000079c000000 space 32768K, 100% used [0x000000079c000000, 0x000000079e000000)
AC   0  E CS TS     0 PTAMS 0x000000079e000000 NTAMS 0x000000079e000000 space 32768K, 100% used [0x000000079e000000, 0x00000007a0000000)
AC   0  E CS TS     0 PTAMS 0x00000007a0000000 NTAMS 0x00000007a0000000 space 32768K, 100% used [0x00000007a0000000, 0x00000007a2000000)

Card table byte_map: [0x00000000139e0000,0x0000000013fc0000] byte_map_base: 0x00000000101c0000

Marking Bits (Prev, Next): (CMBitMap*) 0x00000000025fddb0, (CMBitMap*) 0x00000000025fdd58
 Prev Bits: [0x00000000174a0000, 0x000000001a3a0000)
 Next Bits: [0x00000000145a0000, 0x00000000174a0000)

Polling page: 0x0000000000a70000

CodeCache: size=245760Kb used=61468Kb max_used=63683Kb free=184291Kb
 bounds [0x00000000026a0000, 0x0000000006580000, 0x00000000116a0000]
 total_blobs=15056 nmethods=13787 adapters=1177
 compilation: enabled

Compilation events (10 events):
Event: 646.903 Thread 0x000000001d6aa800 20900       3       net.minecraft.network.play.client.CPacketPlayer::func_148840_b (18 bytes)
Event: 646.905 Thread 0x000000001d6aa800 nmethod 20900 0x00000000045011d0 code [0x0000000004501340, 0x0000000004501648]
Event: 647.001 Thread 0x000000001d64f800 20901       4       io.netty.buffer.PoolArena::normalizeCapacity (180 bytes)
Event: 647.002 Thread 0x000000001d6aa800 20902   !   3       io.netty.buffer.PoolArena::allocate (309 bytes)
Event: 647.009 Thread 0x000000001d64f800 nmethod 20901 0x0000000004d57a10 code [0x0000000004d57b60, 0x0000000004d57c98]
Event: 647.020 Thread 0x000000001d6aa800 nmethod 20902 0x00000000060e7f10 code [0x00000000060e82c0, 0x00000000060ea8f8]
Event: 647.690 Thread 0x000000001d6aa000 nmethod 20895 0x0000000003a20ad0 code [0x0000000003a21280, 0x0000000003a28450]
Event: 647.976 Thread 0x000000001d6a8000 20903       4       net.minecraft.entity.EntityLivingBase::func_191986_a (1619 bytes)
Event: 648.080 Thread 0x000000001d6aa800 20904       3       com.mrcrayfish.furniture.blocks.BlockFirePitOn::func_180655_c (164 bytes)
Event: 648.081 Thread 0x000000001d6aa800 nmethod 20904 0x0000000004fe0810 code [0x0000000004fe0b20, 0x0000000004fe1a38]

GC Heap History (10 events):
Event: 542.463 GC heap before
{Heap before GC invocations=104 (full 5):
 garbage-first heap   total 2588672K, used 1824710K [0x0000000704000000, 0x0000000706000278, 0x00000007c0000000)
  region size 32768K, 15 young (491520K), 2 survivors (65536K)
 Metaspace       used 95219K, capacity 97693K, committed 97920K, reserved 1134592K
  class space    used 13076K, capacity 13630K, committed 13696K, reserved 1048576K
Event: 542.496 GC heap after
Heap after GC invocations=105 (full 5):
 garbage-first heap   total 2588672K, used 1417113K [0x0000000704000000, 0x0000000706000278, 0x00000007c0000000)
  region size 32768K, 1 young (32768K), 1 survivors (32768K)
 Metaspace       used 95219K, capacity 97693K, committed 97920K, reserved 1134592K
  class space    used 13076K, capacity 13630K, committed 13696K, reserved 1048576K
}
Event: 553.433 GC heap before
{Heap before GC invocations=106 (full 5):
 garbage-first heap   total 2588672K, used 1875865K [0x0000000704000000, 0x0000000706000278, 0x00000007c0000000)
  region size 32768K, 15 young (491520K), 1 survivors (32768K)
 Metaspace       used 96384K, capacity 99235K, committed 99456K, reserved 1134592K
  class space    used 13095K, capacity 13671K, committed 13696K, reserved 1048576K
Event: 553.446 GC heap after
Heap after GC invocations=107 (full 5):
 garbage-first heap   total 2588672K, used 1399103K [0x0000000704000000, 0x0000000706000278, 0x00000007c0000000)
  region size 32768K, 1 young (32768K), 1 survivors (32768K)
 Metaspace       used 96384K, capacity 99235K, committed 99456K, reserved 1134592K
  class space    used 13095K, capacity 13671K, committed 13696K, reserved 1048576K
}
Event: 575.250 GC heap before
{Heap before GC invocations=107 (full 5):
 garbage-first heap   total 2588672K, used 1857855K [0x0000000704000000, 0x0000000706000278, 0x00000007c0000000)
  region size 32768K, 15 young (491520K), 1 survivors (32768K)
 Metaspace       used 96930K, capacity 99883K, committed 99968K, reserved 1136640K
  class space    used 13096K, capacity 13671K, committed 13696K, reserved 1048576K
Event: 575.270 GC heap after
Heap after GC invocations=108 (full 5):
 garbage-first heap   total 2588672K, used 1399217K [0x0000000704000000, 0x0000000706000278, 0x00000007c0000000)
  region size 32768K, 1 young (32768K), 1 survivors (32768K)
 Metaspace       used 96930K, capacity 99883K, committed 99968K, reserved 1136640K
  class space    used 13096K, capacity 13671K, committed 13696K, reserved 1048576K
}
Event: 607.091 GC heap before
{Heap before GC invocations=108 (full 5):
 garbage-first heap   total 2588672K, used 1956273K [0x0000000704000000, 0x0000000706000278, 0x00000007c0000000)
  region size 32768K, 18 young (589824K), 1 survivors (32768K)
 Metaspace       used 97051K, capacity 99983K, committed 100352K, reserved 1136640K
  class space    used 13110K, capacity 13703K, committed 13824K, reserved 1048576K
Event: 607.119 GC heap after
Heap after GC invocations=109 (full 5):
 garbage-first heap   total 2588672K, used 1400182K [0x0000000704000000, 0x0000000706000278, 0x00000007c0000000)
  region size 32768K, 1 young (32768K), 1 survivors (32768K)
 Metaspace       used 97051K, capacity 99983K, committed 100352K, reserved 1136640K
  class space    used 13110K, capacity 13703K, committed 13824K, reserved 1048576K
}
Event: 640.179 GC heap before
{Heap before GC invocations=110 (full 5):
 garbage-first heap   total 2588672K, used 1957238K [0x0000000704000000, 0x0000000706000278, 0x00000007c0000000)
  region size 32768K, 18 young (589824K), 1 survivors (32768K)
 Metaspace       used 97056K, capacity 99971K, committed 100352K, reserved 1136640K
  class space    used 13109K, capacity 13701K, committed 13824K, reserved 1048576K
Event: 640.211 GC heap after
Heap after GC invocations=111 (full 5):
 garbage-first heap   total 2588672K, used 1402024K [0x0000000704000000, 0x0000000706000278, 0x00000007c0000000)
  region size 32768K, 1 young (32768K), 1 survivors (32768K)
 Metaspace       used 97056K, capacity 99971K, committed 100352K, reserved 1136640K
  class space    used 13109K, capacity 13701K, committed 13824K, reserved 1048576K
}

Deoptimization events (10 events):
Event: 567.556 Thread 0x00000000213ee000 Uncommon trap: reason=unstable_if action=reinterpret pc=0x00000000053fe870 method=com.jcraft.jorbis.Mapping0.inverse(Lcom/jcraft/jorbis/Block;Ljava/lang/Object;)I @ 394
Event: 571.874 Thread 0x000000008513d000 Uncommon trap: reason=unstable_if action=reinterpret pc=0x000000000464dbe8 method=journeymap.client.cartography.color.RGB.clampFloats([FF)[F @ 58
Event: 572.195 Thread 0x000000008513d000 Uncommon trap: reason=unstable_if action=reinterpret pc=0x0000000005016478 method=journeymap.client.cartography.render.TopoRenderer.paintContour(Ljava/awt/image/BufferedImage;Ljourneymap/client/model/ChunkMD;Ljourneymap/client/model/BlockMD;III)Z @ 192
Event: 575.059 Thread 0x000000008513d000 Uncommon trap: reason=unstable_if action=reinterpret pc=0x00000000050b82c4 method=journeymap.client.cartography.color.RGB.clampFloats([FF)[F @ 34
Event: 579.615 Thread 0x00000000025a4000 Uncommon trap: reason=unstable_if action=reinterpret pc=0x0000000004ca7680 method=net.minecraft.client.Minecraft.func_90020_K()I @ 4
Event: 579.650 Thread 0x00000000025a4000 Uncommon trap: reason=unstable_if action=reinterpret pc=0x0000000003e6a324 method=net.minecraft.client.Minecraft.func_90020_K()I @ 4
Event: 603.522 Thread 0x000000008513d000 Uncommon trap: reason=unstable_if action=reinterpret pc=0x000000000396e75c method=journeymap.client.model.BlockDataArrays$Dataset.floats()Ljourneymap/client/model/BlockDataArrays$DataArray; @ 4
Event: 603.992 Thread 0x000000008770f000 Uncommon trap: reason=unstable_if action=reinterpret pc=0x00000000058db400 method=io.netty.buffer.PoolThreadCache.allocate(Lio/netty/buffer/PoolThreadCache$MemoryRegionCache;Lio/netty/buffer/PooledByteBuf;I)Z @ 29
Event: 644.783 Thread 0x000000008770f000 Uncommon trap: reason=unstable_if action=reinterpret pc=0x00000000052d507c method=io.netty.channel.nio.NioEventLoop.select(Z)V @ 46
Event: 645.915 Thread 0x000000008770f000 Uncommon trap: reason=unstable_if action=reinterpret pc=0x00000000055ae5e8 method=io.netty.buffer.PoolArena.allocate(Lio/netty/buffer/PoolThreadCache;Lio/netty/buffer/PooledByteBuf;I)V @ 66

Internal exceptions (10 events):
Event: 648.039 Thread 0x00000000213ee000 Exception <a 'java/lang/InterruptedException': sleep interrupted> (0x000000079bcac840) thrown at [C:\re\workspace\8-2-build-windows-amd64-cygwin\jdk8u51\3951\hotspot\src\share\vm\prims\jvm.cpp, line 3211]
Event: 648.081 Thread 0x00000000213ee000 Exception <a 'java/lang/InterruptedException': sleep interrupted> (0x000000079bcaca40) thrown at [C:\re\workspace\8-2-build-windows-amd64-cygwin\jdk8u51\3951\hotspot\src\share\vm\prims\jvm.cpp, line 3211]
Event: 648.081 Thread 0x00000000213ee000 Exception <a 'java/lang/InterruptedException': sleep interrupted> (0x000000079bcacc40) thrown at [C:\re\workspace\8-2-build-windows-amd64-cygwin\jdk8u51\3951\hotspot\src\share\vm\prims\jvm.cpp, line 3211]
Event: 648.103 Thread 0x00000000213ee000 Exception <a 'java/lang/InterruptedException': sleep interrupted> (0x000000079bcace40) thrown at [C:\re\workspace\8-2-build-windows-amd64-cygwin\jdk8u51\3951\hotspot\src\share\vm\prims\jvm.cpp, line 3211]
Event: 648.143 Thread 0x00000000213ee000 Exception <a 'java/lang/InterruptedException': sleep interrupted> (0x000000079bcad040) thrown at [C:\re\workspace\8-2-build-windows-amd64-cygwin\jdk8u51\3951\hotspot\src\share\vm\prims\jvm.cpp, line 3211]
Event: 648.238 Thread 0x00000000213ee000 Exception <a 'java/lang/InterruptedException': sleep interrupted> (0x000000079bcad240) thrown at [C:\re\workspace\8-2-build-windows-amd64-cygwin\jdk8u51\3951\hotspot\src\share\vm\prims\jvm.cpp, line 3211]
Event: 648.304 Thread 0x00000000213ee000 Exception <a 'java/lang/InterruptedException': sleep interrupted> (0x000000079bcad440) thrown at [C:\re\workspace\8-2-build-windows-amd64-cygwin\jdk8u51\3951\hotspot\src\share\vm\prims\jvm.cpp, line 3211]
Event: 648.335 Thread 0x00000000213ee000 Exception <a 'java/lang/InterruptedException': sleep interrupted> (0x000000079bcad640) thrown at [C:\re\workspace\8-2-build-windows-amd64-cygwin\jdk8u51\3951\hotspot\src\share\vm\prims\jvm.cpp, line 3211]
Event: 648.336 Thread 0x00000000213ee000 Exception <a 'java/lang/InterruptedException': sleep interrupted> (0x000000079bcae418) thrown at [C:\re\workspace\8-2-build-windows-amd64-cygwin\jdk8u51\3951\hotspot\src\share\vm\prims\jvm.cpp, line 3163]
Event: 648.337 Thread 0x00000000213ee000 Exception <a 'java/lang/InterruptedException': sleep interrupted> (0x000000079bcae618) thrown at [C:\re\workspace\8-2-build-windows-amd64-cygwin\jdk8u51\3951\hotspot\src\share\vm\prims\jvm.cpp, line 3211]

Events (10 events):
Event: 643.679 Executing VM operation: RevokeBias
Event: 643.679 Executing VM operation: RevokeBias done
Event: 643.841 Thread 0x000000008770f000 DEOPT PACKING pc=0x0000000005088bd3 sp=0x00000000944ce4d0
Event: 643.841 Thread 0x000000008770f000 DEOPT UNPACKING pc=0x00000000026e787f sp=0x00000000944ce140 mode 0
Event: 644.783 Thread 0x000000008770f000 Uncommon trap: trap_request=0xffffff65 fr.pc=0x00000000052d507c
Event: 644.783 Thread 0x000000008770f000 DEOPT PACKING pc=0x00000000052d507c sp=0x00000000944cf020
Event: 644.783 Thread 0x000000008770f000 DEOPT UNPACKING pc=0x00000000026e582a sp=0x00000000944cefc0 mode 2
Event: 645.915 Thread 0x000000008770f000 Uncommon trap: trap_request=0xffffff65 fr.pc=0x00000000055ae5e8
Event: 645.915 Thread 0x000000008770f000 DEOPT PACKING pc=0x00000000055ae5e8 sp=0x00000000944ce7f0
Event: 645.915 Thread 0x000000008770f000 DEOPT UNPACKING pc=0x00000000026e582a sp=0x00000000944ce7c8 mode 2


Dynamic libraries:
0x00007ff773800000 - 0x00007ff773837000 	C:\Users\HP\AppData\Roaming\.minecraft\runtime\jre-legacy\windows\jre-legacy\bin\javaw.exe
0x00007ffd54870000 - 0x00007ffd54a87000 	C:\WINDOWS\SYSTEM32\ntdll.dll
0x00007ffd527d0000 - 0x00007ffd52894000 	C:\WINDOWS\System32\KERNEL32.DLL
0x00007ffd51de0000 - 0x00007ffd5218d000 	C:\WINDOWS\System32\KERNELBASE.dll
0x00007ffd54770000 - 0x00007ffd54822000 	C:\WINDOWS\System32\ADVAPI32.dll
0x00007ffd53180000 - 0x00007ffd53227000 	C:\WINDOWS\System32\msvcrt.dll
0x00007ffd52e00000 - 0x00007ffd52ea9000 	C:\WINDOWS\System32\sechost.dll
0x00007ffd52190000 - 0x00007ffd521b8000 	C:\WINDOWS\System32\bcrypt.dll
0x00007ffd535c0000 - 0x00007ffd536d4000 	C:\WINDOWS\System32\RPCRT4.dll
0x00007ffd525a0000 - 0x00007ffd5274e000 	C:\WINDOWS\System32\USER32.dll
0x00007ffd521c0000 - 0x00007ffd521e6000 	C:\WINDOWS\System32\win32u.dll
0x00007ffd52eb0000 - 0x00007ffd52ed9000 	C:\WINDOWS\System32\GDI32.dll
0x00007ffd52310000 - 0x00007ffd52429000 	C:\WINDOWS\System32\gdi32full.dll
0x00007ffd51c00000 - 0x00007ffd51c9a000 	C:\WINDOWS\System32\msvcp_win.dll
0x00007ffd521f0000 - 0x00007ffd52301000 	C:\WINDOWS\System32\ucrtbase.dll
0x00007ffd35020000 - 0x00007ffd352b3000 	C:\WINDOWS\WinSxS\amd64_microsoft.windows.common-controls_6595b64144ccf1df_6.0.22621.3672_none_2713b9d173822955\COMCTL32.dll
0x00007ffd52fe0000 - 0x00007ffd53011000 	C:\WINDOWS\System32\IMM32.DLL
0x000000005c720000 - 0x000000005c7f2000 	C:\Users\HP\AppData\Roaming\.minecraft\runtime\jre-legacy\windows\jre-legacy\bin\msvcr100.dll
0x000000005be90000 - 0x000000005c713000 	C:\Users\HP\AppData\Roaming\.minecraft\runtime\jre-legacy\windows\jre-legacy\bin\server\jvm.dll
0x00007ffd53230000 - 0x00007ffd53238000 	C:\WINDOWS\System32\PSAPI.DLL
0x00007ffd27670000 - 0x00007ffd27679000 	C:\WINDOWS\SYSTEM32\WSOCK32.dll
0x00007ffd52750000 - 0x00007ffd527c1000 	C:\WINDOWS\System32\WS2_32.dll
0x00007ffd48c40000 - 0x00007ffd48c74000 	C:\WINDOWS\SYSTEM32\WINMM.dll
0x00007ffd46ef0000 - 0x00007ffd46efa000 	C:\WINDOWS\SYSTEM32\VERSION.dll
0x000000005be80000 - 0x000000005be8f000 	C:\Users\HP\AppData\Roaming\.minecraft\runtime\jre-legacy\windows\jre-legacy\bin\verify.dll
0x000000005be50000 - 0x000000005be79000 	C:\Users\HP\AppData\Roaming\.minecraft\runtime\jre-legacy\windows\jre-legacy\bin\java.dll
0x000000005be30000 - 0x000000005be46000 	C:\Users\HP\AppData\Roaming\.minecraft\runtime\jre-legacy\windows\jre-legacy\bin\zip.dll
0x00007ffd53d50000 - 0x00007ffd545b8000 	C:\WINDOWS\System32\SHELL32.dll
0x00007ffd4fa00000 - 0x00007ffd502fe000 	C:\WINDOWS\SYSTEM32\windows.storage.dll
0x00007ffd52a60000 - 0x00007ffd52ded000 	C:\WINDOWS\System32\combase.dll
0x00007ffd4f8c0000 - 0x00007ffd4f9ff000 	C:\WINDOWS\SYSTEM32\wintypes.dll
0x00007ffd52ee0000 - 0x00007ffd52fd9000 	C:\WINDOWS\System32\SHCORE.dll
0x00007ffd53320000 - 0x00007ffd5337e000 	C:\WINDOWS\System32\shlwapi.dll
0x00007ffd51ac0000 - 0x00007ffd51ae1000 	C:\WINDOWS\SYSTEM32\profapi.dll
0x000000005be20000 - 0x000000005be2d000 	C:\Users\HP\AppData\Roaming\.minecraft\runtime\jre-legacy\windows\jre-legacy\bin\management.dll
0x000000005be00000 - 0x000000005be1a000 	C:\Users\HP\AppData\Roaming\.minecraft\runtime\jre-legacy\windows\jre-legacy\bin\net.dll
0x00007ffd50f50000 - 0x00007ffd50fb9000 	C:\WINDOWS\system32\mswsock.dll
0x00007ffd34a80000 - 0x00007ffd34a97000 	C:\WINDOWS\system32\napinsp.dll
0x00007ffd33520000 - 0x00007ffd3353b000 	C:\WINDOWS\system32\pnrpnsp.dll
0x00007ffd505d0000 - 0x00007ffd506c8000 	C:\WINDOWS\SYSTEM32\DNSAPI.dll
0x00007ffd50560000 - 0x00007ffd5058d000 	C:\WINDOWS\SYSTEM32\IPHLPAPI.DLL
0x00007ffd53430000 - 0x00007ffd53439000 	C:\WINDOWS\System32\NSI.dll
0x00007ffcecbf0000 - 0x00007ffcecc01000 	C:\WINDOWS\System32\winrnr.dll
0x00007ffd20ec0000 - 0x00007ffd20ed5000 	C:\WINDOWS\system32\wshbth.dll
0x00007ffce4b70000 - 0x00007ffce4b97000 	C:\WINDOWS\system32\nlansp_c.dll
0x00007ffd48630000 - 0x00007ffd486b3000 	C:\WINDOWS\System32\fwpuclnt.dll
0x00007ffd37340000 - 0x00007ffd3734a000 	C:\Windows\System32\rasadhlp.dll
0x000000005bde0000 - 0x000000005bdf1000 	C:\Users\HP\AppData\Roaming\.minecraft\runtime\jre-legacy\windows\jre-legacy\bin\nio.dll
0x00007ffd512a0000 - 0x00007ffd512bb000 	C:\WINDOWS\SYSTEM32\CRYPTSP.dll
0x00007ffd50a50000 - 0x00007ffd50a85000 	C:\WINDOWS\system32\rsaenh.dll
0x00007ffd50ff0000 - 0x00007ffd51018000 	C:\WINDOWS\SYSTEM32\USERENV.dll
0x00007ffd51ca0000 - 0x00007ffd51d1b000 	C:\WINDOWS\System32\bcryptprimitives.dll
0x00007ffd51280000 - 0x00007ffd5128c000 	C:\WINDOWS\SYSTEM32\CRYPTBASE.dll
0x00007ffd494b0000 - 0x00007ffd494c9000 	C:\WINDOWS\SYSTEM32\dhcpcsvc6.DLL
0x00007ffd490a0000 - 0x00007ffd490bf000 	C:\WINDOWS\SYSTEM32\dhcpcsvc.DLL
0x000000005bdc0000 - 0x000000005bdd7000 	C:\Users\HP\AppData\Roaming\.minecraft\runtime\jre-legacy\windows\jre-legacy\bin\unpack.dll
0x0000000180000000 - 0x0000000180053000 	C:\Users\HP\AppData\Roaming\.minecraft\versions\tmp mc forge 1122\natives\lwjgl64.dll
0x00007ffd20d70000 - 0x00007ffd20e70000 	C:\WINDOWS\SYSTEM32\OPENGL32.dll
0x00007ffd25d20000 - 0x00007ffd25d4d000 	C:\WINDOWS\SYSTEM32\GLU32.dll
0x00007ffd4ec50000 - 0x00007ffd4ec87000 	C:\WINDOWS\SYSTEM32\dxcore.dll
0x000000005bc20000 - 0x000000005bdb8000 	C:\Users\HP\AppData\Roaming\.minecraft\runtime\jre-legacy\windows\jre-legacy\bin\awt.dll
0x00007ffd53790000 - 0x00007ffd53867000 	C:\WINDOWS\System32\OLEAUT32.dll
0x00007ffd40830000 - 0x00007ffd408c7000 	C:\WINDOWS\SYSTEM32\apphelp.dll
0x00007ffd49df0000 - 0x00007ffd49ead000 	C:\WINDOWS\SYSTEM32\mscms.dll
0x00007ffd50af0000 - 0x00007ffd50b08000 	C:\WINDOWS\SYSTEM32\kernel.appcore.dll
0x00007ffd53380000 - 0x00007ffd53430000 	C:\WINDOWS\System32\clbcatq.dll
0x00007ffd3aee0000 - 0x00007ffd3af2e000 	C:\Windows\System32\Windows.Internal.Graphics.Display.DisplayColorManagement.dll
0x00007ffd51770000 - 0x00007ffd517be000 	C:\WINDOWS\SYSTEM32\cfgmgr32.dll
0x00007ffd4eb40000 - 0x00007ffd4ebf0000 	C:\WINDOWS\system32\uxtheme.dll
0x00007ffd53020000 - 0x00007ffd5317b000 	C:\WINDOWS\System32\MSCTF.dll
0x00007ffd3d640000 - 0x00007ffd3d78e000 	C:\WINDOWS\SYSTEM32\textinputframework.dll
0x00007ffd28160000 - 0x00007ffd281c9000 	C:\WINDOWS\system32\Oleacc.dll
0x00007ffd3eba0000 - 0x00007ffd3ebe9000 	C:\WINDOWS\SYSTEM32\directxdatabasehelper.dll
0x00007ffd26560000 - 0x00007ffd269a5000 	C:\WINDOWS\SYSTEM32\uiautomationcore.dll
0x00007ffd40180000 - 0x00007ffd402b3000 	C:\WINDOWS\System32\CoreMessaging.dll
0x00007ffd46f20000 - 0x00007ffd47062000 	C:\Windows\System32\AppXDeploymentClient.dll
0x00007ffcbab40000 - 0x00007ffcbbb45000 	C:\WINDOWS\System32\DriverStore\FileRepository\iigd_dch.inf_amd64_14a5bb6045f923bf\ig9icd64.dll
0x00007ffd545c0000 - 0x00007ffd54765000 	C:\WINDOWS\System32\ole32.dll
0x00007ffd4edb0000 - 0x00007ffd4eddb000 	C:\WINDOWS\system32\dwmapi.dll
0x00007ffd4ec90000 - 0x00007ffd4ed87000 	C:\WINDOWS\system32\dxgi.dll
0x00007ffd25800000 - 0x00007ffd25c1a000 	C:\WINDOWS\System32\DriverStore\FileRepository\iigd_dch.inf_amd64_14a5bb6045f923bf\igdml64.dll
0x00007ffd3ac50000 - 0x00007ffd3aed1000 	C:\WINDOWS\System32\DriverStore\FileRepository\iigd_dch.inf_amd64_14a5bb6045f923bf\igdgmm64.dll
0x00007ffd3ec10000 - 0x00007ffd3ef7d000 	C:\WINDOWS\SYSTEM32\CoreUIComponents.dll
0x00007ffd24e00000 - 0x00007ffd24e4a000 	C:\WINDOWS\SYSTEM32\icm32.dll
0x00007ffd2ba70000 - 0x00007ffd2babb000 	C:\WINDOWS\system32\ApplicationTargetedFeatureDatabase.dll
0x00007ffd494d0000 - 0x00007ffd4975a000 	C:\Windows\System32\twinapi.appcore.dll
0x00007ffd37e00000 - 0x00007ffd3ac44000 	C:\WINDOWS\System32\DriverStore\FileRepository\iigd_dch.inf_amd64_14a5bb6045f923bf\igc64.dll
0x00007ffd51810000 - 0x00007ffd5185d000 	C:\WINDOWS\SYSTEM32\powrprof.dll
0x00007ffd517f0000 - 0x00007ffd51803000 	C:\WINDOWS\SYSTEM32\UMPDC.dll
0x00007ffd26240000 - 0x00007ffd26282000 	C:\Users\HP\AppData\Local\Temp\jna-2312\jna8124607261351494024.dll
0x000000005bbf0000 - 0x000000005bc14000 	C:\Users\HP\AppData\Roaming\.minecraft\runtime\jre-legacy\windows\jre-legacy\bin\sunec.dll
0x0000000032a70000 - 0x0000000032ad4000 	C:\Users\HP\AppData\Roaming\.minecraft\versions\tmp mc forge 1122\natives\OpenAL64.dll
0x00007ffd46750000 - 0x00007ffd467ed000 	C:\WINDOWS\System32\MMDevApi.dll
0x00007ffd51740000 - 0x00007ffd5176c000 	C:\WINDOWS\System32\DEVOBJ.dll
0x00007ffd26190000 - 0x00007ffd26232000 	C:\WINDOWS\SYSTEM32\dsound.dll
0x00007ffce4c40000 - 0x00007ffce4cf1000 	C:\WINDOWS\SYSTEM32\ResampleDmo.DLL
0x00007ffd2f2b0000 - 0x00007ffd2f2d9000 	C:\WINDOWS\SYSTEM32\winmmbase.dll
0x00007ffd40f80000 - 0x00007ffd40f8b000 	C:\WINDOWS\SYSTEM32\msdmo.dll
0x00007ffd2b110000 - 0x00007ffd2b2fc000 	C:\WINDOWS\SYSTEM32\AUDIOSES.DLL
0x00007ffd4f0f0000 - 0x00007ffd4f105000 	C:\WINDOWS\SYSTEM32\resourcepolicyclient.dll
0x00007ffd343f0000 - 0x00007ffd3440a000 	C:\Users\HP\AppData\Roaming\.minecraft\versions\tmp mc forge 1122\natives\SAPIWrapper_x64.dll
0x00007ffd4f3b0000 - 0x00007ffd4f5e2000 	C:\WINDOWS\SYSTEM32\dbghelp.dll

VM Arguments:
jvm_args: -Dos.name=Windows 10 -Dos.version=10.0 -Djava.library.path=C:\Users\HP\AppData\Roaming\.minecraft\versions\tmp mc forge 1122\natives -Xmx3000M -XX:+UnlockExperimentalVMOptions -XX:+UseG1GC -XX:G1NewSizePercent=20 -XX:G1ReservePercent=20 -XX:MaxGCPauseMillis=50 -XX:G1HeapRegionSize=32M -Dfml.ignoreInvalidMinecraftCertificates=true -Dfml.ignorePatchDiscrepancies=true -Djava.net.preferIPv4Stack=true -Dminecraft.applet.TargetDirectory=C:\Users\HP\AppData\Roaming\.minecraft\versions\tmp mc forge 1122 -DlibraryDirectory=C:\Users\HP\AppData\Roaming\.minecraft\libraries -Dlog4j.configurationFile=C:\Users\HP\AppData\Roaming\.minecraft\assets\log_configs\client-1.12.xml -DLibLoader.modsFolder=C:\Users\HP\AppData\Roaming\.minecraft\versions\tmp mc forge 1122\mods 
java_command: net.minecraft.launchwrapper.Launch --username kitsumecat --version tmp mc forge 1122 --gameDir C:\Users\HP\AppData\Roaming\.minecraft\versions\tmp mc forge 1122 --assetsDir C:\Users\HP\AppData\Roaming\.minecraft\assets --assetIndex 1.12 --uuid 846fd2e1f554484f8a7e1b0ae1ddd26d --accessToken null --userType mojang --tweakClass net.minecraftforge.fml.common.launcher.FMLTweaker --versionType Forge --width 925 --height 530
java_class_path (initial): C:\Users\HP\AppData\Roaming\.minecraft\libraries\net\minecraftforge\forge\1.12.2-14.23.5.2859\forge-1.12.2-14.23.5.2859.jar;C:\Users\HP\AppData\Roaming\.minecraft\libraries\org\ow2\asm\asm-debug-all\5.2\asm-debug-all-5.2.jar;C:\Users\HP\AppData\Roaming\.minecraft\libraries\net\minecraft\launchwrapper\1.12\launchwrapper-1.12.jar;C:\Users\HP\AppData\Roaming\.minecraft\libraries\org\jline\jline\3.5.1\jline-3.5.1.jar;C:\Users\HP\AppData\Roaming\.minecraft\libraries\com\typesafe\akka\akka-actor_2.11\2.3.3\akka-actor_2.11-2.3.3.jar;C:\Users\HP\AppData\Roaming\.minecraft\libraries\com\typesafe\config\1.2.1\config-1.2.1.jar;C:\Users\HP\AppData\Roaming\.minecraft\libraries\org\scala-lang\scala-actors-migration_2.11\1.1.0\scala-actors-migration_2.11-1.1.0.jar;C:\Users\HP\AppData\Roaming\.minecraft\libraries\org\scala-lang\scala-compiler\2.11.1\scala-compiler-2.11.1.jar;C:\Users\HP\AppData\Roaming\.minecraft\libraries\org\scala-lang\plugins\scala-continuations-library_2.11\1.0.2_mc\scala-continuations-library_2.11-1.0.2_mc.jar;C:\Users\HP\AppData\Roaming\.minecraft\libraries\org\scala-lang\plugins\scala-continuations-plugin_2.11.1\1.0.2_mc\scala-continuations-plugin_2.11.1-1.0.2_mc.jar;C:\Users\HP\AppData\Roaming\.minecraft\libraries\org\scala-lang\scala-library\2.11.1\scala-library-2.11.1.jar;C:\Users\HP\AppData\Roaming\.minecraft\libraries\org\scala-lang\scala-parser-combinators_2.11\1.0.1\scala-parser-combinators_2.11-1.0.1.jar;C:\Users\HP\AppData\Roaming\.minecraft\libraries\org\scala-lang\scala-reflect\2.11.1\scala-reflect-2.11.1.jar;C:\Users\HP\AppData\Roaming\.minecraft\libraries\org\scala-lang\scala-swing_2.11\1.0.1\scala-swing_2.11-1.0.1.jar;C:\Users\HP\AppData\Roaming\.minecraft\libraries\org\scala-lang\scala-xml_2.11\1.0.2\scala-xml_2.11-1.0.2.jar;C:\Users\HP\AppData\Roaming\.minecraft\libraries\lzma\lzma\0.0.1\lzma-0.0.1.jar;C:\Users\HP\AppData\Roaming\.minecraft\libraries\java3d\vecmath\1.5.2\vecmath-1.5.2.jar;C:\Users\HP\AppData\Roami
Launcher Type: SUN_STANDARD

Environment Variables:
PATH=C:\Program Files (x86)\Common Files\Intel\Shared Libraries\redist\intel64\compiler;C:\Program Files\Common Files\Oracle\Java\javapath;C:\Program Files (x86)\Common Files\Oracle\Java\javapath;D:\Software\VMware\bin\;C:\WINDOWS\system32;C:\WINDOWS;C:\WINDOWS\System32\Wbem;C:\WINDOWS\System32\WindowsPowerShell\v1.0\;C:\WINDOWS\System32\OpenSSH\;C:\Program Files\dotnet\;D:\Software\GIT\cmd;D:\Software\node.js\;C:\Program Files\Microsoft SQL Server\150\Tools\Binn\;C:\Program Files\Microsoft SQL Server\Client SDK\ODBC\170\Tools\Binn\;C:\Users\HP\AppData\Local\Programs\Python\Launcher\;C:\Users\HP\AppData\Local\Microsoft\WindowsApps;;C:\Users\HP\AppData\Local\Programs\oh-my-posh\bin;C:\Users\HP\AppData\Roaming\npm;C:\Users\HP\AppData\Roaming\Programs\Zero Install;C:\Users\HP\.dotnet\tools;C:\Program Files\Java\jre-1.8\bin
USERNAME=HP
OS=Windows_NT
PROCESSOR_IDENTIFIER=Intel64 Family 6 Model 142 Stepping 12, GenuineIntel



---------------  S Y S T E M  ---------------

OS: Windows 10.0 , 64 bit Build 22621 (10.0.22621.3958)

CPU:total 8 (4 cores per cpu, 2 threads per core) family 6 model 142 stepping 12, cmov, cx8, fxsr, mmx, sse, sse2, sse3, ssse3, sse4.1, sse4.2, popcnt, avx, avx2, aes, clmul, erms, 3dnowpref, lzcnt, ht, tsc, tscinvbit, bmi1, bmi2, adx

Memory: 4k page, physical 12365300k(381508k free), swap 21399668k(19296k free)

vm_info: Java HotSpot(TM) 64-Bit Server VM (25.51-b03) for windows-amd64 JRE (1.8.0_51-b16), built on Jun  8 2015 18:03:07 by "java_re" with MS VC++ 10.0 (VS2010)

time: Fri Aug 23 14:26:30 2024
elapsed time: 648 seconds (0d 0h 10m 48s)

