#
# There is insufficient memory for the Java Runtime Environment to continue.
# Native memory allocation (mmap) failed to map 973078528 bytes for Failed to commit pages from 1335296 of length 237568
# Possible reasons:
#   The system is out of physical RAM or swap space
#   In 32 bit mode, the process size limit was hit
# Possible solutions:
#   Reduce memory load on the system
#   Increase physical memory or swap space
#   Check if swap backing store is full
#   Use 64 bit Java on a 64 bit OS
#   Decrease Java heap size (-Xmx/-Xms)
#   Decrease number of Java threads
#   Decrease Java thread stack sizes (-Xss)
#   Set larger code cache with -XX:ReservedCodeCacheSize=
# This output file may be truncated or incomplete.
#
#  Out of Memory Error (os_windows.cpp:3324), pid=24692, tid=628
#
# JRE version: Java(TM) SE Runtime Environment (8.0_51-b16) (build 1.8.0_51-b16)
# Java VM: Java HotSpot(TM) 64-Bit Server VM (25.51-b03 mixed mode windows-amd64 compressed oops)
# Failed to write core dump. Minidumps are not enabled by default on client versions of Windows
#

---------------  T H R E A D  ---------------

Current thread (0x000000002eb9f800):  VMThread [stack: 0x000000002ec40000,0x000000002ed40000] [id=628]

Stack: [0x000000002ec40000,0x000000002ed40000]
Native frames: (J=compiled Java code, j=interpreted, Vv=VM code, C=native code)
V  [jvm.dll+0x32b4ca]
V  [jvm.dll+0x2797e3]
V  [jvm.dll+0x27a479]
V  [jvm.dll+0x271765]
V  [jvm.dll+0x296868]
V  [jvm.dll+0x21acb5]
V  [jvm.dll+0x3d73ff]
V  [jvm.dll+0x3d83e8]
V  [jvm.dll+0x3e0639]
V  [jvm.dll+0x3e0ff6]
V  [jvm.dll+0x3e1210]
V  [jvm.dll+0x3c133a]
V  [jvm.dll+0x3cdebc]
V  [jvm.dll+0x3e66df]
V  [jvm.dll+0x247e47]
V  [jvm.dll+0x2470e6]
V  [jvm.dll+0x247581]
V  [jvm.dll+0x24779e]
V  [jvm.dll+0x29846a]
C  [msvcr100.dll+0x21d9f]
C  [msvcr100.dll+0x21e3b]
C  [KERNEL32.DLL+0x1257d]
C  [ntdll.dll+0x5af28]

VM_Operation (0x0000000038baee60): G1IncCollectionPause, mode: safepoint, requested by thread 0x0000000030d41800


---------------  P R O C E S S  ---------------

Java Threads: ( => current thread )
  0x000000002fc4e800 JavaThread "ForkJoinPool.commonPool-worker-3" daemon [_thread_blocked, id=13672, stack(0x0000000041e50000,0x0000000041f50000)]
  0x000000003132c000 JavaThread "LWJGL Timer" daemon [_thread_blocked, id=3348, stack(0x0000000038bb0000,0x0000000038cb0000)]
  0x0000000030d41800 JavaThread "Thread-3" [_thread_blocked, id=8836, stack(0x0000000038ab0000,0x0000000038bb0000)]
  0x0000000031dc6000 JavaThread "Java2D Disposer" daemon [_thread_blocked, id=12488, stack(0x000000003aa50000,0x000000003ab50000)]
  0x000000003934f800 JavaThread "Timer hack thread" daemon [_thread_blocked, id=10956, stack(0x000000003a950000,0x000000003aa50000)]
  0x000000002fc6e800 JavaThread "Snooper Timer" daemon [_thread_blocked, id=24396, stack(0x00000000338a0000,0x00000000339a0000)]
  0x000000002f6a8800 JavaThread "Service Thread" daemon [_thread_blocked, id=24216, stack(0x000000002fa40000,0x000000002fb40000)]
  0x000000002ec16800 JavaThread "C1 CompilerThread3" daemon [_thread_blocked, id=6756, stack(0x000000002f540000,0x000000002f640000)]
  0x000000002ec16000 JavaThread "C2 CompilerThread2" daemon [_thread_blocked, id=20400, stack(0x000000002f440000,0x000000002f540000)]
  0x000000002ec12000 JavaThread "C2 CompilerThread1" daemon [_thread_blocked, id=12108, stack(0x000000002f340000,0x000000002f440000)]
  0x000000002ec11000 JavaThread "C2 CompilerThread0" daemon [_thread_blocked, id=9644, stack(0x000000002f240000,0x000000002f340000)]
  0x000000002ec0e000 JavaThread "Attach Listener" daemon [_thread_blocked, id=16268, stack(0x000000002f140000,0x000000002f240000)]
  0x000000002ec09800 JavaThread "Signal Dispatcher" daemon [_thread_blocked, id=13684, stack(0x000000002f040000,0x000000002f140000)]
  0x000000002ec04800 JavaThread "Surrogate Locker Thread (Concurrent GC)" daemon [_thread_blocked, id=15332, stack(0x000000002ef40000,0x000000002f040000)]
  0x000000002ebae000 JavaThread "Finalizer" daemon [_thread_blocked, id=15344, stack(0x000000002ee40000,0x000000002ef40000)]
  0x000000002eba5800 JavaThread "Reference Handler" daemon [_thread_blocked, id=23596, stack(0x000000002ed40000,0x000000002ee40000)]
  0x0000000002854000 JavaThread "Client thread" [_thread_blocked, id=20428, stack(0x0000000002700000,0x0000000002800000)]

Other Threads:
=>0x000000002eb9f800 VMThread [stack: 0x000000002ec40000,0x000000002ed40000] [id=628]
  0x000000002f6af800 WatcherThread [stack: 0x000000002fb40000,0x000000002fc40000] [id=22440]

VM state:at safepoint (normal execution)

VM Mutex/Monitor currently owned by a thread:  ([mutex/lock_event])
[0x0000000002852960] Threads_lock - owner thread: 0x000000002eb9f800
[0x0000000002853a60] Heap_lock - owner thread: 0x0000000030d41800

Heap:
 garbage-first heap   total 6291456K, used 1608612K [0x000000055e000000, 0x0000000560000600, 0x00000007c0000000)
  region size 32768K, 4 young (131072K), 4 survivors (131072K)
 Metaspace       used 60008K, capacity 60819K, committed 61312K, reserved 1101824K
  class space    used 8266K, capacity 8498K, committed 8576K, reserved 1048576K

Heap Regions: (Y=young(eden), SU=young(survivor), HS=humongous(starts), HC=humongous(continues), CS=collection set, F=free, TS=gc time stamp, PTAMS=previous top-at-mark-start, NTAMS=next top-at-mark-start)
AC   0  O    TS     0 PTAMS 0x0000000560000000 NTAMS 0x0000000560000000 space 32768K, 100% used [0x000000055e000000, 0x0000000560000000)
AC   0  O    TS     0 PTAMS 0x0000000562000000 NTAMS 0x0000000562000000 space 32768K, 100% used [0x0000000560000000, 0x0000000562000000)
AC   0  O    TS     0 PTAMS 0x0000000564000000 NTAMS 0x0000000564000000 space 32768K, 100% used [0x0000000562000000, 0x0000000564000000)
AC   0 HS    TS     0 PTAMS 0x0000000565000010 NTAMS 0x0000000565000010 space 32768K,  50% used [0x0000000564000000, 0x0000000566000000)
AC   0  O    TS     0 PTAMS 0x0000000568000000 NTAMS 0x0000000568000000 space 32768K, 100% used [0x0000000566000000, 0x0000000568000000)
AC   0  O    TS     0 PTAMS 0x000000056a000000 NTAMS 0x000000056a000000 space 32768K, 100% used [0x0000000568000000, 0x000000056a000000)
AC   0  O    TS     0 PTAMS 0x000000056c000000 NTAMS 0x000000056c000000 space 32768K, 100% used [0x000000056a000000, 0x000000056c000000)
AC   0  O    TS     0 PTAMS 0x000000056e000000 NTAMS 0x000000056e000000 space 32768K, 100% used [0x000000056c000000, 0x000000056e000000)
AC   0  O    TS     0 PTAMS 0x0000000570000000 NTAMS 0x0000000570000000 space 32768K, 100% used [0x000000056e000000, 0x0000000570000000)
AC   0  O    TS     0 PTAMS 0x0000000572000000 NTAMS 0x0000000572000000 space 32768K, 100% used [0x0000000570000000, 0x0000000572000000)
AC   0 HS    TS     0 PTAMS 0x0000000572000000 NTAMS 0x0000000572000000 space 32768K,  78% used [0x0000000572000000, 0x0000000574000000)
AC   0  O    TS     0 PTAMS 0x0000000576000000 NTAMS 0x0000000576000000 space 32768K, 100% used [0x0000000574000000, 0x0000000576000000)
AC   0  O    TS     1 PTAMS 0x0000000576000000 NTAMS 0x0000000576000000 space 32768K, 100% used [0x0000000576000000, 0x0000000578000000)
AC   0  O    TS     0 PTAMS 0x000000057a000000 NTAMS 0x000000057a000000 space 32768K, 100% used [0x0000000578000000, 0x000000057a000000)
AC   0  O    TS     0 PTAMS 0x000000057c000000 NTAMS 0x000000057c000000 space 32768K, 100% used [0x000000057a000000, 0x000000057c000000)
AC   0  O    TS     0 PTAMS 0x000000057e000000 NTAMS 0x000000057e000000 space 32768K, 100% used [0x000000057c000000, 0x000000057e000000)
AC   0  O    TS     0 PTAMS 0x0000000580000000 NTAMS 0x0000000580000000 space 32768K, 100% used [0x000000057e000000, 0x0000000580000000)
AC   0  O    TS     0 PTAMS 0x0000000582000000 NTAMS 0x0000000582000000 space 32768K, 100% used [0x0000000580000000, 0x0000000582000000)
AC   0  O    TS     5 PTAMS 0x0000000582000000 NTAMS 0x0000000582000000 space 32768K, 100% used [0x0000000582000000, 0x0000000584000000)
AC   0  O    TS     0 PTAMS 0x0000000586000000 NTAMS 0x0000000586000000 space 32768K, 100% used [0x0000000584000000, 0x0000000586000000)
AC   0  O    TS     0 PTAMS 0x0000000588000000 NTAMS 0x0000000588000000 space 32768K, 100% used [0x0000000586000000, 0x0000000588000000)
AC   0  O    TS     0 PTAMS 0x000000058a000000 NTAMS 0x000000058a000000 space 32768K, 100% used [0x0000000588000000, 0x000000058a000000)
AC   0  O    TS     1 PTAMS 0x000000058a000000 NTAMS 0x000000058a000000 space 32768K, 100% used [0x000000058a000000, 0x000000058c000000)
AC   0  O    TS     3 PTAMS 0x000000058c000000 NTAMS 0x000000058c000000 space 32768K, 100% used [0x000000058c000000, 0x000000058e000000)
AC   0  O    TS     3 PTAMS 0x000000058e000000 NTAMS 0x000000058e000000 space 32768K, 100% used [0x000000058e000000, 0x0000000590000000)
AC   0  O    TS     3 PTAMS 0x0000000590000000 NTAMS 0x0000000590000000 space 32768K, 100% used [0x0000000590000000, 0x0000000592000000)
AC   0  O    TS     3 PTAMS 0x0000000592000000 NTAMS 0x0000000592000000 space 32768K, 100% used [0x0000000592000000, 0x0000000594000000)
AC   0  O    TS     3 PTAMS 0x0000000594000000 NTAMS 0x0000000594000000 space 32768K, 100% used [0x0000000594000000, 0x0000000596000000)
AC   0  O    TS     0 PTAMS 0x0000000598000000 NTAMS 0x0000000598000000 space 32768K, 100% used [0x0000000596000000, 0x0000000598000000)
AC   0  O    TS     0 PTAMS 0x000000059a000000 NTAMS 0x000000059a000000 space 32768K, 100% used [0x0000000598000000, 0x000000059a000000)
AC   0  O    TS     0 PTAMS 0x000000059c000000 NTAMS 0x000000059c000000 space 32768K, 100% used [0x000000059a000000, 0x000000059c000000)
AC   0  O    TS     0 PTAMS 0x000000059e000000 NTAMS 0x000000059e000000 space 32768K, 100% used [0x000000059c000000, 0x000000059e000000)
AC   0  O    TS     0 PTAMS 0x00000005a0000000 NTAMS 0x00000005a0000000 space 32768K, 100% used [0x000000059e000000, 0x00000005a0000000)
AC   0  O    TS     5 PTAMS 0x00000005a0000000 NTAMS 0x00000005a0000000 space 32768K, 100% used [0x00000005a0000000, 0x00000005a2000000)
AC   0  O    TS     0 PTAMS 0x00000005a4000000 NTAMS 0x00000005a4000000 space 32768K, 100% used [0x00000005a2000000, 0x00000005a4000000)
AC   0  O    TS     5 PTAMS 0x00000005a4000000 NTAMS 0x00000005a4000000 space 32768K, 100% used [0x00000005a4000000, 0x00000005a6000000)
AC   0  O    TS     0 PTAMS 0x00000005a690ba00 NTAMS 0x00000005a690ba00 space 32768K, 100% used [0x00000005a6000000, 0x00000005a8000000)
AC   0  O    TS     3 PTAMS 0x00000005a8000000 NTAMS 0x00000005a8000000 space 32768K, 100% used [0x00000005a8000000, 0x00000005aa000000)
AC   0  O    TS     0 PTAMS 0x00000005aa000000 NTAMS 0x00000005aa000000 space 32768K, 100% used [0x00000005aa000000, 0x00000005ac000000)
AC   0  O    TS     0 PTAMS 0x00000005ac000000 NTAMS 0x00000005ac000000 space 32768K, 100% used [0x00000005ac000000, 0x00000005ae000000)
AC   0  O    TS     1 PTAMS 0x00000005ae000000 NTAMS 0x00000005ae000000 space 32768K, 100% used [0x00000005ae000000, 0x00000005b0000000)
AC   0  O    TS     3 PTAMS 0x00000005b0000000 NTAMS 0x00000005b0000000 space 32768K, 100% used [0x00000005b0000000, 0x00000005b2000000)
AC   0  O    TS     3 PTAMS 0x00000005b2000000 NTAMS 0x00000005b2000000 space 32768K, 100% used [0x00000005b2000000, 0x00000005b4000000)
AC   0  O    TS     5 PTAMS 0x00000005b4000000 NTAMS 0x00000005b4000000 space 32768K, 100% used [0x00000005b4000000, 0x00000005b6000000)
AC   0  O    TS     5 PTAMS 0x00000005b6000000 NTAMS 0x00000005b6000000 space 32768K, 100% used [0x00000005b6000000, 0x00000005b8000000)
AC   0  O    TS     5 PTAMS 0x00000005b8000000 NTAMS 0x00000005b8000000 space 32768K,  80% used [0x00000005b8000000, 0x00000005ba000000)
AC   0  F    TS     0 PTAMS 0x00000005ba000000 NTAMS 0x00000005ba000000 space 32768K,   0% used [0x00000005ba000000, 0x00000005bc000000)
AC   0  F    TS     0 PTAMS 0x00000005bc000000 NTAMS 0x00000005bc000000 space 32768K,   0% used [0x00000005bc000000, 0x00000005be000000)
AC   0  F    TS     0 PTAMS 0x00000005be000000 NTAMS 0x00000005be000000 space 32768K,   0% used [0x00000005be000000, 0x00000005c0000000)
AC   0  F    TS     0 PTAMS 0x00000005c0000000 NTAMS 0x00000005c0000000 space 32768K,   0% used [0x00000005c0000000, 0x00000005c2000000)
AC   0  F    TS     0 PTAMS 0x00000005c2000000 NTAMS 0x00000005c2000000 space 32768K,   0% used [0x00000005c2000000, 0x00000005c4000000)
AC   0  F    TS     0 PTAMS 0x00000005c4000000 NTAMS 0x00000005c4000000 space 32768K,   0% used [0x00000005c4000000, 0x00000005c6000000)
AC   0  F    TS     0 PTAMS 0x00000005c6000000 NTAMS 0x00000005c6000000 space 32768K,   0% used [0x00000005c6000000, 0x00000005c8000000)
AC   0  F    TS     0 PTAMS 0x00000005c8000000 NTAMS 0x00000005c8000000 space 32768K,   0% used [0x00000005c8000000, 0x00000005ca000000)
AC   0  F    TS     0 PTAMS 0x00000005ca000000 NTAMS 0x00000005ca000000 space 32768K,   0% used [0x00000005ca000000, 0x00000005cc000000)
AC   0  F    TS     0 PTAMS 0x00000005cc000000 NTAMS 0x00000005cc000000 space 32768K,   0% used [0x00000005cc000000, 0x00000005ce000000)
AC   0  F    TS     0 PTAMS 0x00000005ce000000 NTAMS 0x00000005ce000000 space 32768K,   0% used [0x00000005ce000000, 0x00000005d0000000)
AC   0  F    TS     0 PTAMS 0x00000005d0000000 NTAMS 0x00000005d0000000 space 32768K,   0% used [0x00000005d0000000, 0x00000005d2000000)
AC   0  F    TS     0 PTAMS 0x00000005d2000000 NTAMS 0x00000005d2000000 space 32768K,   0% used [0x00000005d2000000, 0x00000005d4000000)
AC   0  F    TS     0 PTAMS 0x00000005d4000000 NTAMS 0x00000005d4000000 space 32768K,   0% used [0x00000005d4000000, 0x00000005d6000000)
AC   0  F    TS     0 PTAMS 0x00000005d6000000 NTAMS 0x00000005d6000000 space 32768K,   0% used [0x00000005d6000000, 0x00000005d8000000)
AC   0  F    TS     0 PTAMS 0x00000005d8000000 NTAMS 0x00000005d8000000 space 32768K,   0% used [0x00000005d8000000, 0x00000005da000000)
AC   0  F    TS     0 PTAMS 0x00000005da000000 NTAMS 0x00000005da000000 space 32768K,   0% used [0x00000005da000000, 0x00000005dc000000)
AC   0  F    TS     0 PTAMS 0x00000005dc000000 NTAMS 0x00000005dc000000 space 32768K,   0% used [0x00000005dc000000, 0x00000005de000000)
AC   0  F    TS     0 PTAMS 0x00000005de000000 NTAMS 0x00000005de000000 space 32768K,   0% used [0x00000005de000000, 0x00000005e0000000)
AC   0  F    TS     1 PTAMS 0x00000005e0000000 NTAMS 0x00000005e0000000 space 32768K,   0% used [0x00000005e0000000, 0x00000005e2000000)
AC   0  F    TS     1 PTAMS 0x00000005e2000000 NTAMS 0x00000005e2000000 space 32768K,   0% used [0x00000005e2000000, 0x00000005e4000000)
AC   0  F    TS     0 PTAMS 0x00000005e4000000 NTAMS 0x00000005e4000000 space 32768K,   0% used [0x00000005e4000000, 0x00000005e6000000)
AC   0  F    TS     0 PTAMS 0x00000005e6000000 NTAMS 0x00000005e6000000 space 32768K,   0% used [0x00000005e6000000, 0x00000005e8000000)
AC   0  F    TS     0 PTAMS 0x00000005e8000000 NTAMS 0x00000005e8000000 space 32768K,   0% used [0x00000005e8000000, 0x00000005ea000000)
AC   0  F    TS     0 PTAMS 0x00000005ea000000 NTAMS 0x00000005ea000000 space 32768K,   0% used [0x00000005ea000000, 0x00000005ec000000)
AC   0  F    TS     0 PTAMS 0x00000005ec000000 NTAMS 0x00000005ec000000 space 32768K,   0% used [0x00000005ec000000, 0x00000005ee000000)
AC   0  F    TS     0 PTAMS 0x00000005ee000000 NTAMS 0x00000005ee000000 space 32768K,   0% used [0x00000005ee000000, 0x00000005f0000000)
AC   0  F    TS     0 PTAMS 0x00000005f0000000 NTAMS 0x00000005f0000000 space 32768K,   0% used [0x00000005f0000000, 0x00000005f2000000)
AC   0  F    TS     0 PTAMS 0x00000005f2000000 NTAMS 0x00000005f2000000 space 32768K,   0% used [0x00000005f2000000, 0x00000005f4000000)
AC   0  F    TS     0 PTAMS 0x00000005f4000000 NTAMS 0x00000005f4000000 space 32768K,   0% used [0x00000005f4000000, 0x00000005f6000000)
AC   0  F    TS     0 PTAMS 0x00000005f6000000 NTAMS 0x00000005f6000000 space 32768K,   0% used [0x00000005f6000000, 0x00000005f8000000)
AC   0  F    TS     0 PTAMS 0x00000005f8000000 NTAMS 0x00000005f8000000 space 32768K,   0% used [0x00000005f8000000, 0x00000005fa000000)
AC   0  F    TS     0 PTAMS 0x00000005fa000000 NTAMS 0x00000005fa000000 space 32768K,   0% used [0x00000005fa000000, 0x00000005fc000000)
AC   0  F    TS     0 PTAMS 0x00000005fc000000 NTAMS 0x00000005fc000000 space 32768K,   0% used [0x00000005fc000000, 0x00000005fe000000)
AC   0  F    TS     0 PTAMS 0x00000005fe000000 NTAMS 0x00000005fe000000 space 32768K,   0% used [0x00000005fe000000, 0x0000000600000000)
AC   0  F    TS     0 PTAMS 0x0000000600000000 NTAMS 0x0000000600000000 space 32768K,   0% used [0x0000000600000000, 0x0000000602000000)
AC   0  F    TS     1 PTAMS 0x0000000602000000 NTAMS 0x0000000602000000 space 32768K,   0% used [0x0000000602000000, 0x0000000604000000)
AC   0  F    TS     1 PTAMS 0x0000000604000000 NTAMS 0x0000000604000000 space 32768K,   0% used [0x0000000604000000, 0x0000000606000000)
AC   0  F    TS     1 PTAMS 0x0000000606000000 NTAMS 0x0000000606000000 space 32768K,   0% used [0x0000000606000000, 0x0000000608000000)
AC   0  F    TS     1 PTAMS 0x0000000608000000 NTAMS 0x0000000608000000 space 32768K,   0% used [0x0000000608000000, 0x000000060a000000)
AC   0  F    TS     1 PTAMS 0x000000060a000000 NTAMS 0x000000060a000000 space 32768K,   0% used [0x000000060a000000, 0x000000060c000000)
AC   0  F    TS     1 PTAMS 0x000000060c000000 NTAMS 0x000000060c000000 space 32768K,   0% used [0x000000060c000000, 0x000000060e000000)
AC   0  F    TS     1 PTAMS 0x000000060e000000 NTAMS 0x000000060e000000 space 32768K,   0% used [0x000000060e000000, 0x0000000610000000)
AC   0  F    TS     1 PTAMS 0x0000000610000000 NTAMS 0x0000000610000000 space 32768K,   0% used [0x0000000610000000, 0x0000000612000000)
AC   0  F    TS     1 PTAMS 0x0000000612000000 NTAMS 0x0000000612000000 space 32768K,   0% used [0x0000000612000000, 0x0000000614000000)
AC   0  F    TS     1 PTAMS 0x0000000614000000 NTAMS 0x0000000614000000 space 32768K,   0% used [0x0000000614000000, 0x0000000616000000)
AC   0  F    TS     1 PTAMS 0x0000000616000000 NTAMS 0x0000000616000000 space 32768K,   0% used [0x0000000616000000, 0x0000000618000000)
AC   0  F    TS     1 PTAMS 0x0000000618000000 NTAMS 0x0000000618000000 space 32768K,   0% used [0x0000000618000000, 0x000000061a000000)
AC   0  F    TS     1 PTAMS 0x000000061a000000 NTAMS 0x000000061a000000 space 32768K,   0% used [0x000000061a000000, 0x000000061c000000)
AC   0  F    TS     1 PTAMS 0x000000061c000000 NTAMS 0x000000061c000000 space 32768K,   0% used [0x000000061c000000, 0x000000061e000000)
AC   0  F    TS     1 PTAMS 0x000000061e000000 NTAMS 0x000000061e000000 space 32768K,   0% used [0x000000061e000000, 0x0000000620000000)
AC   0  F    TS     1 PTAMS 0x0000000620000000 NTAMS 0x0000000620000000 space 32768K,   0% used [0x0000000620000000, 0x0000000622000000)
AC   0  F    TS     1 PTAMS 0x0000000622000000 NTAMS 0x0000000622000000 space 32768K,   0% used [0x0000000622000000, 0x0000000624000000)
AC   0  F    TS     1 PTAMS 0x0000000624000000 NTAMS 0x0000000624000000 space 32768K,   0% used [0x0000000624000000, 0x0000000626000000)
AC   0  F    TS     3 PTAMS 0x0000000626000000 NTAMS 0x0000000626000000 space 32768K,   0% used [0x0000000626000000, 0x0000000628000000)
AC   0  F    TS     3 PTAMS 0x0000000628000000 NTAMS 0x0000000628000000 space 32768K,   0% used [0x0000000628000000, 0x000000062a000000)
AC   0  F    TS     3 PTAMS 0x000000062a000000 NTAMS 0x000000062a000000 space 32768K,   0% used [0x000000062a000000, 0x000000062c000000)
AC   0  F    TS     3 PTAMS 0x000000062c000000 NTAMS 0x000000062c000000 space 32768K,   0% used [0x000000062c000000, 0x000000062e000000)
AC   0  F    TS     1 PTAMS 0x000000062e000000 NTAMS 0x000000062e000000 space 32768K,   0% used [0x000000062e000000, 0x0000000630000000)
AC   0  F    TS     1 PTAMS 0x0000000630000000 NTAMS 0x0000000630000000 space 32768K,   0% used [0x0000000630000000, 0x0000000632000000)
AC   0  F    TS     1 PTAMS 0x0000000632000000 NTAMS 0x0000000632000000 space 32768K,   0% used [0x0000000632000000, 0x0000000634000000)
AC   0  F    TS     1 PTAMS 0x0000000634000000 NTAMS 0x0000000634000000 space 32768K,   0% used [0x0000000634000000, 0x0000000636000000)
AC   0  F    TS     1 PTAMS 0x0000000636000000 NTAMS 0x0000000636000000 space 32768K,   0% used [0x0000000636000000, 0x0000000638000000)
AC   0  F    TS     1 PTAMS 0x0000000638000000 NTAMS 0x0000000638000000 space 32768K,   0% used [0x0000000638000000, 0x000000063a000000)
AC   0  F    TS     1 PTAMS 0x000000063a000000 NTAMS 0x000000063a000000 space 32768K,   0% used [0x000000063a000000, 0x000000063c000000)
AC   0  F    TS     1 PTAMS 0x000000063c000000 NTAMS 0x000000063c000000 space 32768K,   0% used [0x000000063c000000, 0x000000063e000000)
AC   0  F    TS     1 PTAMS 0x000000063e000000 NTAMS 0x000000063e000000 space 32768K,   0% used [0x000000063e000000, 0x0000000640000000)
AC   0  F    TS     1 PTAMS 0x0000000640000000 NTAMS 0x0000000640000000 space 32768K,   0% used [0x0000000640000000, 0x0000000642000000)
AC   0  F    TS     1 PTAMS 0x0000000642000000 NTAMS 0x0000000642000000 space 32768K,   0% used [0x0000000642000000, 0x0000000644000000)
AC   0  F    TS     1 PTAMS 0x0000000644000000 NTAMS 0x0000000644000000 space 32768K,   0% used [0x0000000644000000, 0x0000000646000000)
AC   0  F    TS     1 PTAMS 0x0000000646000000 NTAMS 0x0000000646000000 space 32768K,   0% used [0x0000000646000000, 0x0000000648000000)
AC   0  F    TS     1 PTAMS 0x0000000648000000 NTAMS 0x0000000648000000 space 32768K,   0% used [0x0000000648000000, 0x000000064a000000)
AC   0  F    TS     1 PTAMS 0x000000064a000000 NTAMS 0x000000064a000000 space 32768K,   0% used [0x000000064a000000, 0x000000064c000000)
AC   0  F    TS     1 PTAMS 0x000000064c000000 NTAMS 0x000000064c000000 space 32768K,   0% used [0x000000064c000000, 0x000000064e000000)
AC   0  F    TS     1 PTAMS 0x000000064e000000 NTAMS 0x000000064e000000 space 32768K,   0% used [0x000000064e000000, 0x0000000650000000)
AC   0  F    TS     1 PTAMS 0x0000000650000000 NTAMS 0x0000000650000000 space 32768K,   0% used [0x0000000650000000, 0x0000000652000000)
AC   0  F    TS     1 PTAMS 0x0000000652000000 NTAMS 0x0000000652000000 space 32768K,   0% used [0x0000000652000000, 0x0000000654000000)
AC   0  F    TS     1 PTAMS 0x0000000654000000 NTAMS 0x0000000654000000 space 32768K,   0% used [0x0000000654000000, 0x0000000656000000)
AC   0  F    TS     1 PTAMS 0x0000000656000000 NTAMS 0x0000000656000000 space 32768K,   0% used [0x0000000656000000, 0x0000000658000000)
AC   0  F    TS     1 PTAMS 0x0000000658000000 NTAMS 0x0000000658000000 space 32768K,   0% used [0x0000000658000000, 0x000000065a000000)
AC   0  F    TS     1 PTAMS 0x000000065a000000 NTAMS 0x000000065a000000 space 32768K,   0% used [0x000000065a000000, 0x000000065c000000)
AC   0  F    TS     3 PTAMS 0x000000065c000000 NTAMS 0x000000065c000000 space 32768K,   0% used [0x000000065c000000, 0x000000065e000000)
AC   0  F    TS     3 PTAMS 0x000000065e000000 NTAMS 0x000000065e000000 space 32768K,   0% used [0x000000065e000000, 0x0000000660000000)
AC   0  F    TS     3 PTAMS 0x0000000660000000 NTAMS 0x0000000660000000 space 32768K,   0% used [0x0000000660000000, 0x0000000662000000)
AC   0  F    TS     3 PTAMS 0x0000000662000000 NTAMS 0x0000000662000000 space 32768K,   0% used [0x0000000662000000, 0x0000000664000000)
AC   0  S CS TS     5 PTAMS 0x0000000664000000 NTAMS 0x0000000664000000 space 32768K, 100% used [0x0000000664000000, 0x0000000666000000)
AC   0  S CS TS     5 PTAMS 0x0000000666000000 NTAMS 0x0000000666000000 space 32768K, 100% used [0x0000000666000000, 0x0000000668000000)
AC   0  S CS TS     5 PTAMS 0x0000000668000000 NTAMS 0x0000000668000000 space 32768K, 100% used [0x0000000668000000, 0x000000066a000000)
AC   0  S CS TS     5 PTAMS 0x000000066a000000 NTAMS 0x000000066a000000 space 32768K, 100% used [0x000000066a000000, 0x000000066c000000)
AC   0  F    TS     3 PTAMS 0x000000066c000000 NTAMS 0x000000066c000000 space 32768K,   0% used [0x000000066c000000, 0x000000066e000000)
AC   0  F    TS     3 PTAMS 0x000000066e000000 NTAMS 0x000000066e000000 space 32768K,   0% used [0x000000066e000000, 0x0000000670000000)
AC   0  F    TS     3 PTAMS 0x0000000670000000 NTAMS 0x0000000670000000 space 32768K,   0% used [0x0000000670000000, 0x0000000672000000)
AC   0  F    TS     3 PTAMS 0x0000000672000000 NTAMS 0x0000000672000000 space 32768K,   0% used [0x0000000672000000, 0x0000000674000000)
AC   0  F    TS     3 PTAMS 0x0000000674000000 NTAMS 0x0000000674000000 space 32768K,   0% used [0x0000000674000000, 0x0000000676000000)
AC   0  F    TS     3 PTAMS 0x0000000676000000 NTAMS 0x0000000676000000 space 32768K,   0% used [0x0000000676000000, 0x0000000678000000)
AC   0  F    TS     3 PTAMS 0x0000000678000000 NTAMS 0x0000000678000000 space 32768K,   0% used [0x0000000678000000, 0x000000067a000000)
AC   0  F    TS     3 PTAMS 0x000000067a000000 NTAMS 0x000000067a000000 space 32768K,   0% used [0x000000067a000000, 0x000000067c000000)
AC   0  F    TS     3 PTAMS 0x000000067c000000 NTAMS 0x000000067c000000 space 32768K,   0% used [0x000000067c000000, 0x000000067e000000)
AC   0  F    TS     3 PTAMS 0x000000067e000000 NTAMS 0x000000067e000000 space 32768K,   0% used [0x000000067e000000, 0x0000000680000000)
AC   0  F    TS     3 PTAMS 0x0000000680000000 NTAMS 0x0000000680000000 space 32768K,   0% used [0x0000000680000000, 0x0000000682000000)
AC   0  F    TS     3 PTAMS 0x0000000682000000 NTAMS 0x0000000682000000 space 32768K,   0% used [0x0000000682000000, 0x0000000684000000)
AC   0  F    TS     3 PTAMS 0x0000000684000000 NTAMS 0x0000000684000000 space 32768K,   0% used [0x0000000684000000, 0x0000000686000000)
AC   0  F    TS     3 PTAMS 0x0000000686000000 NTAMS 0x0000000686000000 space 32768K,   0% used [0x0000000686000000, 0x0000000688000000)
AC   0  F    TS     3 PTAMS 0x0000000688000000 NTAMS 0x0000000688000000 space 32768K,   0% used [0x0000000688000000, 0x000000068a000000)
AC   0  F    TS     3 PTAMS 0x000000068a000000 NTAMS 0x000000068a000000 space 32768K,   0% used [0x000000068a000000, 0x000000068c000000)
AC   0  F    TS     3 PTAMS 0x000000068c000000 NTAMS 0x000000068c000000 space 32768K,   0% used [0x000000068c000000, 0x000000068e000000)
AC   0  F    TS     3 PTAMS 0x000000068e000000 NTAMS 0x000000068e000000 space 32768K,   0% used [0x000000068e000000, 0x0000000690000000)
AC   0  F    TS     3 PTAMS 0x0000000690000000 NTAMS 0x0000000690000000 space 32768K,   0% used [0x0000000690000000, 0x0000000692000000)
AC   0  F    TS     3 PTAMS 0x0000000692000000 NTAMS 0x0000000692000000 space 32768K,   0% used [0x0000000692000000, 0x0000000694000000)
AC   0  F    TS     3 PTAMS 0x0000000694000000 NTAMS 0x0000000694000000 space 32768K,   0% used [0x0000000694000000, 0x0000000696000000)
AC   0  F    TS     3 PTAMS 0x0000000696000000 NTAMS 0x0000000696000000 space 32768K,   0% used [0x0000000696000000, 0x0000000698000000)
AC   0  F    TS     3 PTAMS 0x0000000698000000 NTAMS 0x0000000698000000 space 32768K,   0% used [0x0000000698000000, 0x000000069a000000)
AC   0  F    TS     3 PTAMS 0x000000069a000000 NTAMS 0x000000069a000000 space 32768K,   0% used [0x000000069a000000, 0x000000069c000000)
AC   0  F    TS     3 PTAMS 0x000000069c000000 NTAMS 0x000000069c000000 space 32768K,   0% used [0x000000069c000000, 0x000000069e000000)
AC   0  F    TS     3 PTAMS 0x000000069e000000 NTAMS 0x000000069e000000 space 32768K,   0% used [0x000000069e000000, 0x00000006a0000000)
AC   0  F    TS     3 PTAMS 0x00000006a0000000 NTAMS 0x00000006a0000000 space 32768K,   0% used [0x00000006a0000000, 0x00000006a2000000)
AC   0  F    TS     3 PTAMS 0x00000006a2000000 NTAMS 0x00000006a2000000 space 32768K,   0% used [0x00000006a2000000, 0x00000006a4000000)

Card table byte_map: [0x00000000149a0000,0x0000000015cb0000] byte_map_base: 0x0000000011eb0000

Marking Bits (Prev, Next): (CMBitMap*) 0x00000000028e5bb0, (CMBitMap*) 0x00000000028e5b58
 Prev Bits: [0x0000000020840000, 0x000000002a0c0000)
 Next Bits: [0x0000000016fc0000, 0x0000000020840000)

Polling page: 0x0000000000e50000

CodeCache: size=245760Kb used=21858Kb max_used=21881Kb free=223901Kb
 bounds [0x0000000002950000, 0x0000000003f00000, 0x0000000011950000]
 total_blobs=6404 nmethods=5577 adapters=738
 compilation: enabled

Compilation events (10 events):
Event: 67.226 Thread 0x000000002ec16800 nmethod 8177 0x0000000003582ed0 code [0x0000000003583020, 0x0000000003583130]
Event: 67.227 Thread 0x000000002ec16800 8178   !   3       java.io.PrintStream::write (69 bytes)
Event: 67.228 Thread 0x000000002ec16800 nmethod 8178 0x00000000032f35d0 code [0x00000000032f37a0, 0x00000000032f3f18]
Event: 67.228 Thread 0x000000002ec16800 8179       3       org.apache.logging.log4j.core.layout.PatternLayout$NoFormatPatternSerializer::toSerializable (40 bytes)
Event: 67.228 Thread 0x000000002ec16800 nmethod 8179 0x0000000003202ed0 code [0x0000000003203040, 0x0000000003203368]
Event: 67.242 Thread 0x000000002ec16000 8180       4       org.objectweb.asm.ClassWriter::<init> (117 bytes)
Event: 67.245 Thread 0x000000002ec11000 8181   !   4       net.minecraftforge.fml.common.patcher.ClassPatchManager::applyPatch (571 bytes)
Event: 67.261 Thread 0x000000002ec16000 nmethod 8180 0x0000000002bc3150 code [0x0000000002bc3300, 0x0000000002bc3d98]
Event: 67.285 Thread 0x000000002ec12000 8182       4       java.util.IdentityHashMap::hash (18 bytes)
Event: 67.286 Thread 0x000000002ec12000 nmethod 8182 0x00000000032f3350 code [0x00000000032f34a0, 0x00000000032f3548]

GC Heap History (10 events):
Event: 37.011 GC heap after
Heap after GC invocations=53 (full 0):
 garbage-first heap   total 1114112K, used 888871K [0x000000055e000000, 0x0000000560000110, 0x00000007c0000000)
  region size 32768K, 1 young (32768K), 1 survivors (32768K)
 Metaspace       used 59260K, capacity 60081K, committed 60672K, reserved 1101824K
  class space    used 8125K, capacity 8337K, committed 8448K, reserved 1048576K
}
Event: 37.438 GC heap before
{Heap before GC invocations=53 (full 0):
 garbage-first heap   total 1114112K, used 1052711K [0x000000055e000000, 0x0000000560000110, 0x00000007c0000000)
  region size 32768K, 6 young (196608K), 1 survivors (32768K)
 Metaspace       used 59269K, capacity 60113K, committed 60672K, reserved 1101824K
  class space    used 8127K, capacity 8369K, committed 8448K, reserved 1048576K
Event: 37.514 GC heap after
Heap after GC invocations=54 (full 0):
 garbage-first heap   total 1212416K, used 975918K [0x000000055e000000, 0x0000000560000128, 0x00000007c0000000)
  region size 32768K, 1 young (32768K), 1 survivors (32768K)
 Metaspace       used 59269K, capacity 60113K, committed 60672K, reserved 1101824K
  class space    used 8127K, capacity 8369K, committed 8448K, reserved 1048576K
}
Event: 38.104 GC heap before
{Heap before GC invocations=54 (full 0):
 garbage-first heap   total 1212416K, used 1172526K [0x000000055e000000, 0x0000000560000128, 0x00000007c0000000)
  region size 32768K, 7 young (229376K), 1 survivors (32768K)
 Metaspace       used 59269K, capacity 60113K, committed 60672K, reserved 1101824K
  class space    used 8127K, capacity 8369K, committed 8448K, reserved 1048576K
Event: 38.201 GC heap after
Heap after GC invocations=55 (full 0):
 garbage-first heap   total 2686976K, used 1068443K [0x000000055e000000, 0x0000000560000290, 0x00000007c0000000)
  region size 32768K, 1 young (32768K), 1 survivors (32768K)
 Metaspace       used 59269K, capacity 60113K, committed 60672K, reserved 1101824K
  class space    used 8127K, capacity 8369K, committed 8448K, reserved 1048576K
}
Event: 39.961 GC heap before
{Heap before GC invocations=56 (full 0):
 garbage-first heap   total 2686976K, used 1559963K [0x000000055e000000, 0x0000000560000290, 0x00000007c0000000)
  region size 32768K, 16 young (524288K), 1 survivors (32768K)
 Metaspace       used 59269K, capacity 60113K, committed 60672K, reserved 1101824K
  class space    used 8127K, capacity 8369K, committed 8448K, reserved 1048576K
Event: 40.200 GC heap after
Heap after GC invocations=57 (full 0):
 garbage-first heap   total 4161536K, used 1226365K [0x000000055e000000, 0x00000005600003f8, 0x00000007c0000000)
  region size 32768K, 2 young (65536K), 2 survivors (65536K)
 Metaspace       used 59269K, capacity 60113K, committed 60672K, reserved 1101824K
  class space    used 8127K, capacity 8369K, committed 8448K, reserved 1048576K
}
Event: 43.997 GC heap before
{Heap before GC invocations=57 (full 0):
 garbage-first heap   total 4161536K, used 1980029K [0x000000055e000000, 0x00000005600003f8, 0x00000007c0000000)
  region size 32768K, 25 young (819200K), 2 survivors (65536K)
 Metaspace       used 59269K, capacity 60113K, committed 60672K, reserved 1101824K
  class space    used 8127K, capacity 8369K, committed 8448K, reserved 1048576K
Event: 44.421 GC heap after
Heap after GC invocations=58 (full 0):
 garbage-first heap   total 5341184K, used 1407784K [0x000000055e000000, 0x0000000560000518, 0x00000007c0000000)
  region size 32768K, 4 young (131072K), 4 survivors (131072K)
 Metaspace       used 59269K, capacity 60113K, committed 60672K, reserved 1101824K
  class space    used 8127K, capacity 8369K, committed 8448K, reserved 1048576K
}
Event: 67.296 GC heap before
{Heap before GC invocations=58 (full 0):
 garbage-first heap   total 5341184K, used 2351010K [0x000000055e000000, 0x0000000560000518, 0x00000007c0000000)
  region size 32768K, 32 young (1048576K), 4 survivors (131072K)
 Metaspace       used 60008K, capacity 60819K, committed 61312K, reserved 1101824K
  class space    used 8266K, capacity 8498K, committed 8576K, reserved 1048576K

Deoptimization events (10 events):
Event: 45.215 Thread 0x0000000002854000 Uncommon trap: reason=unstable_if action=reinterpret pc=0x0000000003053548 method=com.mia.craftstudio.utils.ImageIOCS.generateMipmapData(II[[I)[[I @ 125
Event: 45.350 Thread 0x0000000002854000 Uncommon trap: reason=unstable_if action=reinterpret pc=0x00000000035a7dbc method=gnu.trove.map.hash.TDoubleFloatHashMap.rehash(I)V @ 52
Event: 66.720 Thread 0x0000000002854000 Uncommon trap: reason=null_check action=make_not_entrant pc=0x000000000325e110 method=java.util.Formatter$FormatSpecifier.printString(Ljava/lang/Object;Ljava/util/Locale;)V @ 1
Event: 66.737 Thread 0x0000000002854000 Uncommon trap: reason=unstable_if action=reinterpret pc=0x000000000315d690 method=java.io.ExpiringCache.entryFor(Ljava/lang/String;)Ljava/io/ExpiringCache$Entry; @ 39
Event: 66.737 Thread 0x0000000002854000 Uncommon trap: reason=unstable_if action=reinterpret pc=0x000000000316dff8 method=java.io.ExpiringCache.entryFor(Ljava/lang/String;)Ljava/io/ExpiringCache$Entry; @ 39
Event: 66.836 Thread 0x0000000002854000 Uncommon trap: reason=unstable_if action=reinterpret pc=0x00000000032b952c method=net.minecraftforge.fml.common.ProgressManager$ProgressBar.step(Ljava/lang/String;)V @ 45
Event: 66.837 Thread 0x0000000002854000 Uncommon trap: reason=speculate_class_check action=maybe_recompile pc=0x0000000003a46654 method=java.util.RegularEnumSet.contains(Ljava/lang/Object;)Z @ 38
Event: 66.837 Thread 0x0000000002854000 Uncommon trap: reason=speculate_class_check action=maybe_recompile pc=0x0000000003a46654 method=java.util.RegularEnumSet.contains(Ljava/lang/Object;)Z @ 38
Event: 67.063 Thread 0x0000000002854000 Uncommon trap: reason=speculate_class_check action=maybe_recompile pc=0x0000000003a46654 method=java.util.RegularEnumSet.contains(Ljava/lang/Object;)Z @ 38
Event: 67.063 Thread 0x0000000002854000 Uncommon trap: reason=speculate_class_check action=maybe_recompile pc=0x0000000003a46654 method=java.util.RegularEnumSet.contains(Ljava/lang/Object;)Z @ 38

Internal exceptions (10 events):
Event: 27.980 Thread 0x0000000034d2f000 Implicit null exception at 0x0000000003157cf9 to 0x0000000003157e6d
Event: 28.985 Thread 0x0000000002854000 Implicit null exception at 0x0000000002e9ffb9 to 0x0000000002ea0159
Event: 29.519 Thread 0x0000000002854000 Implicit null exception at 0x0000000002ea1c79 to 0x0000000002ea1e21
Event: 30.905 Thread 0x0000000002854000 Implicit null exception at 0x0000000002fc8beb to 0x0000000002fc9005
Event: 30.905 Thread 0x0000000002854000 Implicit null exception at 0x0000000002fc811e to 0x0000000002fc84b5
Event: 32.369 Thread 0x0000000034d2f000 Exception <a 'java/security/PrivilegedActionException'> (0x0000000591d6b8e0) thrown at [C:\re\workspace\8-2-build-windows-amd64-cygwin\jdk8u51\3951\hotspot\src\share\vm\prims\jvm.cpp, line 1382]
Event: 32.370 Thread 0x0000000034d2f000 Exception <a 'java/security/PrivilegedActionException'> (0x0000000591d6bf80) thrown at [C:\re\workspace\8-2-build-windows-amd64-cygwin\jdk8u51\3951\hotspot\src\share\vm\prims\jvm.cpp, line 1382]
Event: 32.505 Thread 0x0000000034d2f000 Exception <a 'java/security/PrivilegedActionException'> (0x0000000594d8b588) thrown at [C:\re\workspace\8-2-build-windows-amd64-cygwin\jdk8u51\3951\hotspot\src\share\vm\prims\jvm.cpp, line 1382]
Event: 32.505 Thread 0x0000000034d2f000 Exception <a 'java/security/PrivilegedActionException'> (0x0000000594d8baa8) thrown at [C:\re\workspace\8-2-build-windows-amd64-cygwin\jdk8u51\3951\hotspot\src\share\vm\prims\jvm.cpp, line 1382]
Event: 66.720 Thread 0x0000000002854000 Implicit null exception at 0x000000000325e1bc to 0x000000000325e0e5

Events (10 events):
Event: 67.269 loading class fr/fifou/economy/packets/PacketSellerFundsTotal done
Event: 67.272 loading class fr/fifou/economy/packets/PacketCardChangeSeller$Handler
Event: 67.272 loading class fr/fifou/economy/packets/PacketCardChangeSeller$Handler done
Event: 67.282 loading class fr/fifou/economy/packets/PacketCardChangeSeller
Event: 67.282 loading class fr/fifou/economy/packets/PacketCardChangeSeller done
Event: 67.285 loading class fr/fifou/economy/packets/PacketListNBT$Handler
Event: 67.285 loading class fr/fifou/economy/packets/PacketListNBT$Handler done
Event: 67.293 loading class fr/fifou/economy/packets/PacketListNBT
Event: 67.293 loading class fr/fifou/economy/packets/PacketListNBT done
Event: 67.296 Executing VM operation: G1IncCollectionPause


Dynamic libraries:
0x00007ff773800000 - 0x00007ff773837000 	C:\Users\HP\AppData\Roaming\.minecraft\runtime\jre-legacy\windows\jre-legacy\bin\javaw.exe
0x00007ffd54870000 - 0x00007ffd54a87000 	C:\WINDOWS\SYSTEM32\ntdll.dll
0x00007ffd527d0000 - 0x00007ffd52894000 	C:\WINDOWS\System32\KERNEL32.DLL
0x00007ffd51de0000 - 0x00007ffd5218d000 	C:\WINDOWS\System32\KERNELBASE.dll
0x00007ffd54770000 - 0x00007ffd54822000 	C:\WINDOWS\System32\ADVAPI32.dll
0x00007ffd53180000 - 0x00007ffd53227000 	C:\WINDOWS\System32\msvcrt.dll
0x00007ffd52e00000 - 0x00007ffd52ea9000 	C:\WINDOWS\System32\sechost.dll
0x00007ffd52190000 - 0x00007ffd521b8000 	C:\WINDOWS\System32\bcrypt.dll
0x00007ffd535c0000 - 0x00007ffd536d4000 	C:\WINDOWS\System32\RPCRT4.dll
0x00007ffd525a0000 - 0x00007ffd5274e000 	C:\WINDOWS\System32\USER32.dll
0x00007ffd521c0000 - 0x00007ffd521e6000 	C:\WINDOWS\System32\win32u.dll
0x00007ffd52eb0000 - 0x00007ffd52ed9000 	C:\WINDOWS\System32\GDI32.dll
0x00007ffd52310000 - 0x00007ffd52429000 	C:\WINDOWS\System32\gdi32full.dll
0x00007ffd51c00000 - 0x00007ffd51c9a000 	C:\WINDOWS\System32\msvcp_win.dll
0x00007ffd521f0000 - 0x00007ffd52301000 	C:\WINDOWS\System32\ucrtbase.dll
0x00007ffd35020000 - 0x00007ffd352b3000 	C:\WINDOWS\WinSxS\amd64_microsoft.windows.common-controls_6595b64144ccf1df_6.0.22621.3672_none_2713b9d173822955\COMCTL32.dll
0x00007ffd52fe0000 - 0x00007ffd53011000 	C:\WINDOWS\System32\IMM32.DLL
0x000000005c720000 - 0x000000005c7f2000 	C:\Users\HP\AppData\Roaming\.minecraft\runtime\jre-legacy\windows\jre-legacy\bin\msvcr100.dll
0x000000005be90000 - 0x000000005c713000 	C:\Users\HP\AppData\Roaming\.minecraft\runtime\jre-legacy\windows\jre-legacy\bin\server\jvm.dll
0x00007ffd53230000 - 0x00007ffd53238000 	C:\WINDOWS\System32\PSAPI.DLL
0x00007ffd48c40000 - 0x00007ffd48c74000 	C:\WINDOWS\SYSTEM32\WINMM.dll
0x00007ffd27670000 - 0x00007ffd27679000 	C:\WINDOWS\SYSTEM32\WSOCK32.dll
0x00007ffd46ef0000 - 0x00007ffd46efa000 	C:\WINDOWS\SYSTEM32\VERSION.dll
0x00007ffd52750000 - 0x00007ffd527c1000 	C:\WINDOWS\System32\WS2_32.dll
0x000000005be80000 - 0x000000005be8f000 	C:\Users\HP\AppData\Roaming\.minecraft\runtime\jre-legacy\windows\jre-legacy\bin\verify.dll
0x000000005be50000 - 0x000000005be79000 	C:\Users\HP\AppData\Roaming\.minecraft\runtime\jre-legacy\windows\jre-legacy\bin\java.dll
0x000000005be30000 - 0x000000005be46000 	C:\Users\HP\AppData\Roaming\.minecraft\runtime\jre-legacy\windows\jre-legacy\bin\zip.dll
0x00007ffd53d50000 - 0x00007ffd545b8000 	C:\WINDOWS\System32\SHELL32.dll
0x00007ffd4fa00000 - 0x00007ffd502fe000 	C:\WINDOWS\SYSTEM32\windows.storage.dll
0x00007ffd52a60000 - 0x00007ffd52ded000 	C:\WINDOWS\System32\combase.dll
0x00007ffd4f8c0000 - 0x00007ffd4f9ff000 	C:\WINDOWS\SYSTEM32\wintypes.dll
0x00007ffd52ee0000 - 0x00007ffd52fd9000 	C:\WINDOWS\System32\SHCORE.dll
0x00007ffd53320000 - 0x00007ffd5337e000 	C:\WINDOWS\System32\shlwapi.dll
0x00007ffd51ac0000 - 0x00007ffd51ae1000 	C:\WINDOWS\SYSTEM32\profapi.dll
0x000000005be20000 - 0x000000005be2d000 	C:\Users\HP\AppData\Roaming\.minecraft\runtime\jre-legacy\windows\jre-legacy\bin\management.dll
0x000000005be00000 - 0x000000005be1a000 	C:\Users\HP\AppData\Roaming\.minecraft\runtime\jre-legacy\windows\jre-legacy\bin\net.dll
0x00007ffd50f50000 - 0x00007ffd50fb9000 	C:\WINDOWS\system32\mswsock.dll
0x00007ffd34a80000 - 0x00007ffd34a97000 	C:\WINDOWS\system32\napinsp.dll
0x00007ffd33520000 - 0x00007ffd3353b000 	C:\WINDOWS\system32\pnrpnsp.dll
0x00007ffd505d0000 - 0x00007ffd506c8000 	C:\WINDOWS\SYSTEM32\DNSAPI.dll
0x00007ffd50560000 - 0x00007ffd5058d000 	C:\WINDOWS\SYSTEM32\IPHLPAPI.DLL
0x00007ffd53430000 - 0x00007ffd53439000 	C:\WINDOWS\System32\NSI.dll
0x00007ffcecbf0000 - 0x00007ffcecc01000 	C:\WINDOWS\System32\winrnr.dll
0x00007ffd20ec0000 - 0x00007ffd20ed5000 	C:\WINDOWS\system32\wshbth.dll
0x00007ffce4b70000 - 0x00007ffce4b97000 	C:\WINDOWS\system32\nlansp_c.dll
0x00007ffd48630000 - 0x00007ffd486b3000 	C:\WINDOWS\System32\fwpuclnt.dll
0x00007ffd37340000 - 0x00007ffd3734a000 	C:\Windows\System32\rasadhlp.dll
0x000000005bde0000 - 0x000000005bdf1000 	C:\Users\HP\AppData\Roaming\.minecraft\runtime\jre-legacy\windows\jre-legacy\bin\nio.dll
0x00007ffd512a0000 - 0x00007ffd512bb000 	C:\WINDOWS\SYSTEM32\CRYPTSP.dll
0x00007ffd50a50000 - 0x00007ffd50a85000 	C:\WINDOWS\system32\rsaenh.dll
0x00007ffd50ff0000 - 0x00007ffd51018000 	C:\WINDOWS\SYSTEM32\USERENV.dll
0x00007ffd51ca0000 - 0x00007ffd51d1b000 	C:\WINDOWS\System32\bcryptprimitives.dll
0x00007ffd51280000 - 0x00007ffd5128c000 	C:\WINDOWS\SYSTEM32\CRYPTBASE.dll
0x00007ffd494b0000 - 0x00007ffd494c9000 	C:\WINDOWS\SYSTEM32\dhcpcsvc6.DLL
0x00007ffd490a0000 - 0x00007ffd490bf000 	C:\WINDOWS\SYSTEM32\dhcpcsvc.DLL
0x000000005bdc0000 - 0x000000005bdd7000 	C:\Users\HP\AppData\Roaming\.minecraft\runtime\jre-legacy\windows\jre-legacy\bin\unpack.dll
0x0000000180000000 - 0x0000000180053000 	C:\Users\HP\AppData\Roaming\.minecraft\versions\tmp mc forge 1122\natives\lwjgl64.dll
0x00007ffd20d70000 - 0x00007ffd20e70000 	C:\WINDOWS\SYSTEM32\OPENGL32.dll
0x00007ffd25d20000 - 0x00007ffd25d4d000 	C:\WINDOWS\SYSTEM32\GLU32.dll
0x00007ffd4ec50000 - 0x00007ffd4ec87000 	C:\WINDOWS\SYSTEM32\dxcore.dll
0x000000005bc20000 - 0x000000005bdb8000 	C:\Users\HP\AppData\Roaming\.minecraft\runtime\jre-legacy\windows\jre-legacy\bin\awt.dll
0x00007ffd53790000 - 0x00007ffd53867000 	C:\WINDOWS\System32\OLEAUT32.dll
0x00007ffd40830000 - 0x00007ffd408c7000 	C:\WINDOWS\SYSTEM32\apphelp.dll
0x00007ffd49df0000 - 0x00007ffd49ead000 	C:\WINDOWS\SYSTEM32\mscms.dll
0x00007ffd50af0000 - 0x00007ffd50b08000 	C:\WINDOWS\SYSTEM32\kernel.appcore.dll
0x00007ffd53380000 - 0x00007ffd53430000 	C:\WINDOWS\System32\clbcatq.dll
0x00007ffd3aee0000 - 0x00007ffd3af2e000 	C:\Windows\System32\Windows.Internal.Graphics.Display.DisplayColorManagement.dll
0x00007ffd51770000 - 0x00007ffd517be000 	C:\WINDOWS\SYSTEM32\cfgmgr32.dll
0x00007ffd4eb40000 - 0x00007ffd4ebf0000 	C:\WINDOWS\system32\uxtheme.dll
0x00007ffd53020000 - 0x00007ffd5317b000 	C:\WINDOWS\System32\MSCTF.dll
0x00007ffd3d640000 - 0x00007ffd3d78e000 	C:\WINDOWS\SYSTEM32\textinputframework.dll
0x00007ffd40180000 - 0x00007ffd402b3000 	C:\WINDOWS\SYSTEM32\CoreMessaging.dll
0x00007ffd3ec10000 - 0x00007ffd3ef7d000 	C:\WINDOWS\SYSTEM32\CoreUIComponents.dll
0x00007ffd28160000 - 0x00007ffd281c9000 	C:\WINDOWS\system32\Oleacc.dll
0x00007ffd3eba0000 - 0x00007ffd3ebe9000 	C:\WINDOWS\SYSTEM32\directxdatabasehelper.dll
0x00007ffd46f20000 - 0x00007ffd47062000 	C:\Windows\System32\AppXDeploymentClient.dll
0x00007ffcbab40000 - 0x00007ffcbbb45000 	C:\WINDOWS\System32\DriverStore\FileRepository\iigd_dch.inf_amd64_14a5bb6045f923bf\ig9icd64.dll
0x00007ffd545c0000 - 0x00007ffd54765000 	C:\WINDOWS\System32\ole32.dll
0x00007ffd4edb0000 - 0x00007ffd4eddb000 	C:\WINDOWS\system32\dwmapi.dll
0x00007ffd4ec90000 - 0x00007ffd4ed87000 	C:\WINDOWS\system32\dxgi.dll
0x00007ffd25800000 - 0x00007ffd25c1a000 	C:\WINDOWS\System32\DriverStore\FileRepository\iigd_dch.inf_amd64_14a5bb6045f923bf\igdml64.dll
0x00007ffd3ac50000 - 0x00007ffd3aed1000 	C:\WINDOWS\System32\DriverStore\FileRepository\iigd_dch.inf_amd64_14a5bb6045f923bf\igdgmm64.dll
0x00007ffd26560000 - 0x00007ffd269a5000 	C:\WINDOWS\SYSTEM32\uiautomationcore.dll
0x00007ffd24e00000 - 0x00007ffd24e4a000 	C:\WINDOWS\SYSTEM32\icm32.dll
0x00007ffd2ba70000 - 0x00007ffd2babb000 	C:\WINDOWS\system32\ApplicationTargetedFeatureDatabase.dll
0x00007ffd494d0000 - 0x00007ffd4975a000 	C:\Windows\System32\twinapi.appcore.dll
0x00007ffd37e00000 - 0x00007ffd3ac44000 	C:\WINDOWS\System32\DriverStore\FileRepository\iigd_dch.inf_amd64_14a5bb6045f923bf\igc64.dll
0x00007ffd51810000 - 0x00007ffd5185d000 	C:\WINDOWS\SYSTEM32\powrprof.dll
0x00007ffd517f0000 - 0x00007ffd51803000 	C:\WINDOWS\SYSTEM32\UMPDC.dll
0x00007ffd26190000 - 0x00007ffd261d2000 	C:\Users\HP\AppData\Local\Temp\jna-2312\jna2418067091214413040.dll
0x000000005bbf0000 - 0x000000005bc14000 	C:\Users\HP\AppData\Roaming\.minecraft\runtime\jre-legacy\windows\jre-legacy\bin\sunec.dll
0x00007ffd4f3b0000 - 0x00007ffd4f5e2000 	C:\WINDOWS\SYSTEM32\dbghelp.dll

VM Arguments:
jvm_args: -Dos.name=Windows 10 -Dos.version=10.0 -Djava.library.path=C:\Users\HP\AppData\Roaming\.minecraft\versions\tmp mc forge 1122\natives -Xmx9760M -XX:+UnlockExperimentalVMOptions -XX:+UseG1GC -XX:G1NewSizePercent=20 -XX:G1ReservePercent=20 -XX:MaxGCPauseMillis=50 -XX:G1HeapRegionSize=32M -Dfml.ignoreInvalidMinecraftCertificates=true -Dfml.ignorePatchDiscrepancies=true -Djava.net.preferIPv4Stack=true -Dminecraft.applet.TargetDirectory=C:\Users\HP\AppData\Roaming\.minecraft\versions\tmp mc forge 1122 -DlibraryDirectory=C:\Users\HP\AppData\Roaming\.minecraft\libraries -Dlog4j.configurationFile=C:\Users\HP\AppData\Roaming\.minecraft\assets\log_configs\client-1.12.xml -DLibLoader.modsFolder=C:\Users\HP\AppData\Roaming\.minecraft\versions\tmp mc forge 1122\mods 
java_command: net.minecraft.launchwrapper.Launch --username kitsumecat --version tmp mc forge 1122 --gameDir C:\Users\HP\AppData\Roaming\.minecraft\versions\tmp mc forge 1122 --assetsDir C:\Users\HP\AppData\Roaming\.minecraft\assets --assetIndex 1.12 --uuid 846fd2e1f554484f8a7e1b0ae1ddd26d --accessToken null --userType mojang --tweakClass net.minecraftforge.fml.common.launcher.FMLTweaker --versionType Forge --width 925 --height 530
java_class_path (initial): C:\Users\HP\AppData\Roaming\.minecraft\libraries\net\minecraftforge\forge\1.12.2-14.23.5.2859\forge-1.12.2-14.23.5.2859.jar;C:\Users\HP\AppData\Roaming\.minecraft\libraries\org\ow2\asm\asm-debug-all\5.2\asm-debug-all-5.2.jar;C:\Users\HP\AppData\Roaming\.minecraft\libraries\net\minecraft\launchwrapper\1.12\launchwrapper-1.12.jar;C:\Users\HP\AppData\Roaming\.minecraft\libraries\org\jline\jline\3.5.1\jline-3.5.1.jar;C:\Users\HP\AppData\Roaming\.minecraft\libraries\com\typesafe\akka\akka-actor_2.11\2.3.3\akka-actor_2.11-2.3.3.jar;C:\Users\HP\AppData\Roaming\.minecraft\libraries\com\typesafe\config\1.2.1\config-1.2.1.jar;C:\Users\HP\AppData\Roaming\.minecraft\libraries\org\scala-lang\scala-actors-migration_2.11\1.1.0\scala-actors-migration_2.11-1.1.0.jar;C:\Users\HP\AppData\Roaming\.minecraft\libraries\org\scala-lang\scala-compiler\2.11.1\scala-compiler-2.11.1.jar;C:\Users\HP\AppData\Roaming\.minecraft\libraries\org\scala-lang\plugins\scala-continuations-library_2.11\1.0.2_mc\scala-continuations-library_2.11-1.0.2_mc.jar;C:\Users\HP\AppData\Roaming\.minecraft\libraries\org\scala-lang\plugins\scala-continuations-plugin_2.11.1\1.0.2_mc\scala-continuations-plugin_2.11.1-1.0.2_mc.jar;C:\Users\HP\AppData\Roaming\.minecraft\libraries\org\scala-lang\scala-library\2.11.1\scala-library-2.11.1.jar;C:\Users\HP\AppData\Roaming\.minecraft\libraries\org\scala-lang\scala-parser-combinators_2.11\1.0.1\scala-parser-combinators_2.11-1.0.1.jar;C:\Users\HP\AppData\Roaming\.minecraft\libraries\org\scala-lang\scala-reflect\2.11.1\scala-reflect-2.11.1.jar;C:\Users\HP\AppData\Roaming\.minecraft\libraries\org\scala-lang\scala-swing_2.11\1.0.1\scala-swing_2.11-1.0.1.jar;C:\Users\HP\AppData\Roaming\.minecraft\libraries\org\scala-lang\scala-xml_2.11\1.0.2\scala-xml_2.11-1.0.2.jar;C:\Users\HP\AppData\Roaming\.minecraft\libraries\lzma\lzma\0.0.1\lzma-0.0.1.jar;C:\Users\HP\AppData\Roaming\.minecraft\libraries\java3d\vecmath\1.5.2\vecmath-1.5.2.jar;C:\Users\HP\AppData\Roami
Launcher Type: SUN_STANDARD

Environment Variables:
PATH=C:\Program Files (x86)\Common Files\Intel\Shared Libraries\redist\intel64\compiler;C:\Program Files\Common Files\Oracle\Java\javapath;C:\Program Files (x86)\Common Files\Oracle\Java\javapath;D:\Software\VMware\bin\;C:\WINDOWS\system32;C:\WINDOWS;C:\WINDOWS\System32\Wbem;C:\WINDOWS\System32\WindowsPowerShell\v1.0\;C:\WINDOWS\System32\OpenSSH\;C:\Program Files\dotnet\;D:\Software\GIT\cmd;D:\Software\node.js\;C:\Program Files\Microsoft SQL Server\150\Tools\Binn\;C:\Program Files\Microsoft SQL Server\Client SDK\ODBC\170\Tools\Binn\;C:\Users\HP\AppData\Local\Programs\Python\Launcher\;C:\Users\HP\AppData\Local\Microsoft\WindowsApps;;C:\Users\HP\AppData\Local\Programs\oh-my-posh\bin;C:\Users\HP\AppData\Roaming\npm;C:\Users\HP\AppData\Roaming\Programs\Zero Install;C:\Users\HP\.dotnet\tools;C:\Program Files\Java\jre-1.8\bin
USERNAME=HP
OS=Windows_NT
PROCESSOR_IDENTIFIER=Intel64 Family 6 Model 142 Stepping 12, GenuineIntel



---------------  S Y S T E M  ---------------

OS: Windows 10.0 , 64 bit Build 22621 (10.0.22621.3958)

CPU:total 8 (4 cores per cpu, 2 threads per core) family 6 model 142 stepping 12, cmov, cx8, fxsr, mmx, sse, sse2, sse3, ssse3, sse4.1, sse4.2, popcnt, avx, avx2, aes, clmul, erms, 3dnowpref, lzcnt, ht, tsc, tscinvbit, bmi1, bmi2, adx

Memory: 4k page, physical 12365300k(279012k free), swap 21637072k(421948k free)

vm_info: Java HotSpot(TM) 64-Bit Server VM (25.51-b03) for windows-amd64 JRE (1.8.0_51-b16), built on Jun  8 2015 18:03:07 by "java_re" with MS VC++ 10.0 (VS2010)

time: Fri Aug 23 14:32:49 2024
elapsed time: 67 seconds (0d 0h 1m 7s)

