#
# There is insufficient memory for the Java Runtime Environment to continue.
# Native memory allocation (malloc) failed to allocate 131088 bytes for Chunk::new
# Possible reasons:
#   The system is out of physical RAM or swap space
#   In 32 bit mode, the process size limit was hit
# Possible solutions:
#   Reduce memory load on the system
#   Increase physical memory or swap space
#   Check if swap backing store is full
#   Use 64 bit Java on a 64 bit OS
#   Decrease Java heap size (-Xmx/-Xms)
#   Decrease number of Java threads
#   Decrease Java thread stack sizes (-Xss)
#   Set larger code cache with -XX:ReservedCodeCacheSize=
# This output file may be truncated or incomplete.
#
#  Out of Memory Error (allocation.cpp:390), pid=21400, tid=15780
#
# JRE version: Java(TM) SE Runtime Environment (8.0_51-b16) (build 1.8.0_51-b16)
# Java VM: Java HotSpot(TM) 64-Bit Server VM (25.51-b03 mixed mode windows-amd64 compressed oops)
# Failed to write core dump. Minidumps are not enabled by default on client versions of Windows
#

---------------  T H R E A D  ---------------

Current thread (0x000000001d907800):  JavaThread "C2 CompilerThread0" daemon [_thread_in_native, id=15780, stack(0x000000001ede0000,0x000000001eee0000)]

Stack: [0x000000001ede0000,0x000000001eee0000]
Native frames: (J=compiled Java code, j=interpreted, Vv=VM code, C=native code)
V  [jvm.dll+0x32b4ca]


Current CompileTask:
C2: 149534 10782   !   4       com.sun.imageio.plugins.png.PNGImageReader::decodePass (1201 bytes)


---------------  P R O C E S S  ---------------

Java Threads: ( => current thread )
  0x00000000260e1000 JavaThread "Thread-11" [_thread_blocked, id=10112, stack(0x000000002b480000,0x000000002b580000)]
  0x00000000260e0800 JavaThread "Thread-10" [_thread_blocked, id=11208, stack(0x0000000028e00000,0x0000000028f00000)]
  0x00000000260e6000 JavaThread "Thread-8" [_thread_blocked, id=3264, stack(0x0000000000a90000,0x0000000000b90000)]
  0x00000000260df800 JavaThread "Thread-7" [_thread_blocked, id=20144, stack(0x0000000031a70000,0x0000000031b70000)]
  0x00000000260e3800 JavaThread "AWT-Windows" daemon [_thread_in_native, id=24812, stack(0x0000000036ec0000,0x0000000036fc0000)]
  0x0000000027eab800 JavaThread "LWJGL Timer" daemon [_thread_blocked, id=17712, stack(0x0000000028f10000,0x0000000029010000)]
  0x0000000020d94800 JavaThread "Thread-3" [_thread_blocked, id=24424, stack(0x0000000031fe0000,0x00000000320e0000)]
  0x0000000023d7b000 JavaThread "Java2D Disposer" daemon [_thread_blocked, id=21648, stack(0x0000000028850000,0x0000000028950000)]
  0x0000000022ae9800 JavaThread "Timer hack thread" daemon [_thread_blocked, id=24836, stack(0x0000000027170000,0x0000000027270000)]
  0x0000000025640800 JavaThread "Snooper Timer" daemon [_thread_blocked, id=18192, stack(0x0000000022110000,0x0000000022210000)]
  0x000000001d913800 JavaThread "Service Thread" daemon [_thread_blocked, id=12568, stack(0x000000001f1e0000,0x000000001f2e0000)]
  0x000000001d90a000 JavaThread "C1 CompilerThread3" daemon [_thread_blocked, id=13392, stack(0x000000001f0e0000,0x000000001f1e0000)]
  0x000000001d909000 JavaThread "C2 CompilerThread2" daemon [_thread_blocked, id=18804, stack(0x000000001efe0000,0x000000001f0e0000)]
  0x000000001d908800 JavaThread "C2 CompilerThread1" daemon [_thread_in_native, id=10848, stack(0x000000001eee0000,0x000000001efe0000)]
=>0x000000001d907800 JavaThread "C2 CompilerThread0" daemon [_thread_in_native, id=15780, stack(0x000000001ede0000,0x000000001eee0000)]
  0x000000001d903000 JavaThread "Attach Listener" daemon [_thread_blocked, id=13124, stack(0x000000001ece0000,0x000000001ede0000)]
  0x000000001d900000 JavaThread "Signal Dispatcher" daemon [_thread_blocked, id=12612, stack(0x000000001ebe0000,0x000000001ece0000)]
  0x000000001d8fb800 JavaThread "Surrogate Locker Thread (Concurrent GC)" daemon [_thread_blocked, id=21848, stack(0x000000001eae0000,0x000000001ebe0000)]
  0x000000001d8a4800 JavaThread "Finalizer" daemon [_thread_blocked, id=24180, stack(0x000000001e9e0000,0x000000001eae0000)]
  0x000000001d89e000 JavaThread "Reference Handler" daemon [_thread_blocked, id=12472, stack(0x000000001e8e0000,0x000000001e9e0000)]
  0x0000000002884000 JavaThread "Client thread" [_thread_in_vm, id=5944, stack(0x00000000026e0000,0x00000000027e0000)]

Other Threads:
  0x000000000297d800 VMThread [stack: 0x000000001e7e0000,0x000000001e8e0000] [id=26252]
  0x000000001d983000 WatcherThread [stack: 0x000000001f2e0000,0x000000001f3e0000] [id=14220]

VM state:not at safepoint (normal execution)

VM Mutex/Monitor currently owned by a thread: None

Heap:
 garbage-first heap   total 2523136K, used 2020255K [0x0000000704000000, 0x0000000706000268, 0x00000007c0000000)
  region size 32768K, 11 young (360448K), 2 survivors (65536K)
 Metaspace       used 75898K, capacity 77177K, committed 77300K, reserved 1116160K
  class space    used 10888K, capacity 11251K, committed 11264K, reserved 1048576K

Heap Regions: (Y=young(eden), SU=young(survivor), HS=humongous(starts), HC=humongous(continues), CS=collection set, F=free, TS=gc time stamp, PTAMS=previous top-at-mark-start, NTAMS=next top-at-mark-start)
AC   0  O    TS     0 PTAMS 0x0000000706000000 NTAMS 0x0000000706000000 space 32768K, 100% used [0x0000000704000000, 0x0000000706000000)
AC   0  O    TS     0 PTAMS 0x0000000708000000 NTAMS 0x0000000708000000 space 32768K, 100% used [0x0000000706000000, 0x0000000708000000)
AC   0  O    TS     0 PTAMS 0x000000070a000000 NTAMS 0x000000070a000000 space 32768K, 100% used [0x0000000708000000, 0x000000070a000000)
AC   0  O    TS     0 PTAMS 0x000000070c000000 NTAMS 0x000000070c000000 space 32768K, 100% used [0x000000070a000000, 0x000000070c000000)
AC   0  O    TS     0 PTAMS 0x000000070e000000 NTAMS 0x000000070e000000 space 32768K, 100% used [0x000000070c000000, 0x000000070e000000)
AC   0 HS    TS     0 PTAMS 0x000000070f000010 NTAMS 0x000000070f000010 space 32768K,  50% used [0x000000070e000000, 0x0000000710000000)
AC   0  O    TS     0 PTAMS 0x0000000712000000 NTAMS 0x0000000712000000 space 32768K, 100% used [0x0000000710000000, 0x0000000712000000)
AC   0  O    TS     0 PTAMS 0x0000000714000000 NTAMS 0x0000000714000000 space 32768K, 100% used [0x0000000712000000, 0x0000000714000000)
AC   0  O    TS     0 PTAMS 0x0000000716000000 NTAMS 0x0000000716000000 space 32768K, 100% used [0x0000000714000000, 0x0000000716000000)
AC   0  O    TS     0 PTAMS 0x0000000718000000 NTAMS 0x0000000718000000 space 32768K, 100% used [0x0000000716000000, 0x0000000718000000)
AC   0  O    TS     0 PTAMS 0x000000071a000000 NTAMS 0x000000071a000000 space 32768K, 100% used [0x0000000718000000, 0x000000071a000000)
AC   0  O    TS     0 PTAMS 0x000000071c000000 NTAMS 0x000000071c000000 space 32768K, 100% used [0x000000071a000000, 0x000000071c000000)
AC   0  O    TS     0 PTAMS 0x000000071e000000 NTAMS 0x000000071e000000 space 32768K, 100% used [0x000000071c000000, 0x000000071e000000)
AC   0  O    TS     0 PTAMS 0x0000000720000000 NTAMS 0x0000000720000000 space 32768K, 100% used [0x000000071e000000, 0x0000000720000000)
AC   0  F    TS     0 PTAMS 0x0000000720000000 NTAMS 0x0000000720000000 space 32768K,   0% used [0x0000000720000000, 0x0000000722000000)
AC   0  O    TS     0 PTAMS 0x0000000724000000 NTAMS 0x0000000724000000 space 32768K, 100% used [0x0000000722000000, 0x0000000724000000)
AC   0  O    TS     0 PTAMS 0x0000000726000000 NTAMS 0x0000000726000000 space 32768K, 100% used [0x0000000724000000, 0x0000000726000000)
AC   0  O    TS     0 PTAMS 0x0000000728000000 NTAMS 0x0000000728000000 space 32768K, 100% used [0x0000000726000000, 0x0000000728000000)
AC   0  O    TS     0 PTAMS 0x000000072a000000 NTAMS 0x000000072a000000 space 32768K, 100% used [0x0000000728000000, 0x000000072a000000)
AC   0  O    TS     0 PTAMS 0x000000072c000000 NTAMS 0x000000072c000000 space 32768K, 100% used [0x000000072a000000, 0x000000072c000000)
AC   0  O    TS     0 PTAMS 0x000000072e000000 NTAMS 0x000000072e000000 space 32768K, 100% used [0x000000072c000000, 0x000000072e000000)
AC   0  O    TS     0 PTAMS 0x0000000730000000 NTAMS 0x0000000730000000 space 32768K, 100% used [0x000000072e000000, 0x0000000730000000)
AC   0  O    TS     0 PTAMS 0x0000000732000000 NTAMS 0x0000000732000000 space 32768K, 100% used [0x0000000730000000, 0x0000000732000000)
AC   0  O    TS     0 PTAMS 0x0000000734000000 NTAMS 0x0000000734000000 space 32768K, 100% used [0x0000000732000000, 0x0000000734000000)
AC   0  O    TS     0 PTAMS 0x0000000736000000 NTAMS 0x0000000736000000 space 32768K, 100% used [0x0000000734000000, 0x0000000736000000)
AC   0  O    TS     0 PTAMS 0x0000000738000000 NTAMS 0x0000000738000000 space 32768K, 100% used [0x0000000736000000, 0x0000000738000000)
AC   0  O    TS     0 PTAMS 0x000000073a000000 NTAMS 0x000000073a000000 space 32768K, 100% used [0x0000000738000000, 0x000000073a000000)
AC   0  O    TS     0 PTAMS 0x000000073c000000 NTAMS 0x000000073c000000 space 32768K, 100% used [0x000000073a000000, 0x000000073c000000)
AC   0  O    TS     0 PTAMS 0x000000073e000000 NTAMS 0x000000073e000000 space 32768K, 100% used [0x000000073c000000, 0x000000073e000000)
AC   0  O    TS     0 PTAMS 0x0000000740000000 NTAMS 0x0000000740000000 space 32768K, 100% used [0x000000073e000000, 0x0000000740000000)
AC   0  O    TS     0 PTAMS 0x0000000742000000 NTAMS 0x0000000742000000 space 32768K, 100% used [0x0000000740000000, 0x0000000742000000)
AC   0  F    TS     0 PTAMS 0x0000000742000000 NTAMS 0x0000000742000000 space 32768K,   0% used [0x0000000742000000, 0x0000000744000000)
AC   0  O    TS     0 PTAMS 0x0000000746000000 NTAMS 0x0000000746000000 space 32768K, 100% used [0x0000000744000000, 0x0000000746000000)
AC   0  O    TS     0 PTAMS 0x0000000748000000 NTAMS 0x0000000748000000 space 32768K, 100% used [0x0000000746000000, 0x0000000748000000)
AC   0  F    TS     0 PTAMS 0x0000000748000000 NTAMS 0x0000000748000000 space 32768K,   0% used [0x0000000748000000, 0x000000074a000000)
AC   0  O    TS     0 PTAMS 0x000000074c000000 NTAMS 0x000000074c000000 space 32768K, 100% used [0x000000074a000000, 0x000000074c000000)
AC   0  O    TS     0 PTAMS 0x000000074e000000 NTAMS 0x000000074e000000 space 32768K, 100% used [0x000000074c000000, 0x000000074e000000)
AC   0  O    TS     0 PTAMS 0x0000000750000000 NTAMS 0x0000000750000000 space 32768K, 100% used [0x000000074e000000, 0x0000000750000000)
AC   0  F    TS     0 PTAMS 0x0000000750000000 NTAMS 0x0000000750000000 space 32768K,   0% used [0x0000000750000000, 0x0000000752000000)
AC   0  O    TS     0 PTAMS 0x0000000754000000 NTAMS 0x0000000754000000 space 32768K, 100% used [0x0000000752000000, 0x0000000754000000)
AC   0  F    TS     0 PTAMS 0x0000000754000000 NTAMS 0x0000000754000000 space 32768K,   0% used [0x0000000754000000, 0x0000000756000000)
AC   0  O    TS     0 PTAMS 0x0000000758000000 NTAMS 0x0000000758000000 space 32768K, 100% used [0x0000000756000000, 0x0000000758000000)
AC   0  O    TS     0 PTAMS 0x000000075a000000 NTAMS 0x000000075a000000 space 32768K, 100% used [0x0000000758000000, 0x000000075a000000)
AC   0  F    TS     0 PTAMS 0x000000075a000000 NTAMS 0x000000075a000000 space 32768K,   0% used [0x000000075a000000, 0x000000075c000000)
AC   0  O    TS     0 PTAMS 0x000000075e000000 NTAMS 0x000000075e000000 space 32768K, 100% used [0x000000075c000000, 0x000000075e000000)
AC   0  O    TS     0 PTAMS 0x0000000760000000 NTAMS 0x0000000760000000 space 32768K, 100% used [0x000000075e000000, 0x0000000760000000)
AC   0  O    TS     0 PTAMS 0x0000000762000000 NTAMS 0x0000000762000000 space 32768K, 100% used [0x0000000760000000, 0x0000000762000000)
AC   0  O    TS     0 PTAMS 0x0000000764000000 NTAMS 0x0000000764000000 space 32768K, 100% used [0x0000000762000000, 0x0000000764000000)
AC   0  O    TS     0 PTAMS 0x0000000766000000 NTAMS 0x0000000766000000 space 32768K, 100% used [0x0000000764000000, 0x0000000766000000)
AC   0  O    TS     0 PTAMS 0x0000000768000000 NTAMS 0x0000000768000000 space 32768K, 100% used [0x0000000766000000, 0x0000000768000000)
AC   0 HS    TS     0 PTAMS 0x000000076991ea58 NTAMS 0x000000076991ea58 space 32768K,  78% used [0x0000000768000000, 0x000000076a000000)
AC   0  O    TS     0 PTAMS 0x000000076c000000 NTAMS 0x000000076c000000 space 32768K, 100% used [0x000000076a000000, 0x000000076c000000)
AC   0  O    TS     0 PTAMS 0x000000076e000000 NTAMS 0x000000076e000000 space 32768K, 100% used [0x000000076c000000, 0x000000076e000000)
AC   0  O    TS     0 PTAMS 0x0000000770000000 NTAMS 0x0000000770000000 space 32768K, 100% used [0x000000076e000000, 0x0000000770000000)
AC   0  O    TS     0 PTAMS 0x0000000771487a00 NTAMS 0x0000000771487a00 space 32768K, 100% used [0x0000000770000000, 0x0000000772000000)
AC   0  O    TS     1 PTAMS 0x0000000772000000 NTAMS 0x0000000772000000 space 32768K, 100% used [0x0000000772000000, 0x0000000774000000)
AC   0  O    TS     3 PTAMS 0x0000000774000000 NTAMS 0x0000000774000000 space 32768K, 100% used [0x0000000774000000, 0x0000000776000000)
AC   0  O    TS     3 PTAMS 0x0000000776000000 NTAMS 0x0000000776000000 space 32768K, 100% used [0x0000000776000000, 0x0000000778000000)
AC   0  O    TS     3 PTAMS 0x0000000778000000 NTAMS 0x0000000778000000 space 32768K,  36% used [0x0000000778000000, 0x000000077a000000)
AC   0  F    TS     0 PTAMS 0x000000077a000000 NTAMS 0x000000077a000000 space 32768K,   0% used [0x000000077a000000, 0x000000077c000000)
AC   0  F    TS     1 PTAMS 0x000000077c000000 NTAMS 0x000000077c000000 space 32768K,   0% used [0x000000077c000000, 0x000000077e000000)
AC   0  F    TS     1 PTAMS 0x000000077e000000 NTAMS 0x000000077e000000 space 32768K,   0% used [0x000000077e000000, 0x0000000780000000)
AC   0  S CS TS     3 PTAMS 0x0000000780000000 NTAMS 0x0000000780000000 space 32768K, 100% used [0x0000000780000000, 0x0000000782000000)
AC   0  S CS TS     3 PTAMS 0x0000000782000000 NTAMS 0x0000000782000000 space 32768K, 100% used [0x0000000782000000, 0x0000000784000000)
AC   0  F    TS     0 PTAMS 0x0000000784000000 NTAMS 0x0000000784000000 space 32768K,   0% used [0x0000000784000000, 0x0000000786000000)
AC   0  F    TS     0 PTAMS 0x0000000786000000 NTAMS 0x0000000786000000 space 32768K,   0% used [0x0000000786000000, 0x0000000788000000)
AC   0  F    TS     0 PTAMS 0x0000000788000000 NTAMS 0x0000000788000000 space 32768K,   0% used [0x0000000788000000, 0x000000078a000000)
AC   0  F    TS     0 PTAMS 0x000000078a000000 NTAMS 0x000000078a000000 space 32768K,   0% used [0x000000078a000000, 0x000000078c000000)
AC   0  E    TS     0 PTAMS 0x000000078c000000 NTAMS 0x000000078c000000 space 32768K,  77% used [0x000000078c000000, 0x000000078e000000)
AC   0  E CS TS     0 PTAMS 0x000000078e000000 NTAMS 0x000000078e000000 space 32768K, 100% used [0x000000078e000000, 0x0000000790000000)
AC   0  E CS TS     0 PTAMS 0x0000000790000000 NTAMS 0x0000000790000000 space 32768K, 100% used [0x0000000790000000, 0x0000000792000000)
AC   0  E CS TS     0 PTAMS 0x0000000792000000 NTAMS 0x0000000792000000 space 32768K, 100% used [0x0000000792000000, 0x0000000794000000)
AC   0  E CS TS     0 PTAMS 0x0000000794000000 NTAMS 0x0000000794000000 space 32768K, 100% used [0x0000000794000000, 0x0000000796000000)
AC   0  E CS TS     0 PTAMS 0x0000000796000000 NTAMS 0x0000000796000000 space 32768K, 100% used [0x0000000796000000, 0x0000000798000000)
AC   0  E CS TS     0 PTAMS 0x0000000798000000 NTAMS 0x0000000798000000 space 32768K, 100% used [0x0000000798000000, 0x000000079a000000)
AC   0  E CS TS     0 PTAMS 0x000000079a000000 NTAMS 0x000000079a000000 space 32768K, 100% used [0x000000079a000000, 0x000000079c000000)
AC   0  E CS TS     0 PTAMS 0x000000079c000000 NTAMS 0x000000079c000000 space 32768K, 100% used [0x000000079c000000, 0x000000079e000000)

Card table byte_map: [0x0000000013ca0000,0x0000000014280000] byte_map_base: 0x0000000010480000

Marking Bits (Prev, Next): (CMBitMap*) 0x00000000028e3b58, (CMBitMap*) 0x00000000028e3bb0
 Prev Bits: [0x0000000014860000, 0x0000000017760000)
 Next Bits: [0x0000000017760000, 0x000000001a660000)

Polling page: 0x0000000000e40000

CodeCache: size=245760Kb used=30198Kb max_used=30208Kb free=215561Kb
 bounds [0x0000000002980000, 0x0000000004750000, 0x0000000011980000]
 total_blobs=8528 nmethods=7489 adapters=950
 compilation: enabled

Compilation events (10 events):
Event: 149.160 Thread 0x000000001d90a000 10778       3       java.awt.image.ColorModel::<init> (342 bytes)
Event: 149.162 Thread 0x000000001d90a000 nmethod 10778 0x00000000034b5290 code [0x00000000034b55e0, 0x00000000034b7298]
Event: 149.199 Thread 0x000000001d908800 nmethod 10771 0x0000000004714e50 code [0x0000000004715140, 0x0000000004718890]
Event: 149.212 Thread 0x000000001d90a000 10779       3       net.minecraftforge.fml.client.SplashProgress$2::drawMemoryBar (358 bytes)
Event: 149.248 Thread 0x000000001d90a000 nmethod 10779 0x000000000471aa50 code [0x000000000471cb00, 0x00000000047313b8]
Event: 149.264 Thread 0x000000001d90a000 10780       3       net.minecraft.client.renderer.texture.TextureAtlasSprite::func_130099_d (61 bytes)
Event: 149.265 Thread 0x000000001d90a000 nmethod 10780 0x0000000002d953d0 code [0x0000000002d95580, 0x0000000002d95b38]
Event: 149.356 Thread 0x000000001d90a000 10781   !   3       net.minecraft.client.renderer.texture.TextureUtil::func_177053_a (27 bytes)
Event: 149.357 Thread 0x000000001d90a000 nmethod 10781 0x0000000002e78310 code [0x0000000002e784c0, 0x0000000002e78a88]
Event: 149.477 Thread 0x000000001d907800 10782   !   4       com.sun.imageio.plugins.png.PNGImageReader::decodePass (1201 bytes)

GC Heap History (10 events):
Event: 139.810 GC heap before
{Heap before GC invocations=87 (full 0):
 garbage-first heap   total 2523136K, used 2171008K [0x0000000704000000, 0x0000000706000268, 0x00000007c0000000)
  region size 32768K, 15 young (491520K), 2 survivors (65536K)
 Metaspace       used 75145K, capacity 76407K, committed 76532K, reserved 1114112K
  class space    used 10824K, capacity 11200K, committed 11264K, reserved 1048576K
Event: 139.893 GC heap after
Heap after GC invocations=88 (full 0):
 garbage-first heap   total 2523136K, used 1832601K [0x0000000704000000, 0x0000000706000268, 0x00000007c0000000)
  region size 32768K, 2 young (65536K), 2 survivors (65536K)
 Metaspace       used 75145K, capacity 76407K, committed 76532K, reserved 1114112K
  class space    used 10824K, capacity 11200K, committed 11264K, reserved 1048576K
}
Event: 141.643 GC heap before
{Heap before GC invocations=88 (full 0):
 garbage-first heap   total 2523136K, used 2258585K [0x0000000704000000, 0x0000000706000268, 0x00000007c0000000)
  region size 32768K, 15 young (491520K), 2 survivors (65536K)
 Metaspace       used 75296K, capacity 76551K, committed 76788K, reserved 1114112K
  class space    used 10839K, capacity 11202K, committed 11264K, reserved 1048576K
Event: 141.696 GC heap after
Heap after GC invocations=89 (full 0):
 garbage-first heap   total 2523136K, used 1819851K [0x0000000704000000, 0x0000000706000268, 0x00000007c0000000)
  region size 32768K, 2 young (65536K), 2 survivors (65536K)
 Metaspace       used 75296K, capacity 76551K, committed 76788K, reserved 1114112K
  class space    used 10839K, capacity 11202K, committed 11264K, reserved 1048576K
}
Event: 144.081 GC heap before
{Heap before GC invocations=89 (full 0):
 garbage-first heap   total 2523136K, used 2245835K [0x0000000704000000, 0x0000000706000268, 0x00000007c0000000)
  region size 32768K, 15 young (491520K), 2 survivors (65536K)
 Metaspace       used 75561K, capacity 76903K, committed 77044K, reserved 1116160K
  class space    used 10864K, capacity 11246K, committed 11264K, reserved 1048576K
Event: 144.220 GC heap after
Heap after GC invocations=90 (full 0):
 garbage-first heap   total 2523136K, used 1853186K [0x0000000704000000, 0x0000000706000268, 0x00000007c0000000)
  region size 32768K, 2 young (65536K), 2 survivors (65536K)
 Metaspace       used 75561K, capacity 76903K, committed 77044K, reserved 1116160K
  class space    used 10864K, capacity 11246K, committed 11264K, reserved 1048576K
}
Event: 146.054 GC heap before
{Heap before GC invocations=91 (full 0):
 garbage-first heap   total 2523136K, used 2279170K [0x0000000704000000, 0x0000000706000268, 0x00000007c0000000)
  region size 32768K, 15 young (491520K), 2 survivors (65536K)
 Metaspace       used 75823K, capacity 77165K, committed 77300K, reserved 1116160K
  class space    used 10881K, capacity 11247K, committed 11264K, reserved 1048576K
Event: 146.169 GC heap after
Heap after GC invocations=92 (full 0):
 garbage-first heap   total 2523136K, used 1888597K [0x0000000704000000, 0x0000000706000268, 0x00000007c0000000)
  region size 32768K, 2 young (65536K), 2 survivors (65536K)
 Metaspace       used 75823K, capacity 77165K, committed 77300K, reserved 1116160K
  class space    used 10881K, capacity 11247K, committed 11264K, reserved 1048576K
}
Event: 148.210 GC heap before
{Heap before GC invocations=92 (full 0):
 garbage-first heap   total 2523136K, used 2314581K [0x0000000704000000, 0x0000000706000268, 0x00000007c0000000)
  region size 32768K, 15 young (491520K), 2 survivors (65536K)
 Metaspace       used 75876K, capacity 77171K, committed 77300K, reserved 1116160K
  class space    used 10882K, capacity 11248K, committed 11264K, reserved 1048576K
Event: 148.383 GC heap after
Heap after GC invocations=93 (full 0):
 garbage-first heap   total 2523136K, used 1758111K [0x0000000704000000, 0x0000000706000268, 0x00000007c0000000)
  region size 32768K, 2 young (65536K), 2 survivors (65536K)
 Metaspace       used 75876K, capacity 77171K, committed 77300K, reserved 1116160K
  class space    used 10882K, capacity 11248K, committed 11264K, reserved 1048576K
}

Deoptimization events (10 events):
Event: 148.190 Thread 0x0000000020d94800 Uncommon trap: reason=unstable_if action=reinterpret pc=0x000000000409d738 method=net.minecraftforge.fml.client.SplashProgress$2.drawMemoryBar()V @ 181
Event: 148.487 Thread 0x0000000002884000 Uncommon trap: reason=unstable_if action=reinterpret pc=0x0000000002ab0088 method=sun.nio.cs.UTF_8$Decoder.decode([BII[C)I @ 30
Event: 148.487 Thread 0x0000000002884000 Uncommon trap: reason=unstable_if action=reinterpret pc=0x0000000004702dbc method=com.sun.imageio.plugins.png.PNGImageReader.createRaster(IIIII)Ljava/awt/image/WritableRaster; @ 18
Event: 148.488 Thread 0x0000000002884000 Uncommon trap: reason=bimorphic action=maybe_recompile pc=0x00000000042e5334 method=java.awt.image.BufferedImage.getRGB(IIII[III)[I @ 202
Event: 149.068 Thread 0x0000000002884000 Uncommon trap: reason=unstable_if action=reinterpret pc=0x0000000003da5940 method=java.awt.image.ColorModel.<init>(I[ILjava/awt/color/ColorSpace;ZZII)V @ 327
Event: 149.068 Thread 0x0000000002884000 Uncommon trap: reason=unstable_if action=reinterpret pc=0x0000000003080bf4 method=java.lang.Math.round(F)I @ 23
Event: 149.068 Thread 0x0000000002884000 Uncommon trap: reason=unstable_if action=reinterpret pc=0x00000000032b9f8c method=java.awt.image.ComponentColorModel.getRGB(Ljava/lang/Object;)I @ 15
Event: 149.068 Thread 0x0000000002884000 Uncommon trap: reason=unstable_if action=reinterpret pc=0x0000000003e683a4 method=java.awt.image.ComponentColorModel.getRGBComponent(Ljava/lang/Object;I)I @ 15
Event: 149.068 Thread 0x0000000002884000 Uncommon trap: reason=unstable_if action=reinterpret pc=0x0000000002b9446c method=java.awt.image.ComponentColorModel.getRGBComponent(Ljava/lang/Object;I)I @ 15
Event: 149.522 Thread 0x0000000002884000 Uncommon trap: reason=unstable_if action=reinterpret pc=0x0000000002f1bacc method=com.google.common.collect.ImmutableList.copyOf(Ljava/util/Collection;)Lcom/google/common/collect/ImmutableList; @ 4

Internal exceptions (10 events):
Event: 135.403 Thread 0x00000000260e0800 Exception <a 'java/security/PrivilegedActionException'> (0x0000000799fa7e48) thrown at [C:\re\workspace\8-2-build-windows-amd64-cygwin\jdk8u51\3951\hotspot\src\share\vm\prims\jvm.cpp, line 1382]
Event: 135.490 Thread 0x0000000002884000 Exception <a 'java/lang/NoSuchMethodError': java.lang.Object.lambda$comparing$77a9974f$1(Ljava/util/function/Function;Ljava/lang/Object;Ljava/lang/Object;)I> (0x00000007969aa7c8) thrown at [C:\re\workspace\8-2-build-windows-amd64-cygwin\jdk8u51\3951\hotspo»ήμχ`@
Event: 135.719 Thread 0x0000000002884000 Exception <a 'java/lang/IncompatibleClassChangeError': Found class java.lang.Object, but interface was expected> (0x000000079532a668) thrown at [C:\re\workspace\8-2-build-windows-amd64-cygwin\jdk8u51\3951\hotspot\src\share\vm\interpreter\linkResolver.cpp, K.Nχ`@
Event: 135.721 Thread 0x0000000002884000 Exception <a 'java/lang/IncompatibleClassChangeError': Found class java.lang.Object, but interface was expected> (0x0000000795330068) thrown at [C:\re\workspace\8-2-build-windows-amd64-cygwin\jdk8u51\3951\hotspot\src\share\vm\interpreter\linkResolver.cpp, 3ϋ<F9a@
Event: 136.694 Thread 0x00000000260e0800 Exception <a 'java/lang/InterruptedException': sleep interrupted> (0x000000078b89f2c0) thrown at [C:\re\workspace\8-2-build-windows-amd64-cygwin\jdk8u51\3951\hotspot\src\share\vm\prims\jvm.cpp, line 3163]
Event: 136.696 Thread 0x00000000260e0800 Exception <a 'java/lang/InterruptedException': sleep interrupted> (0x000000078b89f4c0) thrown at [C:\re\workspace\8-2-build-windows-amd64-cygwin\jdk8u51\3951\hotspot\src\share\vm\prims\jvm.cpp, line 3211]
Event: 137.736 Thread 0x0000000002884000 Implicit null exception at 0x00000000043fd7bf to 0x000000000440230d
Event: 138.815 Thread 0x0000000002884000 Implicit null exception at 0x00000000044b059b to 0x00000000044b2311
Event: 142.316 Thread 0x0000000002884000 Implicit null exception at 0x00000000043f0614 to 0x00000000043f0a4d
Event: 149.521 Thread 0x0000000002884000 Exception <a 'java/lang/OutOfMemoryError'> (0x000000078d3728d0) thrown at [C:\re\workspace\8-2-build-windows-amd64-cygwin\jdk8u51\3951\hotspot\src\share\vm\prims\jni.cpp, line 735]

Events (10 events):
Event: 149.521 loading class java/util/zip/DataFormatException
Event: 149.521 loading class java/util/zip/DataFormatException done
Event: 149.522 Thread 0x0000000002884000 Uncommon trap: trap_request=0xffffff65 fr.pc=0x0000000002f1bacc
Event: 149.522 Thread 0x0000000002884000 DEOPT PACKING pc=0x0000000002f1bacc sp=0x00000000027ddb40
Event: 149.522 Thread 0x0000000002884000 DEOPT UNPACKING pc=0x00000000029c582a sp=0x00000000027ddb10 mode 2
Event: 149.524 loading class net/minecraftforge/fml/common/LoaderState$ModState
Event: 149.524 loading class net/minecraftforge/fml/common/LoaderState$ModState done
Event: 149.526 loading class java/util/stream/ReduceOps$1
Event: 149.527 loading class java/util/stream/ReduceOps$1 done
Event: 149.527 loading class java/util/stream/ReduceOps$1ReducingSink


Dynamic libraries:
0x00007ff63ee40000 - 0x00007ff63ee77000 	C:\Users\HP\AppData\Roaming\.minecraft\runtime\jre-legacy\windows\jre-legacy\bin\javaw.exe
0x00007fffe8110000 - 0x00007fffe8327000 	C:\WINDOWS\SYSTEM32\ntdll.dll
0x00007fffe6ab0000 - 0x00007fffe6b74000 	C:\WINDOWS\System32\KERNEL32.DLL
0x00007fffe5580000 - 0x00007fffe5939000 	C:\WINDOWS\System32\KERNELBASE.dll
0x00007fffdd650000 - 0x00007fffdd6e7000 	C:\WINDOWS\SYSTEM32\apphelp.dll
0x00007fffe7260000 - 0x00007fffe7312000 	C:\WINDOWS\System32\ADVAPI32.dll
0x00007fffe6df0000 - 0x00007fffe6e97000 	C:\WINDOWS\System32\msvcrt.dll
0x00007fffe8010000 - 0x00007fffe80b7000 	C:\WINDOWS\System32\sechost.dll
0x00007fffe5d60000 - 0x00007fffe5d88000 	C:\WINDOWS\System32\bcrypt.dll
0x00007fffe7650000 - 0x00007fffe7764000 	C:\WINDOWS\System32\RPCRT4.dll
0x00007fffe6b80000 - 0x00007fffe6d2e000 	C:\WINDOWS\System32\USER32.dll
0x00007fffe5a60000 - 0x00007fffe5a86000 	C:\WINDOWS\System32\win32u.dll
0x00007fffe7460000 - 0x00007fffe7489000 	C:\WINDOWS\System32\GDI32.dll
0x00007fffe5940000 - 0x00007fffe5a5b000 	C:\WINDOWS\System32\gdi32full.dll
0x00007fffe5d90000 - 0x00007fffe5e2a000 	C:\WINDOWS\System32\msvcp_win.dll
0x00007fffe5a90000 - 0x00007fffe5ba1000 	C:\WINDOWS\System32\ucrtbase.dll
0x00007fffc89a0000 - 0x00007fffc8c32000 	C:\WINDOWS\WinSxS\amd64_microsoft.windows.common-controls_6595b64144ccf1df_6.0.22621.4391_none_2715d37f73803e96\COMCTL32.dll
0x00007fffe7320000 - 0x00007fffe7351000 	C:\WINDOWS\System32\IMM32.DLL
0x0000000055b80000 - 0x0000000055c52000 	C:\Users\HP\AppData\Roaming\.minecraft\runtime\jre-legacy\windows\jre-legacy\bin\msvcr100.dll
0x00000000552f0000 - 0x0000000055b73000 	C:\Users\HP\AppData\Roaming\.minecraft\runtime\jre-legacy\windows\jre-legacy\bin\server\jvm.dll
0x00007fffe6fa0000 - 0x00007fffe6fa8000 	C:\WINDOWS\System32\PSAPI.DLL
0x00007fffdd610000 - 0x00007fffdd644000 	C:\WINDOWS\SYSTEM32\WINMM.dll
0x00007fffd6c60000 - 0x00007fffd6c6a000 	C:\WINDOWS\SYSTEM32\VERSION.dll
0x00007fffdd400000 - 0x00007fffdd409000 	C:\WINDOWS\SYSTEM32\WSOCK32.dll
0x00007fffe6640000 - 0x00007fffe66b1000 	C:\WINDOWS\System32\WS2_32.dll
0x00000000552e0000 - 0x00000000552ef000 	C:\Users\HP\AppData\Roaming\.minecraft\runtime\jre-legacy\windows\jre-legacy\bin\verify.dll
0x00000000552b0000 - 0x00000000552d9000 	C:\Users\HP\AppData\Roaming\.minecraft\runtime\jre-legacy\windows\jre-legacy\bin\java.dll
0x0000000055290000 - 0x00000000552a6000 	C:\Users\HP\AppData\Roaming\.minecraft\runtime\jre-legacy\windows\jre-legacy\bin\zip.dll
0x00007fffe7790000 - 0x00007fffe8006000 	C:\WINDOWS\System32\SHELL32.dll
0x00007fffe3300000 - 0x00007fffe3c03000 	C:\WINDOWS\SYSTEM32\windows.storage.dll
0x00007fffe6720000 - 0x00007fffe6aaf000 	C:\WINDOWS\System32\combase.dll
0x00007fffe31c0000 - 0x00007fffe32ff000 	C:\WINDOWS\SYSTEM32\wintypes.dll
0x00007fffe6ea0000 - 0x00007fffe6f99000 	C:\WINDOWS\System32\SHCORE.dll
0x00007fffe6d90000 - 0x00007fffe6dee000 	C:\WINDOWS\System32\shlwapi.dll
0x00007fffe5340000 - 0x00007fffe536b000 	C:\WINDOWS\SYSTEM32\profapi.dll
0x0000000055280000 - 0x000000005528d000 	C:\Users\HP\AppData\Roaming\.minecraft\runtime\jre-legacy\windows\jre-legacy\bin\management.dll
0x0000000055260000 - 0x000000005527a000 	C:\Users\HP\AppData\Roaming\.minecraft\runtime\jre-legacy\windows\jre-legacy\bin\net.dll
0x00007fffe4880000 - 0x00007fffe48e9000 	C:\WINDOWS\system32\mswsock.dll
0x00007fffc0910000 - 0x00007fffc0927000 	C:\WINDOWS\system32\napinsp.dll
0x00007fffa7780000 - 0x00007fffa779b000 	C:\WINDOWS\system32\pnrpnsp.dll
0x00007fffe3ee0000 - 0x00007fffe3fe2000 	C:\WINDOWS\SYSTEM32\DNSAPI.dll
0x00007fffe3e70000 - 0x00007fffe3e9d000 	C:\WINDOWS\SYSTEM32\IPHLPAPI.DLL
0x00007fffe6fb0000 - 0x00007fffe6fb9000 	C:\WINDOWS\System32\NSI.dll
0x00007fffa3150000 - 0x00007fffa3161000 	C:\WINDOWS\System32\winrnr.dll
0x00007fffb66a0000 - 0x00007fffb66b5000 	C:\WINDOWS\system32\wshbth.dll
0x00007fff6f430000 - 0x00007fff6f457000 	C:\WINDOWS\system32\nlansp_c.dll
0x00007fffd9f30000 - 0x00007fffd9fb3000 	C:\WINDOWS\System32\fwpuclnt.dll
0x00007fffd52e0000 - 0x00007fffd52ea000 	C:\Windows\System32\rasadhlp.dll
0x0000000055240000 - 0x0000000055251000 	C:\Users\HP\AppData\Roaming\.minecraft\runtime\jre-legacy\windows\jre-legacy\bin\nio.dll
0x00007fffe4bd0000 - 0x00007fffe4beb000 	C:\WINDOWS\SYSTEM32\CRYPTSP.dll
0x00007fffe4370000 - 0x00007fffe43a5000 	C:\WINDOWS\system32\rsaenh.dll
0x00007fffe4920000 - 0x00007fffe4948000 	C:\WINDOWS\SYSTEM32\USERENV.dll
0x00007fffe5bb0000 - 0x00007fffe5c2b000 	C:\WINDOWS\System32\bcryptprimitives.dll
0x00007fffe4bb0000 - 0x00007fffe4bbc000 	C:\WINDOWS\SYSTEM32\CRYPTBASE.dll
0x00007fffdaf60000 - 0x00007fffdaf79000 	C:\WINDOWS\SYSTEM32\dhcpcsvc6.DLL
0x00007fffdac90000 - 0x00007fffdacaf000 	C:\WINDOWS\SYSTEM32\dhcpcsvc.DLL
0x0000000055220000 - 0x0000000055237000 	C:\Users\HP\AppData\Roaming\.minecraft\runtime\jre-legacy\windows\jre-legacy\bin\unpack.dll
0x0000000180000000 - 0x0000000180053000 	C:\Users\HP\AppData\Roaming\.minecraft\versions\tmp mc forge 1122\natives\lwjgl64.dll
0x00007fffbc1e0000 - 0x00007fffbc2e0000 	C:\WINDOWS\SYSTEM32\OPENGL32.dll
0x00007fffc6300000 - 0x00007fffc632d000 	C:\WINDOWS\SYSTEM32\GLU32.dll
0x00007fffe2520000 - 0x00007fffe2557000 	C:\WINDOWS\SYSTEM32\dxcore.dll
0x0000000055080000 - 0x0000000055218000 	C:\Users\HP\AppData\Roaming\.minecraft\runtime\jre-legacy\windows\jre-legacy\bin\awt.dll
0x00007fffe7180000 - 0x00007fffe7257000 	C:\WINDOWS\System32\OLEAUT32.dll
0x00007fffde340000 - 0x00007fffde3fd000 	C:\WINDOWS\SYSTEM32\mscms.dll
0x00007fffe4410000 - 0x00007fffe4428000 	C:\WINDOWS\SYSTEM32\kernel.appcore.dll
0x00007fffe6590000 - 0x00007fffe6640000 	C:\WINDOWS\System32\clbcatq.dll
0x00007fffd5290000 - 0x00007fffd52de000 	C:\Windows\System32\Windows.Internal.Graphics.Display.DisplayColorManagement.dll
0x00007fffe5010000 - 0x00007fffe505e000 	C:\WINDOWS\SYSTEM32\cfgmgr32.dll
0x00007fffe2410000 - 0x00007fffe24c1000 	C:\WINDOWS\system32\uxtheme.dll
0x00007fffe7020000 - 0x00007fffe7180000 	C:\WINDOWS\System32\MSCTF.dll
0x00007fffd8890000 - 0x00007fffd89d5000 	C:\WINDOWS\SYSTEM32\textinputframework.dll
0x00007fffdd030000 - 0x00007fffdd163000 	C:\WINDOWS\SYSTEM32\CoreMessaging.dll
0x00007fffdb790000 - 0x00007fffdbafd000 	C:\WINDOWS\SYSTEM32\CoreUIComponents.dll
0x00007fffcc8a0000 - 0x00007fffcc909000 	C:\WINDOWS\system32\Oleacc.dll
0x00007fffd9ed0000 - 0x00007fffd9f19000 	C:\WINDOWS\SYSTEM32\directxdatabasehelper.dll
0x00007fffd9620000 - 0x00007fffd9764000 	C:\Windows\System32\AppXDeploymentClient.dll
0x00007fff11420000 - 0x00007fff12425000 	C:\WINDOWS\System32\DriverStore\FileRepository\iigd_dch.inf_amd64_14a5bb6045f923bf\ig9icd64.dll
0x00007fffe5ec0000 - 0x00007fffe6065000 	C:\WINDOWS\System32\ole32.dll
0x00007fffe2680000 - 0x00007fffe26ab000 	C:\WINDOWS\system32\dwmapi.dll
0x00007fffe2560000 - 0x00007fffe2657000 	C:\WINDOWS\system32\dxgi.dll
0x00007fff5bae0000 - 0x00007fff5befa000 	C:\WINDOWS\System32\DriverStore\FileRepository\iigd_dch.inf_amd64_14a5bb6045f923bf\igdml64.dll
0x00007fffd6610000 - 0x00007fffd6891000 	C:\WINDOWS\System32\DriverStore\FileRepository\iigd_dch.inf_amd64_14a5bb6045f923bf\igdgmm64.dll
0x00007fffddbf0000 - 0x00007fffddc3a000 	C:\WINDOWS\SYSTEM32\icm32.dll
0x00007fffdc0a0000 - 0x00007fffdc0eb000 	C:\WINDOWS\system32\ApplicationTargetedFeatureDatabase.dll
0x00007fffdacb0000 - 0x00007fffdaf54000 	C:\Windows\System32\twinapi.appcore.dll
0x00007fffce560000 - 0x00007fffd13a4000 	C:\WINDOWS\System32\DriverStore\FileRepository\iigd_dch.inf_amd64_14a5bb6045f923bf\igc64.dll
0x00007fffe52e0000 - 0x00007fffe532d000 	C:\WINDOWS\SYSTEM32\powrprof.dll
0x00007fffe5210000 - 0x00007fffe5223000 	C:\WINDOWS\SYSTEM32\UMPDC.dll
0x00007fffb63e0000 - 0x00007fffb6422000 	C:\Users\HP\AppData\Local\Temp\jna-2312\jna8861041231767296555.dll
0x0000000055030000 - 0x0000000055077000 	C:\Users\HP\AppData\Roaming\.minecraft\runtime\jre-legacy\windows\jre-legacy\bin\fontmanager.dll
0x0000000055000000 - 0x0000000055024000 	C:\Users\HP\AppData\Roaming\.minecraft\runtime\jre-legacy\windows\jre-legacy\bin\sunec.dll
0x0000000054fb0000 - 0x0000000054ff2000 	C:\Users\HP\AppData\Roaming\.minecraft\runtime\jre-legacy\windows\jre-legacy\bin\t2k.dll
0x000000002b610000 - 0x000000002b674000 	C:\Users\HP\AppData\Roaming\.minecraft\versions\tmp mc forge 1122\natives\OpenAL64.dll
0x00007fffd38d0000 - 0x00007fffd396e000 	C:\WINDOWS\System32\MMDevApi.dll
0x00007fffe4fe0000 - 0x00007fffe500c000 	C:\WINDOWS\System32\DEVOBJ.dll
0x00007fff94cd0000 - 0x00007fff94d72000 	C:\WINDOWS\SYSTEM32\dsound.dll
0x00007fffc0620000 - 0x00007fffc0649000 	C:\WINDOWS\SYSTEM32\winmmbase.dll
0x00007fff91700000 - 0x00007fff917b1000 	C:\WINDOWS\SYSTEM32\ResampleDmo.DLL
0x00007fffc86d0000 - 0x00007fffc86db000 	C:\WINDOWS\SYSTEM32\msdmo.dll
0x00007fffcba80000 - 0x00007fffcbc6d000 	C:\WINDOWS\SYSTEM32\AUDIOSES.DLL
0x00007fffe29d0000 - 0x00007fffe29e5000 	C:\WINDOWS\SYSTEM32\resourcepolicyclient.dll

VM Arguments:
jvm_args: -Dos.name=Windows 10 -Dos.version=10.0 -Djava.library.path=C:\Users\HP\AppData\Roaming\.minecraft\versions\tmp mc forge 1122\natives -Xmx3000M -XX:+UnlockExperimentalVMOptions -XX:+UseG1GC -XX:G1NewSizePercent=20 -XX:G1ReservePercent=20 -XX:MaxGCPauseMillis=50 -XX:G1HeapRegionSize=32M -Dfml.ignoreInvalidMinecraftCertificates=true -Dfml.ignorePatchDiscrepancies=true -Djava.net.preferIPv4Stack=true -Dminecraft.applet.TargetDirectory=C:\Users\HP\AppData\Roaming\.minecraft\versions\tmp mc forge 1122 -DlibraryDirectory=C:\Users\HP\AppData\Roaming\.minecraft\libraries -Dlog4j.configurationFile=C:\Users\HP\AppData\Roaming\.minecraft\assets\log_configs\client-1.12.xml -DLibLoader.modsFolder=C:\Users\HP\AppData\Roaming\.minecraft\versions\tmp mc forge 1122\mods 
java_command: net.minecraft.launchwrapper.Launch --username kitsumecat --version tmp mc forge 1122 --gameDir C:\Users\HP\AppData\Roaming\.minecraft\versions\tmp mc forge 1122 --assetsDir C:\Users\HP\AppData\Roaming\.minecraft\assets --assetIndex 1.12 --uuid 846fd2e1f554484f8a7e1b0ae1ddd26d --accessToken null --userType mojang --tweakClass net.minecraftforge.fml.common.launcher.FMLTweaker --versionType Forge --width 925 --height 530
java_class_path (initial): C:\Users\HP\AppData\Roaming\.minecraft\libraries\net\minecraftforge\forge\1.12.2-14.23.5.2859\forge-1.12.2-14.23.5.2859.jar;C:\Users\HP\AppData\Roaming\.minecraft\libraries\org\ow2\asm\asm-debug-all\5.2\asm-debug-all-5.2.jar;C:\Users\HP\AppData\Roaming\.minecraft\libraries\net\minecraft\launchwrapper\1.12\launchwrapper-1.12.jar;C:\Users\HP\AppData\Roaming\.minecraft\libraries\org\jline\jline\3.5.1\jline-3.5.1.jar;C:\Users\HP\AppData\Roaming\.minecraft\libraries\com\typesafe\akka\akka-actor_2.11\2.3.3\akka-actor_2.11-2.3.3.jar;C:\Users\HP\AppData\Roaming\.minecraft\libraries\com\typesafe\config\1.2.1\config-1.2.1.jar;C:\Users\HP\AppData\Roaming\.minecraft\libraries\org\scala-lang\scala-actors-migration_2.11\1.1.0\scala-actors-migration_2.11-1.1.0.jar;C:\Users\HP\AppData\Roaming\.minecraft\libraries\org\scala-lang\scala-compiler\2.11.1\scala-compiler-2.11.1.jar;C:\Users\HP\AppData\Roaming\.minecraft\libraries\org\scala-lang\plugins\scala-continuations-library_2.11\1.0.2_mc\scala-continuations-library_2.11-1.0.2_mc.jar;C:\Users\HP\AppData\Roaming\.minecraft\libraries\org\scala-lang\plugins\scala-continuations-plugin_2.11.1\1.0.2_mc\scala-continuations-plugin_2.11.1-1.0.2_mc.jar;C:\Users\HP\AppData\Roaming\.minecraft\libraries\org\scala-lang\scala-library\2.11.1\scala-library-2.11.1.jar;C:\Users\HP\AppData\Roaming\.minecraft\libraries\org\scala-lang\scala-parser-combinators_2.11\1.0.1\scala-parser-combinators_2.11-1.0.1.jar;C:\Users\HP\AppData\Roaming\.minecraft\libraries\org\scala-lang\scala-reflect\2.11.1\scala-reflect-2.11.1.jar;C:\Users\HP\AppData\Roaming\.minecraft\libraries\org\scala-lang\scala-swing_2.11\1.0.1\scala-swing_2.11-1.0.1.jar;C:\Users\HP\AppData\Roaming\.minecraft\libraries\org\scala-lang\scala-xml_2.11\1.0.2\scala-xml_2.11-1.0.2.jar;C:\Users\HP\AppData\Roaming\.minecraft\libraries\lzma\lzma\0.0.1\lzma-0.0.1.jar;C:\Users\HP\AppData\Roaming\.minecraft\libraries\java3d\vecmath\1.5.2\vecmath-1.5.2.jar;C:\Users\HP\AppData\Roami
Launcher Type: SUN_STANDARD

Environment Variables:
PATH=C:\Program Files (x86)\Common Files\Intel\Shared Libraries\redist\intel64\compiler;C:\Program Files\Common Files\Oracle\Java\javapath;C:\Program Files (x86)\Common Files\Oracle\Java\javapath;D:\Software\VMware\bin\;C:\WINDOWS\system32;C:\WINDOWS;C:\WINDOWS\System32\Wbem;C:\WINDOWS\System32\WindowsPowerShell\v1.0\;C:\WINDOWS\System32\OpenSSH\;C:\Program Files\dotnet\;C:\Program Files\Microsoft SQL Server\150\Tools\Binn\;C:\Users\HP\AppData\Local\Programs\Python\Launcher\;C:\Users\HP\AppData\Local\Microsoft\WindowsApps;;C:\Users\HP\AppData\Local\Programs\oh-my-posh\bin;C:\Program Files\Java\jre-1.8\bin
USERNAME=HP
OS=Windows_NT
PROCESSOR_IDENTIFIER=Intel64 Family 6 Model 142 Stepping 12, GenuineIntel



---------------  S Y S T E M  ---------------

OS: Windows 10.0 , 64 bit Build 22621 (10.0.22621.4391)

CPU:total 8 (4 cores per cpu, 2 threads per core) family 6 model 142 stepping 12, cmov, cx8, fxsr, mmx, sse, sse2, sse3, ssse3, sse4.1, sse4.2, popcnt, avx, avx2, aes, clmul, erms, 3dnowpref, lzcnt, ht, tsc, tscinvbit, bmi1, bmi2, adx

Memory: 4k page, physical 12365300k(276940k free), swap 21990936k(580k free)

vm_info: Java HotSpot(TM) 64-Bit Server VM (25.51-b03) for windows-amd64 JRE (1.8.0_51-b16), built on Jun  8 2015 18:03:07 by "java_re" with MS VC++ 10.0 (VS2010)

time: Sat Nov 02 20:02:22 2024
elapsed time: 149 seconds (0d 0h 2m 29s)

