#
# There is insufficient memory for the Java Runtime Environment to continue.
# Native memory allocation (malloc) failed to allocate 1386976 bytes for Chunk::new
# Possible reasons:
#   The system is out of physical RAM or swap space
#   In 32 bit mode, the process size limit was hit
# Possible solutions:
#   Reduce memory load on the system
#   Increase physical memory or swap space
#   Check if swap backing store is full
#   Use 64 bit Java on a 64 bit OS
#   Decrease Java heap size (-Xmx/-Xms)
#   Decrease number of Java threads
#   Decrease Java thread stack sizes (-Xss)
#   Set larger code cache with -XX:ReservedCodeCacheSize=
# This output file may be truncated or incomplete.
#
#  Out of Memory Error (allocation.cpp:390), pid=20912, tid=22248
#
# JRE version: Java(TM) SE Runtime Environment (8.0_51-b16) (build 1.8.0_51-b16)
# Java VM: Java HotSpot(TM) 64-Bit Server VM (25.51-b03 mixed mode windows-amd64 compressed oops)
# Failed to write core dump. Minidumps are not enabled by default on client versions of Windows
#

---------------  T H R E A D  ---------------

Current thread (0x000000001dfe1000):  JavaThread "C2 CompilerThread0" daemon [_thread_in_native, id=22248, stack(0x000000001f4c0000,0x000000001f5c0000)]

Stack: [0x000000001f4c0000,0x000000001f5c0000]
Native frames: (J=compiled Java code, j=interpreted, Vv=VM code, C=native code)
V  [jvm.dll+0x32b4ca]
V  [jvm.dll+0x2797e3]
V  [jvm.dll+0x27a479]
V  [jvm.dll+0x271765]
V  [jvm.dll+0xcba02]
V  [jvm.dll+0xcbecc]
V  [jvm.dll+0x476f72]
V  [jvm.dll+0x4b95ff]
V  [jvm.dll+0x46b745]
V  [jvm.dll+0x46cd4e]
V  [jvm.dll+0x4501a2]
V  [jvm.dll+0xa43a2]
V  [jvm.dll+0xa4cdf]
V  [jvm.dll+0x2418a4]
V  [jvm.dll+0x29846a]
C  [msvcr100.dll+0x21d9f]
C  [msvcr100.dll+0x21e3b]
C  [KERNEL32.DLL+0x1257d]
C  [ntdll.dll+0x5af28]


Current CompileTask:
C2: 551175 28489       4       net.minecraft.client.renderer.RenderGlobal::func_174970_a (2061 bytes)


---------------  P R O C E S S  ---------------

Java Threads: ( => current thread )
  0x0000000034c48000 JavaThread "JM-task-4" [_thread_blocked, id=21052, stack(0x00000000d2d90000,0x00000000d2e90000)]
  0x0000000034c40800 JavaThread "JM-texture-3" [_thread_blocked, id=23480, stack(0x00000000d3250000,0x00000000d3350000)]
  0x0000000034c44800 JavaThread "JM-texture-2" [_thread_blocked, id=15380, stack(0x00000000d2f30000,0x00000000d3030000)]
  0x0000000034c46800 JavaThread "pool-2-thread-1" [_thread_blocked, id=19408, stack(0x0000000031460000,0x0000000031560000)]
  0x0000000034c43800 JavaThread "pool-12-thread-1" [_thread_blocked, id=20684, stack(0x0000000001410000,0x0000000001510000)]
  0x0000000034c41800 JavaThread "Chunk Batcher 11" daemon [_thread_blocked, id=12876, stack(0x00000000b1b20000,0x00000000b1c20000)]
  0x0000000034c3a000 JavaThread "Chunk Batcher 10" daemon [_thread_blocked, id=14528, stack(0x00000000b1a20000,0x00000000b1b20000)]
  0x0000000034c3d800 JavaThread "Chunk Batcher 9" daemon [_thread_blocked, id=15260, stack(0x00000000b1920000,0x00000000b1a20000)]
  0x0000000034c39000 JavaThread "Chunk Batcher 8" daemon [_thread_blocked, id=18712, stack(0x00000000b1820000,0x00000000b1920000)]
  0x0000000034c3f000 JavaThread "Chunk Batcher 7" daemon [_thread_blocked, id=23852, stack(0x00000000b1720000,0x00000000b1820000)]
  0x0000000021188000 JavaThread "Chunk Batcher 6" daemon [_thread_blocked, id=9240, stack(0x00000000b1620000,0x00000000b1720000)]
  0x0000000021189800 JavaThread "pool-11-thread-1" [_thread_blocked, id=20796, stack(0x00000000a5850000,0x00000000a5950000)]
  0x0000000021184000 JavaThread "pool-10-thread-1" [_thread_blocked, id=19168, stack(0x00000000a1d90000,0x00000000a1e90000)]
  0x0000000021183800 JavaThread "Chunk I/O Executor Thread-1" daemon [_thread_blocked, id=1964, stack(0x0000000099210000,0x0000000099310000)]
  0x000000002117c000 JavaThread "Chunk Batcher 5" daemon [_thread_blocked, id=20268, stack(0x0000000094f50000,0x0000000095050000)]
  0x0000000021182800 JavaThread "Chunk Batcher 4" daemon [_thread_blocked, id=22368, stack(0x0000000094e50000,0x0000000094f50000)]
  0x0000000021182000 JavaThread "Chunk Batcher 3" daemon [_thread_blocked, id=11296, stack(0x0000000094d50000,0x0000000094e50000)]
  0x000000002117f000 JavaThread "Chunk Batcher 2" daemon [_thread_blocked, id=8508, stack(0x0000000094c50000,0x0000000094d50000)]
  0x000000002117b000 JavaThread "Chunk Batcher 1" daemon [_thread_blocked, id=9584, stack(0x0000000094b50000,0x0000000094c50000)]
  0x000000002117e000 JavaThread "Chunk Batcher 0" daemon [_thread_blocked, id=20808, stack(0x0000000094a50000,0x0000000094b50000)]
  0x0000000021181000 JavaThread "threadDeathWatcher-2-1" daemon [_thread_blocked, id=2608, stack(0x00000000937c0000,0x00000000938c0000)]
  0x0000000023d12000 JavaThread "pool-7-thread-1" [_thread_blocked, id=4580, stack(0x0000000000810000,0x0000000000910000)]
  0x0000000023d11800 JavaThread "Netty Server IO #1" daemon [_thread_in_native, id=9760, stack(0x0000000000710000,0x0000000000810000)]
  0x0000000023d0a000 JavaThread "Netty Local Client IO #0" daemon [_thread_blocked, id=13744, stack(0x0000000000610000,0x0000000000710000)]
  0x0000000023d0e800 JavaThread "Netty Server IO #0" daemon [_thread_in_native, id=18912, stack(0x0000000000510000,0x0000000000610000)]
  0x0000000023d0d800 JavaThread "File IO Thread" [_thread_blocked, id=9628, stack(0x0000000000410000,0x0000000000510000)]
  0x0000000026c12800 JavaThread "SecurityCraft Passcode Hashing" daemon [_thread_blocked, id=14156, stack(0x0000000000310000,0x0000000000410000)]
  0x000000001fee5800 JavaThread "Server thread" [_thread_blocked, id=8148, stack(0x0000000000210000,0x0000000000310000)]
  0x000000001fee2800 JavaThread "Snooper Timer" daemon [_thread_blocked, id=1960, stack(0x0000000000110000,0x0000000000210000)]
  0x0000000026c19000 JavaThread "Narrator" daemon [_thread_blocked, id=16492, stack(0x000000002aab0000,0x000000002abb0000)]
  0x0000000026c1d800 JavaThread "JM-VersionCheck-1" [_thread_blocked, id=10716, stack(0x0000000030a60000,0x0000000030b60000)]
  0x0000000026c15800 JavaThread "Thread-11" [_thread_blocked, id=23032, stack(0x0000000033b80000,0x0000000033c80000)]
  0x0000000026c14000 JavaThread "Thread-10" [_thread_blocked, id=9916, stack(0x000000002b0b0000,0x000000002b1b0000)]
  0x0000000026c17000 JavaThread "AWT-Windows" daemon [_thread_in_native, id=19096, stack(0x0000000030f60000,0x0000000031060000)]
  0x000000002875a000 JavaThread "LWJGL Timer" daemon [_thread_blocked, id=6624, stack(0x000000002abb0000,0x000000002acb0000)]
  0x000000002139b800 JavaThread "Java2D Disposer" daemon [_thread_blocked, id=10388, stack(0x00000000275c0000,0x00000000276c0000)]
  0x00000000208af800 JavaThread "Timer hack thread" daemon [_thread_blocked, id=3936, stack(0x0000000025200000,0x0000000025300000)]
  0x00000000213e1800 JavaThread "Snooper Timer" daemon [_thread_blocked, id=15172, stack(0x00000000225f0000,0x00000000226f0000)]
  0x000000001e072000 JavaThread "Service Thread" daemon [_thread_blocked, id=10652, stack(0x000000001f8c0000,0x000000001f9c0000)]
  0x000000001dfe7000 JavaThread "C1 CompilerThread3" daemon [_thread_blocked, id=23084, stack(0x000000001f7c0000,0x000000001f8c0000)]
  0x000000001dfe6000 JavaThread "C2 CompilerThread2" daemon [_thread_blocked, id=12396, stack(0x000000001f6c0000,0x000000001f7c0000)]
  0x000000001dfe5000 JavaThread "C2 CompilerThread1" daemon [_thread_blocked, id=18028, stack(0x000000001f5c0000,0x000000001f6c0000)]
=>0x000000001dfe1000 JavaThread "C2 CompilerThread0" daemon [_thread_in_native, id=22248, stack(0x000000001f4c0000,0x000000001f5c0000)]
  0x000000001dfde000 JavaThread "Attach Listener" daemon [_thread_blocked, id=4884, stack(0x000000001f3c0000,0x000000001f4c0000)]
  0x000000001dfdb000 JavaThread "Signal Dispatcher" daemon [_thread_blocked, id=13692, stack(0x000000001f2c0000,0x000000001f3c0000)]
  0x000000001dfd6800 JavaThread "Surrogate Locker Thread (Concurrent GC)" daemon [_thread_blocked, id=17816, stack(0x000000001f1c0000,0x000000001f2c0000)]
  0x000000001df81800 JavaThread "Finalizer" daemon [_thread_blocked, id=23624, stack(0x000000001f0c0000,0x000000001f1c0000)]
  0x000000001df7b800 JavaThread "Reference Handler" daemon [_thread_blocked, id=19356, stack(0x000000001efc0000,0x000000001f0c0000)]
  0x0000000002f54000 JavaThread "Client thread" [_thread_in_native, id=12248, stack(0x0000000002e50000,0x0000000002f50000)]

Other Threads:
  0x000000000304b800 VMThread [stack: 0x000000001eec0000,0x000000001efc0000] [id=10804]
  0x000000001e076000 WatcherThread [stack: 0x000000001f9c0000,0x000000001fac0000] [id=7484]

VM state:not at safepoint (normal execution)

VM Mutex/Monitor currently owned by a thread: None

Heap:
 garbage-first heap   total 2883584K, used 2105414K [0x0000000704000000, 0x00000007060002c0, 0x00000007c0000000)
  region size 32768K, 14 young (458752K), 2 survivors (65536K)
 Metaspace       used 126570K, capacity 131777K, committed 132056K, reserved 1163264K
  class space    used 17715K, capacity 18842K, committed 18944K, reserved 1048576K

Heap Regions: (Y=young(eden), SU=young(survivor), HS=humongous(starts), HC=humongous(continues), CS=collection set, F=free, TS=gc time stamp, PTAMS=previous top-at-mark-start, NTAMS=next top-at-mark-start)
AC   0  O    TS     0 PTAMS 0x0000000705fdf688 NTAMS 0x0000000705fdf688 space 32768K,  99% used [0x0000000704000000, 0x0000000706000000)
AC   0  O    TS     0 PTAMS 0x0000000707ffffd8 NTAMS 0x0000000707ffffd8 space 32768K,  99% used [0x0000000706000000, 0x0000000708000000)
AC   0  O    TS     0 PTAMS 0x0000000709ffba88 NTAMS 0x0000000709ffba88 space 32768K,  99% used [0x0000000708000000, 0x000000070a000000)
AC   0 HS    TS     0 PTAMS 0x000000070b000010 NTAMS 0x000000070b000010 space 32768K,  50% used [0x000000070a000000, 0x000000070c000000)
AC   0  O    TS     0 PTAMS 0x000000070dfffff0 NTAMS 0x000000070dfffff0 space 32768K,  99% used [0x000000070c000000, 0x000000070e000000)
AC   0  O    TS     0 PTAMS 0x000000070ffffff0 NTAMS 0x000000070ffffff0 space 32768K,  99% used [0x000000070e000000, 0x0000000710000000)
AC   0  O    TS     0 PTAMS 0x0000000711fffff0 NTAMS 0x0000000711fffff0 space 32768K,  99% used [0x0000000710000000, 0x0000000712000000)
AC   0  O    TS     0 PTAMS 0x0000000713fffff0 NTAMS 0x0000000713fffff0 space 32768K,  99% used [0x0000000712000000, 0x0000000714000000)
AC   0  O    TS     0 PTAMS 0x0000000715fffff0 NTAMS 0x0000000715fffff0 space 32768K,  99% used [0x0000000714000000, 0x0000000716000000)
AC   0  O    TS     0 PTAMS 0x0000000718000000 NTAMS 0x0000000718000000 space 32768K, 100% used [0x0000000716000000, 0x0000000718000000)
AC   0  O    TS     0 PTAMS 0x0000000719fffff8 NTAMS 0x0000000719fffff8 space 32768K,  99% used [0x0000000718000000, 0x000000071a000000)
AC   0  O    TS     0 PTAMS 0x000000071c000000 NTAMS 0x000000071c000000 space 32768K, 100% used [0x000000071a000000, 0x000000071c000000)
AC   0  O    TS     0 PTAMS 0x000000071e000000 NTAMS 0x000000071e000000 space 32768K, 100% used [0x000000071c000000, 0x000000071e000000)
AC   0  O    TS     0 PTAMS 0x000000071fffffd0 NTAMS 0x000000071fffffd0 space 32768K,  99% used [0x000000071e000000, 0x0000000720000000)
AC   0  O    TS     0 PTAMS 0x0000000721ffffe0 NTAMS 0x0000000721ffffe0 space 32768K,  99% used [0x0000000720000000, 0x0000000722000000)
AC   0  O    TS     0 PTAMS 0x0000000723fffff8 NTAMS 0x0000000723fffff8 space 32768K,  99% used [0x0000000722000000, 0x0000000724000000)
AC   0  O    TS     0 PTAMS 0x0000000725fffff8 NTAMS 0x0000000725fffff8 space 32768K,  99% used [0x0000000724000000, 0x0000000726000000)
AC   0  O    TS     0 PTAMS 0x0000000728000000 NTAMS 0x0000000728000000 space 32768K, 100% used [0x0000000726000000, 0x0000000728000000)
AC   0  O    TS     0 PTAMS 0x0000000729ffe948 NTAMS 0x0000000729ffe948 space 32768K,  99% used [0x0000000728000000, 0x000000072a000000)
AC   0  O    TS     0 PTAMS 0x000000072bed0838 NTAMS 0x000000072bed0838 space 32768K,  96% used [0x000000072a000000, 0x000000072c000000)
AC   0  O    TS     0 PTAMS 0x000000072dfffff0 NTAMS 0x000000072dfffff0 space 32768K,  99% used [0x000000072c000000, 0x000000072e000000)
AC   0  O    TS     0 PTAMS 0x000000072ffffff0 NTAMS 0x000000072ffffff0 space 32768K,  99% used [0x000000072e000000, 0x0000000730000000)
AC   0 HS    TS     0 PTAMS 0x000000073191ea58 NTAMS 0x000000073191ea58 space 32768K,  78% used [0x0000000730000000, 0x0000000732000000)
AC   0  O    TS     0 PTAMS 0x0000000733fffff0 NTAMS 0x0000000733fffff0 space 32768K,  99% used [0x0000000732000000, 0x0000000734000000)
AC   0  O    TS     0 PTAMS 0x0000000735ffffd8 NTAMS 0x0000000735ffffd8 space 32768K,  99% used [0x0000000734000000, 0x0000000736000000)
AC   0  O    TS     0 PTAMS 0x0000000737ffffd0 NTAMS 0x0000000737ffffd0 space 32768K,  99% used [0x0000000736000000, 0x0000000738000000)
AC   0  O    TS     0 PTAMS 0x0000000739fffa28 NTAMS 0x0000000739fffa28 space 32768K,  99% used [0x0000000738000000, 0x000000073a000000)
AC   0  O    TS     0 PTAMS 0x000000073bfffff0 NTAMS 0x000000073bfffff0 space 32768K,  99% used [0x000000073a000000, 0x000000073c000000)
AC   0  O    TS     0 PTAMS 0x000000073dfffff8 NTAMS 0x000000073dfffff8 space 32768K,  99% used [0x000000073c000000, 0x000000073e000000)
AC   0  O    TS     0 PTAMS 0x000000073fffff98 NTAMS 0x000000073fffff98 space 32768K,  99% used [0x000000073e000000, 0x0000000740000000)
AC   0  O    TS     0 PTAMS 0x0000000742000000 NTAMS 0x0000000742000000 space 32768K, 100% used [0x0000000740000000, 0x0000000742000000)
AC   0  O    TS     0 PTAMS 0x0000000743fffff0 NTAMS 0x0000000743fffff0 space 32768K,  99% used [0x0000000742000000, 0x0000000744000000)
AC   0  O    TS     0 PTAMS 0x0000000745fffff8 NTAMS 0x0000000745fffff8 space 32768K,  99% used [0x0000000744000000, 0x0000000746000000)
AC   0  O    TS     0 PTAMS 0x0000000747fffff8 NTAMS 0x0000000747fffff8 space 32768K,  99% used [0x0000000746000000, 0x0000000748000000)
AC   0  O    TS     0 PTAMS 0x0000000749ffffe0 NTAMS 0x0000000749ffffe0 space 32768K,  99% used [0x0000000748000000, 0x000000074a000000)
AC   0  O    TS     0 PTAMS 0x000000074bfffff8 NTAMS 0x000000074bfffff8 space 32768K,  99% used [0x000000074a000000, 0x000000074c000000)
AC   0  O    TS     0 PTAMS 0x000000074dfffff8 NTAMS 0x000000074dfffff8 space 32768K,  99% used [0x000000074c000000, 0x000000074e000000)
AC   0  O    TS     0 PTAMS 0x0000000750000000 NTAMS 0x0000000750000000 space 32768K, 100% used [0x000000074e000000, 0x0000000750000000)
AC   0  O    TS     0 PTAMS 0x0000000752000000 NTAMS 0x0000000752000000 space 32768K, 100% used [0x0000000750000000, 0x0000000752000000)
AC   0  O    TS     0 PTAMS 0x0000000753fffff0 NTAMS 0x0000000753fffff0 space 32768K,  99% used [0x0000000752000000, 0x0000000754000000)
AC   0  O    TS     0 PTAMS 0x0000000755fe8dc8 NTAMS 0x0000000755fe8dc8 space 32768K,  99% used [0x0000000754000000, 0x0000000756000000)
AC   0  O    TS     0 PTAMS 0x0000000757fff998 NTAMS 0x0000000757fff998 space 32768K,  99% used [0x0000000756000000, 0x0000000758000000)
AC   0  O    TS     0 PTAMS 0x0000000759fffff8 NTAMS 0x0000000759fffff8 space 32768K,  99% used [0x0000000758000000, 0x000000075a000000)
AC   0  O    TS     0 PTAMS 0x000000075bfffff8 NTAMS 0x000000075bfffff8 space 32768K,  99% used [0x000000075a000000, 0x000000075c000000)
AC   0  O    TS     0 PTAMS 0x000000075dfffd60 NTAMS 0x000000075dfffd60 space 32768K,  99% used [0x000000075c000000, 0x000000075e000000)
AC   0 HS    TS     0 PTAMS 0x000000075f000010 NTAMS 0x000000075f000010 space 32768K,  50% used [0x000000075e000000, 0x0000000760000000)
AC   0  O    TS     0 PTAMS 0x0000000761fff8a0 NTAMS 0x0000000761fff8a0 space 32768K,  99% used [0x0000000760000000, 0x0000000762000000)
AC   0  O    TS     0 PTAMS 0x0000000763fffff0 NTAMS 0x0000000763fffff0 space 32768K,  99% used [0x0000000762000000, 0x0000000764000000)
AC   0  F    TS     0 PTAMS 0x0000000764000000 NTAMS 0x0000000764000000 space 32768K,   0% used [0x0000000764000000, 0x0000000766000000)
AC   0  O    TS     0 PTAMS 0x0000000768000000 NTAMS 0x0000000768000000 space 32768K, 100% used [0x0000000766000000, 0x0000000768000000)
AC   0  O    TS     0 PTAMS 0x000000076a000000 NTAMS 0x000000076a000000 space 32768K, 100% used [0x0000000768000000, 0x000000076a000000)
AC   0  O    TS     0 PTAMS 0x000000076c000000 NTAMS 0x000000076c000000 space 32768K, 100% used [0x000000076a000000, 0x000000076c000000)
AC   0  O    TS     0 PTAMS 0x000000076e000000 NTAMS 0x000000076e000000 space 32768K, 100% used [0x000000076c000000, 0x000000076e000000)
AC   0  O    TS     0 PTAMS 0x000000076f359200 NTAMS 0x000000076f359200 space 32768K,  60% used [0x000000076e000000, 0x0000000770000000)
AC   0  F    TS     0 PTAMS 0x0000000770000000 NTAMS 0x0000000770000000 space 32768K,   0% used [0x0000000770000000, 0x0000000772000000)
AC   0  F    TS     0 PTAMS 0x0000000772000000 NTAMS 0x0000000772000000 space 32768K,   0% used [0x0000000772000000, 0x0000000774000000)
AC   0  F    TS     0 PTAMS 0x0000000774000000 NTAMS 0x0000000774000000 space 32768K,   0% used [0x0000000774000000, 0x0000000776000000)
AC   0  F    TS     0 PTAMS 0x0000000776000000 NTAMS 0x0000000776000000 space 32768K,   0% used [0x0000000776000000, 0x0000000778000000)
AC   0  F    TS     0 PTAMS 0x0000000778000000 NTAMS 0x0000000778000000 space 32768K,   0% used [0x0000000778000000, 0x000000077a000000)
AC   0  F    TS     0 PTAMS 0x000000077a000000 NTAMS 0x000000077a000000 space 32768K,   0% used [0x000000077a000000, 0x000000077c000000)
AC   0  F    TS     0 PTAMS 0x000000077c000000 NTAMS 0x000000077c000000 space 32768K,   0% used [0x000000077c000000, 0x000000077e000000)
AC   0  F    TS     0 PTAMS 0x000000077e000000 NTAMS 0x000000077e000000 space 32768K,   0% used [0x000000077e000000, 0x0000000780000000)
AC   0  F    TS     0 PTAMS 0x0000000780000000 NTAMS 0x0000000780000000 space 32768K,   0% used [0x0000000780000000, 0x0000000782000000)
AC   0  F    TS     0 PTAMS 0x0000000782000000 NTAMS 0x0000000782000000 space 32768K,   0% used [0x0000000782000000, 0x0000000784000000)
AC   0  F    TS     0 PTAMS 0x0000000784000000 NTAMS 0x0000000784000000 space 32768K,   0% used [0x0000000784000000, 0x0000000786000000)
AC   0  F    TS     0 PTAMS 0x0000000786000000 NTAMS 0x0000000786000000 space 32768K,   0% used [0x0000000786000000, 0x0000000788000000)
AC   0  F    TS     0 PTAMS 0x0000000788000000 NTAMS 0x0000000788000000 space 32768K,   0% used [0x0000000788000000, 0x000000078a000000)
AC   0  F    TS     0 PTAMS 0x000000078a000000 NTAMS 0x000000078a000000 space 32768K,   0% used [0x000000078a000000, 0x000000078c000000)
AC   0  F    TS     0 PTAMS 0x000000078c000000 NTAMS 0x000000078c000000 space 32768K,   0% used [0x000000078c000000, 0x000000078e000000)
AC   0  F    TS     0 PTAMS 0x000000078e000000 NTAMS 0x000000078e000000 space 32768K,   0% used [0x000000078e000000, 0x0000000790000000)
AC   0  F    TS     0 PTAMS 0x0000000790000000 NTAMS 0x0000000790000000 space 32768K,   0% used [0x0000000790000000, 0x0000000792000000)
AC   0  S CS TS     0 PTAMS 0x0000000792000000 NTAMS 0x0000000792000000 space 32768K,  90% used [0x0000000792000000, 0x0000000794000000)
AC   0  S CS TS     0 PTAMS 0x0000000794000000 NTAMS 0x0000000794000000 space 32768K, 100% used [0x0000000794000000, 0x0000000796000000)
AC   0  F    TS     0 PTAMS 0x0000000796000000 NTAMS 0x0000000796000000 space 32768K,   0% used [0x0000000796000000, 0x0000000798000000)
AC   0  F    TS     0 PTAMS 0x0000000798000000 NTAMS 0x0000000798000000 space 32768K,   0% used [0x0000000798000000, 0x000000079a000000)
AC   0  F    TS     0 PTAMS 0x000000079a000000 NTAMS 0x000000079a000000 space 32768K,   0% used [0x000000079a000000, 0x000000079c000000)
AC   0  E    TS     0 PTAMS 0x000000079c000000 NTAMS 0x000000079c000000 space 32768K,  25% used [0x000000079c000000, 0x000000079e000000)
AC   0  E CS TS     0 PTAMS 0x000000079e000000 NTAMS 0x000000079e000000 space 32768K, 100% used [0x000000079e000000, 0x00000007a0000000)
AC   0  E CS TS     0 PTAMS 0x00000007a0000000 NTAMS 0x00000007a0000000 space 32768K, 100% used [0x00000007a0000000, 0x00000007a2000000)
AC   0  E CS TS     0 PTAMS 0x00000007a2000000 NTAMS 0x00000007a2000000 space 32768K, 100% used [0x00000007a2000000, 0x00000007a4000000)
AC   0  E CS TS     0 PTAMS 0x00000007a4000000 NTAMS 0x00000007a4000000 space 32768K, 100% used [0x00000007a4000000, 0x00000007a6000000)
AC   0  E CS TS     0 PTAMS 0x00000007a6000000 NTAMS 0x00000007a6000000 space 32768K, 100% used [0x00000007a6000000, 0x00000007a8000000)
AC   0  E CS TS     0 PTAMS 0x00000007a8000000 NTAMS 0x00000007a8000000 space 32768K, 100% used [0x00000007a8000000, 0x00000007aa000000)
AC   0  E CS TS     0 PTAMS 0x00000007aa000000 NTAMS 0x00000007aa000000 space 32768K, 100% used [0x00000007aa000000, 0x00000007ac000000)
AC   0  E CS TS     0 PTAMS 0x00000007ac000000 NTAMS 0x00000007ac000000 space 32768K, 100% used [0x00000007ac000000, 0x00000007ae000000)
AC   0  E CS TS     0 PTAMS 0x00000007ae000000 NTAMS 0x00000007ae000000 space 32768K, 100% used [0x00000007ae000000, 0x00000007b0000000)
AC   0  E CS TS     0 PTAMS 0x00000007b0000000 NTAMS 0x00000007b0000000 space 32768K, 100% used [0x00000007b0000000, 0x00000007b2000000)
AC   0  E CS TS     0 PTAMS 0x00000007b2000000 NTAMS 0x00000007b2000000 space 32768K, 100% used [0x00000007b2000000, 0x00000007b4000000)

Card table byte_map: [0x0000000014370000,0x0000000014950000] byte_map_base: 0x0000000010b50000

Marking Bits (Prev, Next): (CMBitMap*) 0x0000000002fad158, (CMBitMap*) 0x0000000002fad1b0
 Prev Bits: [0x0000000014f30000, 0x0000000017e30000)
 Next Bits: [0x0000000017e30000, 0x000000001ad30000)

Polling page: 0x0000000001580000

CodeCache: size=245760Kb used=81762Kb max_used=82954Kb free=163997Kb
 bounds [0x0000000003050000, 0x00000000081e0000, 0x0000000012050000]
 total_blobs=19479 nmethods=18119 adapters=1266
 compilation: enabled

Compilation events (10 events):
Event: 544.031 Thread 0x000000001dfe7000 nmethod 28484 0x0000000004a7f550 code [0x0000000004a7f7a0, 0x0000000004a805d8]
Event: 544.050 Thread 0x000000001dfe7000 28485       1       java.util.UUID::getMostSignificantBits (5 bytes)
Event: 544.051 Thread 0x000000001dfe7000 nmethod 28485 0x0000000004a7f290 code [0x0000000004a7f3e0, 0x0000000004a7f4f0]
Event: 544.054 Thread 0x000000001dfe1000 28486       4       com.mia.props.common.TileFake::func_189515_b (27 bytes)
Event: 544.071 Thread 0x000000001dfe1000 nmethod 28486 0x0000000004336ad0 code [0x0000000004336c40, 0x0000000004336e98]
Event: 544.073 Thread 0x000000001dfe5000 28487   !   4       java.io.BufferedWriter::write (117 bytes)
Event: 544.090 Thread 0x000000001dfe5000 nmethod 28487 0x000000000483fad0 code [0x000000000483fc20, 0x00000000048402c8]
Event: 547.185 Thread 0x000000001dfe6000 28488   !   4       journeymap.client.cartography.render.CaveRenderer::renderUnderground (303 bytes)
Event: 547.452 Thread 0x000000001dfe6000 nmethod 28488 0x0000000005fd4550 code [0x0000000005fd4960, 0x0000000005fd7a90]
Event: 550.956 Thread 0x000000001dfe1000 28489       4       net.minecraft.client.renderer.RenderGlobal::func_174970_a (2061 bytes)

GC Heap History (10 events):
Event: 521.299 GC heap before
{Heap before GC invocations=174 (full 3):
 garbage-first heap   total 2883584K, used 2227325K [0x0000000704000000, 0x00000007060002c0, 0x00000007c0000000)
  region size 32768K, 17 young (557056K), 3 survivors (98304K)
 Metaspace       used 126550K, capacity 131777K, committed 132056K, reserved 1163264K
  class space    used 17715K, capacity 18842K, committed 18944K, reserved 1048576K
Event: 521.333 GC heap after
Heap after GC invocations=175 (full 3):
 garbage-first heap   total 2883584K, used 1750618K [0x0000000704000000, 0x00000007060002c0, 0x00000007c0000000)
  region size 32768K, 3 young (98304K), 3 survivors (98304K)
 Metaspace       used 126550K, capacity 131777K, committed 132056K, reserved 1163264K
  class space    used 17715K, capacity 18842K, committed 18944K, reserved 1048576K
}
Event: 526.120 GC heap before
{Heap before GC invocations=176 (full 3):
 garbage-first heap   total 2883584K, used 2209370K [0x0000000704000000, 0x00000007060002c0, 0x00000007c0000000)
  region size 32768K, 17 young (557056K), 3 survivors (98304K)
 Metaspace       used 126557K, capacity 131777K, committed 132056K, reserved 1163264K
  class space    used 17715K, capacity 18842K, committed 18944K, reserved 1048576K
Event: 526.150 GC heap after
Heap after GC invocations=177 (full 3):
 garbage-first heap   total 2883584K, used 1761923K [0x0000000704000000, 0x00000007060002c0, 0x00000007c0000000)
  region size 32768K, 3 young (98304K), 3 survivors (98304K)
 Metaspace       used 126557K, capacity 131777K, committed 132056K, reserved 1163264K
  class space    used 17715K, capacity 18842K, committed 18944K, reserved 1048576K
}
Event: 531.248 GC heap before
{Heap before GC invocations=177 (full 3):
 garbage-first heap   total 2883584K, used 2220675K [0x0000000704000000, 0x00000007060002c0, 0x00000007c0000000)
  region size 32768K, 17 young (557056K), 3 survivors (98304K)
 Metaspace       used 126558K, capacity 131777K, committed 132056K, reserved 1163264K
  class space    used 17715K, capacity 18842K, committed 18944K, reserved 1048576K
Event: 531.286 GC heap after
Heap after GC invocations=178 (full 3):
 garbage-first heap   total 2883584K, used 1747208K [0x0000000704000000, 0x00000007060002c0, 0x00000007c0000000)
  region size 32768K, 3 young (98304K), 3 survivors (98304K)
 Metaspace       used 126558K, capacity 131777K, committed 132056K, reserved 1163264K
  class space    used 17715K, capacity 18842K, committed 18944K, reserved 1048576K
}
Event: 536.336 GC heap before
{Heap before GC invocations=178 (full 3):
 garbage-first heap   total 2883584K, used 2205960K [0x0000000704000000, 0x00000007060002c0, 0x00000007c0000000)
  region size 32768K, 17 young (557056K), 3 survivors (98304K)
 Metaspace       used 126559K, capacity 131777K, committed 132056K, reserved 1163264K
  class space    used 17715K, capacity 18842K, committed 18944K, reserved 1048576K
Event: 536.367 GC heap after
Heap after GC invocations=179 (full 3):
 garbage-first heap   total 2883584K, used 1743360K [0x0000000704000000, 0x00000007060002c0, 0x00000007c0000000)
  region size 32768K, 2 young (65536K), 2 survivors (65536K)
 Metaspace       used 126559K, capacity 131777K, committed 132056K, reserved 1163264K
  class space    used 17715K, capacity 18842K, committed 18944K, reserved 1048576K
}
Event: 541.498 GC heap before
{Heap before GC invocations=179 (full 3):
 garbage-first heap   total 2883584K, used 2234880K [0x0000000704000000, 0x00000007060002c0, 0x00000007c0000000)
  region size 32768K, 17 young (557056K), 2 survivors (65536K)
 Metaspace       used 126567K, capacity 131777K, committed 132056K, reserved 1163264K
  class space    used 17715K, capacity 18842K, committed 18944K, reserved 1048576K
Event: 541.527 GC heap after
Heap after GC invocations=180 (full 3):
 garbage-first heap   total 2883584K, used 1744966K [0x0000000704000000, 0x00000007060002c0, 0x00000007c0000000)
  region size 32768K, 2 young (65536K), 2 survivors (65536K)
 Metaspace       used 126567K, capacity 131777K, committed 132056K, reserved 1163264K
  class space    used 17715K, capacity 18842K, committed 18944K, reserved 1048576K
}

Deoptimization events (10 events):
Event: 513.222 Thread 0x000000001fee5800 Uncommon trap: reason=bimorphic action=maybe_recompile pc=0x0000000006425150 method=net.minecraft.entity.ai.EntityAIBase.func_75253_b()Z @ 1
Event: 513.838 Thread 0x000000001fee5800 Uncommon trap: reason=unstable_if action=reinterpret pc=0x0000000007611db0 method=net.minecraft.world.World.func_180500_c(Lnet/minecraft/world/EnumSkyBlock;Lnet/minecraft/util/math/BlockPos;)Z @ 246
Event: 513.939 Thread 0x0000000002f54000 Uncommon trap: reason=class_check action=maybe_recompile pc=0x0000000006f41244 method=net.minecraft.block.BlockPane.func_185477_a(Lnet/minecraft/block/state/IBlockState;Lnet/minecraft/world/World;Lnet/minecraft/util/math/BlockPos;Lnet/minecraft/util/math/AM◊∏£ÑÄ@
Event: 513.940 Thread 0x0000000002f54000 Uncommon trap: reason=class_check action=maybe_recompile pc=0x0000000006f41244 method=net.minecraft.block.BlockPane.func_185477_a(Lnet/minecraft/block/state/IBlockState;Lnet/minecraft/world/World;Lnet/minecraft/util/math/BlockPos;Lnet/minecraft/util/math/A±]ê„çÄ@
Event: 513.944 Thread 0x000000001fee5800 Uncommon trap: reason=class_check action=maybe_recompile pc=0x0000000006f41244 method=net.minecraft.block.BlockPane.func_185477_a(Lnet/minecraft/block/state/IBlockState;Lnet/minecraft/world/World;Lnet/minecraft/util/math/BlockPos;Lnet/minecraft/util/math/A⁄{LˇçÄ@
Event: 513.944 Thread 0x000000001fee5800 Uncommon trap: reason=class_check action=maybe_recompile pc=0x0000000006f41244 method=net.minecraft.block.BlockPane.func_185477_a(Lnet/minecraft/block/state/IBlockState;Lnet/minecraft/world/World;Lnet/minecraft/util/math/BlockPos;Lnet/minecraft/util/math/A(≠	≥
Ä@
Event: 515.755 Thread 0x0000000002f54000 Uncommon trap: reason=unstable_if action=reinterpret pc=0x0000000007869e88 method=journeymap.client.render.map.GridRenderer.center(Ljava/io/File;Ljourneymap/client/model/MapType;DDI)Z @ 102
Event: 515.772 Thread 0x0000000002f54000 Uncommon trap: reason=null_check action=make_not_entrant pc=0x0000000006f08d20 method=journeymap.client.render.texture.TextureImpl.addListener(Ljourneymap/client/render/texture/TextureImpl$Listener;)V @ 33
Event: 515.772 Thread 0x0000000002f54000 Uncommon trap: reason=null_check action=make_not_entrant pc=0x0000000006681f0c method=journeymap.client.render.texture.TextureImpl.addListener(Ljourneymap/client/render/texture/TextureImpl$Listener;)V @ 33
Event: 542.163 Thread 0x0000000002f54000 Uncommon trap: reason=unstable_if action=reinterpret pc=0x0000000007c912d4 method=net.minecraft.client.renderer.RenderGlobal.func_174970_a(Lnet/minecraft/entity/Entity;DLnet/minecraft/client/renderer/culling/ICamera;IZ)V @ 496

Internal exceptions (10 events):
Event: 550.962 Thread 0x0000000026c14000 Exception <a 'java/lang/InterruptedException': sleep interrupted> (0x000000079c8498a8) thrown at [C:\re\workspace\8-2-build-windows-amd64-cygwin\jdk8u51\3951\hotspot\src\share\vm\prims\jvm.cpp, line 3211]
Event: 550.974 Thread 0x0000000026c14000 Exception <a 'java/lang/InterruptedException': sleep interrupted> (0x000000079c849aa8) thrown at [C:\re\workspace\8-2-build-windows-amd64-cygwin\jdk8u51\3951\hotspot\src\share\vm\prims\jvm.cpp, line 3211]
Event: 550.995 Thread 0x0000000026c14000 Exception <a 'java/lang/InterruptedException': sleep interrupted> (0x000000079c849ca8) thrown at [C:\re\workspace\8-2-build-windows-amd64-cygwin\jdk8u51\3951\hotspot\src\share\vm\prims\jvm.cpp, line 3211]
Event: 551.000 Thread 0x0000000026c14000 Exception <a 'java/lang/InterruptedException': sleep interrupted> (0x000000079c849ea8) thrown at [C:\re\workspace\8-2-build-windows-amd64-cygwin\jdk8u51\3951\hotspot\src\share\vm\prims\jvm.cpp, line 3211]
Event: 551.011 Thread 0x0000000026c14000 Exception <a 'java/lang/InterruptedException': sleep interrupted> (0x000000079c84a0a8) thrown at [C:\re\workspace\8-2-build-windows-amd64-cygwin\jdk8u51\3951\hotspot\src\share\vm\prims\jvm.cpp, line 3211]
Event: 551.024 Thread 0x0000000026c14000 Exception <a 'java/lang/InterruptedException': sleep interrupted> (0x000000079c84a2a8) thrown at [C:\re\workspace\8-2-build-windows-amd64-cygwin\jdk8u51\3951\hotspot\src\share\vm\prims\jvm.cpp, line 3211]
Event: 551.049 Thread 0x0000000026c14000 Exception <a 'java/lang/InterruptedException': sleep interrupted> (0x000000079c84a4e8) thrown at [C:\re\workspace\8-2-build-windows-amd64-cygwin\jdk8u51\3951\hotspot\src\share\vm\prims\jvm.cpp, line 3211]
Event: 551.053 Thread 0x0000000026c14000 Exception <a 'java/lang/InterruptedException': sleep interrupted> (0x000000079c84a6e8) thrown at [C:\re\workspace\8-2-build-windows-amd64-cygwin\jdk8u51\3951\hotspot\src\share\vm\prims\jvm.cpp, line 3211]
Event: 551.061 Thread 0x0000000026c14000 Exception <a 'java/lang/InterruptedException': sleep interrupted> (0x000000079c84a8e8) thrown at [C:\re\workspace\8-2-build-windows-amd64-cygwin\jdk8u51\3951\hotspot\src\share\vm\prims\jvm.cpp, line 3211]
Event: 551.073 Thread 0x0000000026c14000 Exception <a 'java/lang/InterruptedException': sleep interrupted> (0x000000079c84aae8) thrown at [C:\re\workspace\8-2-build-windows-amd64-cygwin\jdk8u51\3951\hotspot\src\share\vm\prims\jvm.cpp, line 3211]

Events (10 events):
Event: 543.798 Thread 0x0000000002f54000 DEOPT PACKING pc=0x00000000080419af sp=0x0000000002f4deb0
Event: 543.798 Thread 0x0000000002f54000 DEOPT UNPACKING pc=0x000000000309787f sp=0x0000000002f4dcd0 mode 0
Event: 545.718 Executing VM operation: CGC_Operation
Event: 545.757 Executing VM operation: CGC_Operation done
Event: 545.757 Executing VM operation: CGC_Operation
Event: 545.762 Executing VM operation: CGC_Operation done
Event: 547.185 Thread 0x0000000034c48000 DEOPT PACKING pc=0x00000000070d2553 sp=0x00000000d2e8e510
Event: 547.185 Thread 0x0000000034c48000 DEOPT UNPACKING pc=0x000000000309787f sp=0x00000000d2e8e310 mode 0
Event: 548.624 Thread 0x0000000002f54000 DEOPT PACKING pc=0x00000000080419af sp=0x0000000002f4deb0
Event: 548.624 Thread 0x0000000002f54000 DEOPT UNPACKING pc=0x000000000309787f sp=0x0000000002f4dcd0 mode 0


Dynamic libraries:
0x00007ff66a8e0000 - 0x00007ff66a917000 	C:\Users\HP\AppData\Roaming\.minecraft\runtime\jre-legacy\windows\jre-legacy\bin\javaw.exe
0x00007ff9b60d0000 - 0x00007ff9b62e7000 	C:\WINDOWS\SYSTEM32\ntdll.dll
0x00007ff9b4610000 - 0x00007ff9b46d4000 	C:\WINDOWS\System32\KERNEL32.DLL
0x00007ff9b3790000 - 0x00007ff9b3b3d000 	C:\WINDOWS\System32\KERNELBASE.dll
0x00007ff9b42c0000 - 0x00007ff9b4372000 	C:\WINDOWS\System32\ADVAPI32.dll
0x00007ff9b4390000 - 0x00007ff9b4437000 	C:\WINDOWS\System32\msvcrt.dll
0x00007ff9b4f00000 - 0x00007ff9b4fa9000 	C:\WINDOWS\System32\sechost.dll
0x00007ff9b3cb0000 - 0x00007ff9b3cd8000 	C:\WINDOWS\System32\bcrypt.dll
0x00007ff9b4750000 - 0x00007ff9b4864000 	C:\WINDOWS\System32\RPCRT4.dll
0x00007ff9b4d50000 - 0x00007ff9b4efe000 	C:\WINDOWS\System32\USER32.dll
0x00007ff9b3c00000 - 0x00007ff9b3c26000 	C:\WINDOWS\System32\win32u.dll
0x00007ff9b5fe0000 - 0x00007ff9b6009000 	C:\WINDOWS\System32\GDI32.dll
0x00007ff9b3460000 - 0x00007ff9b3579000 	C:\WINDOWS\System32\gdi32full.dll
0x00007ff9b36f0000 - 0x00007ff9b378a000 	C:\WINDOWS\System32\msvcp_win.dll
0x00007ff9b3ce0000 - 0x00007ff9b3df1000 	C:\WINDOWS\System32\ucrtbase.dll
0x00007ff993de0000 - 0x00007ff994073000 	C:\WINDOWS\WinSxS\amd64_microsoft.windows.common-controls_6595b64144ccf1df_6.0.22621.3672_none_2713b9d173822955\COMCTL32.dll
0x00007ff9b3e00000 - 0x00007ff9b3e31000 	C:\WINDOWS\System32\IMM32.DLL
0x0000000066a50000 - 0x0000000066b22000 	C:\Users\HP\AppData\Roaming\.minecraft\runtime\jre-legacy\windows\jre-legacy\bin\msvcr100.dll
0x00000000661c0000 - 0x0000000066a43000 	C:\Users\HP\AppData\Roaming\.minecraft\runtime\jre-legacy\windows\jre-legacy\bin\server\jvm.dll
0x00007ff9b5e70000 - 0x00007ff9b5e78000 	C:\WINDOWS\System32\PSAPI.DLL
0x00007ff9aa4e0000 - 0x00007ff9aa514000 	C:\WINDOWS\SYSTEM32\WINMM.dll
0x00007ff941e50000 - 0x00007ff941e59000 	C:\WINDOWS\SYSTEM32\WSOCK32.dll
0x00007ff9a8b80000 - 0x00007ff9a8b8a000 	C:\WINDOWS\SYSTEM32\VERSION.dll
0x00007ff9b5420000 - 0x00007ff9b5491000 	C:\WINDOWS\System32\WS2_32.dll
0x00000000661b0000 - 0x00000000661bf000 	C:\Users\HP\AppData\Roaming\.minecraft\runtime\jre-legacy\windows\jre-legacy\bin\verify.dll
0x0000000066180000 - 0x00000000661a9000 	C:\Users\HP\AppData\Roaming\.minecraft\runtime\jre-legacy\windows\jre-legacy\bin\java.dll
0x0000000066160000 - 0x0000000066176000 	C:\Users\HP\AppData\Roaming\.minecraft\runtime\jre-legacy\windows\jre-legacy\bin\zip.dll
0x00007ff9b55e0000 - 0x00007ff9b5e47000 	C:\WINDOWS\System32\SHELL32.dll
0x00007ff9b1290000 - 0x00007ff9b1b8f000 	C:\WINDOWS\SYSTEM32\windows.storage.dll
0x00007ff9b5090000 - 0x00007ff9b541e000 	C:\WINDOWS\System32\combase.dll
0x00007ff9b1150000 - 0x00007ff9b128f000 	C:\WINDOWS\SYSTEM32\wintypes.dll
0x00007ff9b4c50000 - 0x00007ff9b4d49000 	C:\WINDOWS\System32\SHCORE.dll
0x00007ff9b5580000 - 0x00007ff9b55de000 	C:\WINDOWS\System32\shlwapi.dll
0x00007ff9b3320000 - 0x00007ff9b3347000 	C:\WINDOWS\SYSTEM32\profapi.dll
0x0000000066150000 - 0x000000006615d000 	C:\Users\HP\AppData\Roaming\.minecraft\runtime\jre-legacy\windows\jre-legacy\bin\management.dll
0x0000000066130000 - 0x000000006614a000 	C:\Users\HP\AppData\Roaming\.minecraft\runtime\jre-legacy\windows\jre-legacy\bin\net.dll
0x00007ff9b27d0000 - 0x00007ff9b2839000 	C:\WINDOWS\system32\mswsock.dll
0x00007ff93b210000 - 0x00007ff93b227000 	C:\WINDOWS\system32\napinsp.dll
0x00007ff940c60000 - 0x00007ff940c7b000 	C:\WINDOWS\system32\pnrpnsp.dll
0x00007ff9b1e60000 - 0x00007ff9b1f58000 	C:\WINDOWS\SYSTEM32\DNSAPI.dll
0x00007ff9b1df0000 - 0x00007ff9b1e1d000 	C:\WINDOWS\SYSTEM32\IPHLPAPI.DLL
0x00007ff9b4970000 - 0x00007ff9b4979000 	C:\WINDOWS\System32\NSI.dll
0x00007ff940c80000 - 0x00007ff940c91000 	C:\WINDOWS\System32\winrnr.dll
0x00007ff983230000 - 0x00007ff983245000 	C:\WINDOWS\system32\wshbth.dll
0x00007ff940ca0000 - 0x00007ff940cc7000 	C:\WINDOWS\system32\nlansp_c.dll
0x00007ff9a9fc0000 - 0x00007ff9aa043000 	C:\WINDOWS\System32\fwpuclnt.dll
0x00007ff99dd40000 - 0x00007ff99dd4a000 	C:\Windows\System32\rasadhlp.dll
0x0000000066110000 - 0x0000000066121000 	C:\Users\HP\AppData\Roaming\.minecraft\runtime\jre-legacy\windows\jre-legacy\bin\nio.dll
0x00007ff9b2b20000 - 0x00007ff9b2b3b000 	C:\WINDOWS\SYSTEM32\CRYPTSP.dll
0x00007ff9b22d0000 - 0x00007ff9b2305000 	C:\WINDOWS\system32\rsaenh.dll
0x00007ff9b2870000 - 0x00007ff9b2898000 	C:\WINDOWS\SYSTEM32\USERENV.dll
0x00007ff9b3c30000 - 0x00007ff9b3cab000 	C:\WINDOWS\System32\bcryptprimitives.dll
0x00007ff9b2b00000 - 0x00007ff9b2b0c000 	C:\WINDOWS\SYSTEM32\CRYPTBASE.dll
0x00007ff9aa9c0000 - 0x00007ff9aa9d9000 	C:\WINDOWS\SYSTEM32\dhcpcsvc6.DLL
0x00007ff9aa960000 - 0x00007ff9aa97f000 	C:\WINDOWS\SYSTEM32\dhcpcsvc.DLL
0x00000000660f0000 - 0x0000000066107000 	C:\Users\HP\AppData\Roaming\.minecraft\runtime\jre-legacy\windows\jre-legacy\bin\unpack.dll
0x0000000180000000 - 0x0000000180053000 	C:\Users\HP\AppData\Roaming\.minecraft\versions\tmp mc forge 1122\natives\lwjgl64.dll
0x00007ff984270000 - 0x00007ff984370000 	C:\WINDOWS\SYSTEM32\OPENGL32.dll
0x00007ff984d30000 - 0x00007ff984d5d000 	C:\WINDOWS\SYSTEM32\GLU32.dll
0x00007ff9b04d0000 - 0x00007ff9b0507000 	C:\WINDOWS\SYSTEM32\dxcore.dll
0x0000000065f50000 - 0x00000000660e8000 	C:\Users\HP\AppData\Roaming\.minecraft\runtime\jre-legacy\windows\jre-legacy\bin\awt.dll
0x00007ff9b4fb0000 - 0x00007ff9b5087000 	C:\WINDOWS\System32\OLEAUT32.dll
0x00007ff9a1640000 - 0x00007ff9a16d7000 	C:\WINDOWS\SYSTEM32\apphelp.dll
0x00007ff9ab680000 - 0x00007ff9ab73d000 	C:\WINDOWS\SYSTEM32\mscms.dll
0x00007ff9b2370000 - 0x00007ff9b2388000 	C:\WINDOWS\SYSTEM32\kernel.appcore.dll
0x00007ff9b4b40000 - 0x00007ff9b4bf0000 	C:\WINDOWS\System32\clbcatq.dll
0x00007ff99d950000 - 0x00007ff99d99e000 	C:\Windows\System32\Windows.Internal.Graphics.Display.DisplayColorManagement.dll
0x00007ff9b2fd0000 - 0x00007ff9b301e000 	C:\WINDOWS\SYSTEM32\cfgmgr32.dll
0x00007ff9b03c0000 - 0x00007ff9b0471000 	C:\WINDOWS\system32\uxtheme.dll
0x00007ff9b5e80000 - 0x00007ff9b5fde000 	C:\WINDOWS\System32\MSCTF.dll
0x00007ff99f080000 - 0x00007ff99f1c3000 	C:\WINDOWS\SYSTEM32\textinputframework.dll
0x00007ff9a12c0000 - 0x00007ff9a13f3000 	C:\WINDOWS\SYSTEM32\CoreMessaging.dll
0x00007ff9a01d0000 - 0x00007ff9a053d000 	C:\WINDOWS\SYSTEM32\CoreUIComponents.dll
0x00007ff989230000 - 0x00007ff989299000 	C:\WINDOWS\system32\Oleacc.dll
0x00007ff9a1890000 - 0x00007ff9a18d9000 	C:\WINDOWS\SYSTEM32\directxdatabasehelper.dll
0x00007ff9892e0000 - 0x00007ff989729000 	C:\WINDOWS\SYSTEM32\UIAutomationCore.DLL
0x00007ff9a8500000 - 0x00007ff9a8642000 	C:\Windows\System32\AppXDeploymentClient.dll
0x00007ff959b60000 - 0x00007ff95ab65000 	C:\WINDOWS\System32\DriverStore\FileRepository\iigd_dch.inf_amd64_14a5bb6045f923bf\ig9icd64.dll
0x00007ff9b4440000 - 0x00007ff9b45e5000 	C:\WINDOWS\System32\ole32.dll
0x00007ff9b0630000 - 0x00007ff9b065b000 	C:\WINDOWS\system32\dwmapi.dll
0x00007ff9b0510000 - 0x00007ff9b0607000 	C:\WINDOWS\system32\dxgi.dll
0x00007ff9458b0000 - 0x00007ff945cca000 	C:\WINDOWS\System32\DriverStore\FileRepository\iigd_dch.inf_amd64_14a5bb6045f923bf\igdml64.dll
0x00007ff99b550000 - 0x00007ff99b7d1000 	C:\WINDOWS\System32\DriverStore\FileRepository\iigd_dch.inf_amd64_14a5bb6045f923bf\igdgmm64.dll
0x00007ff93ab50000 - 0x00007ff93ab9a000 	C:\WINDOWS\SYSTEM32\icm32.dll
0x00007ff9942b0000 - 0x00007ff9942fb000 	C:\WINDOWS\system32\ApplicationTargetedFeatureDatabase.dll
0x00007ff9aac00000 - 0x00007ff9aae8a000 	C:\Windows\System32\twinapi.appcore.dll
0x00007ff998630000 - 0x00007ff99b474000 	C:\WINDOWS\System32\DriverStore\FileRepository\iigd_dch.inf_amd64_14a5bb6045f923bf\igc64.dll
0x00007ff9b3230000 - 0x00007ff9b327d000 	C:\WINDOWS\SYSTEM32\powrprof.dll
0x00007ff9b3060000 - 0x00007ff9b3073000 	C:\WINDOWS\SYSTEM32\UMPDC.dll
0x00007ff9692a0000 - 0x00007ff9692e2000 	C:\Users\HP\AppData\Local\Temp\jna-2312\jna5202074374975160060.dll
0x0000000065f20000 - 0x0000000065f44000 	C:\Users\HP\AppData\Roaming\.minecraft\runtime\jre-legacy\windows\jre-legacy\bin\sunec.dll
0x0000000065ed0000 - 0x0000000065f17000 	C:\Users\HP\AppData\Roaming\.minecraft\runtime\jre-legacy\windows\jre-legacy\bin\fontmanager.dll
0x0000000065e80000 - 0x0000000065ec2000 	C:\Users\HP\AppData\Roaming\.minecraft\runtime\jre-legacy\windows\jre-legacy\bin\t2k.dll
0x0000000033c80000 - 0x0000000033ce4000 	C:\Users\HP\AppData\Roaming\.minecraft\versions\tmp mc forge 1122\natives\OpenAL64.dll
0x00007ff9a7f10000 - 0x00007ff9a7fae000 	C:\WINDOWS\System32\MMDevApi.dll
0x00007ff9b2fa0000 - 0x00007ff9b2fcc000 	C:\WINDOWS\System32\DEVOBJ.dll
0x00007ff968e00000 - 0x00007ff968ea2000 	C:\WINDOWS\SYSTEM32\dsound.dll
0x00007ff990370000 - 0x00007ff990399000 	C:\WINDOWS\SYSTEM32\winmmbase.dll
0x00007ff968b70000 - 0x00007ff968c21000 	C:\WINDOWS\SYSTEM32\ResampleDmo.DLL
0x00007ff9a2520000 - 0x00007ff9a252b000 	C:\WINDOWS\SYSTEM32\msdmo.dll
0x00007ff98ca50000 - 0x00007ff98cc3d000 	C:\WINDOWS\SYSTEM32\AUDIOSES.DLL
0x00007ff9b0970000 - 0x00007ff9b0985000 	C:\WINDOWS\SYSTEM32\resourcepolicyclient.dll
0x00007ff9883a0000 - 0x00007ff9883ba000 	C:\Users\HP\AppData\Roaming\.minecraft\versions\tmp mc forge 1122\natives\SAPIWrapper_x64.dll
0x0000000065e40000 - 0x0000000065e71000 	C:\Users\HP\AppData\Roaming\.minecraft\runtime\jre-legacy\windows\jre-legacy\bin\jpeg.dll
0x00007ff9b0c30000 - 0x00007ff9b0e62000 	C:\WINDOWS\SYSTEM32\dbghelp.dll

VM Arguments:
jvm_args: -Dos.name=Windows 10 -Dos.version=10.0 -Djava.library.path=C:\Users\HP\AppData\Roaming\.minecraft\versions\tmp mc forge 1122\natives -Xmx3000M -XX:+UnlockExperimentalVMOptions -XX:+UseG1GC -XX:G1NewSizePercent=20 -XX:G1ReservePercent=20 -XX:MaxGCPauseMillis=50 -XX:G1HeapRegionSize=32M -Dfml.ignoreInvalidMinecraftCertificates=true -Dfml.ignorePatchDiscrepancies=true -Djava.net.preferIPv4Stack=true -Dminecraft.applet.TargetDirectory=C:\Users\HP\AppData\Roaming\.minecraft\versions\tmp mc forge 1122 -DlibraryDirectory=C:\Users\HP\AppData\Roaming\.minecraft\libraries -Dlog4j.configurationFile=C:\Users\HP\AppData\Roaming\.minecraft\assets\log_configs\client-1.12.xml -DLibLoader.modsFolder=C:\Users\HP\AppData\Roaming\.minecraft\versions\tmp mc forge 1122\mods 
java_command: net.minecraft.launchwrapper.Launch --username kitsumecat --version tmp mc forge 1122 --gameDir C:\Users\HP\AppData\Roaming\.minecraft\versions\tmp mc forge 1122 --assetsDir C:\Users\HP\AppData\Roaming\.minecraft\assets --assetIndex 1.12 --uuid 846fd2e1f554484f8a7e1b0ae1ddd26d --accessToken null --userType mojang --tweakClass net.minecraftforge.fml.common.launcher.FMLTweaker --versionType Forge --width 925 --height 530
java_class_path (initial): C:\Users\HP\AppData\Roaming\.minecraft\libraries\net\minecraftforge\forge\1.12.2-14.23.5.2859\forge-1.12.2-14.23.5.2859.jar;C:\Users\HP\AppData\Roaming\.minecraft\libraries\org\ow2\asm\asm-debug-all\5.2\asm-debug-all-5.2.jar;C:\Users\HP\AppData\Roaming\.minecraft\libraries\net\minecraft\launchwrapper\1.12\launchwrapper-1.12.jar;C:\Users\HP\AppData\Roaming\.minecraft\libraries\org\jline\jline\3.5.1\jline-3.5.1.jar;C:\Users\HP\AppData\Roaming\.minecraft\libraries\com\typesafe\akka\akka-actor_2.11\2.3.3\akka-actor_2.11-2.3.3.jar;C:\Users\HP\AppData\Roaming\.minecraft\libraries\com\typesafe\config\1.2.1\config-1.2.1.jar;C:\Users\HP\AppData\Roaming\.minecraft\libraries\org\scala-lang\scala-actors-migration_2.11\1.1.0\scala-actors-migration_2.11-1.1.0.jar;C:\Users\HP\AppData\Roaming\.minecraft\libraries\org\scala-lang\scala-compiler\2.11.1\scala-compiler-2.11.1.jar;C:\Users\HP\AppData\Roaming\.minecraft\libraries\org\scala-lang\plugins\scala-continuations-library_2.11\1.0.2_mc\scala-continuations-library_2.11-1.0.2_mc.jar;C:\Users\HP\AppData\Roaming\.minecraft\libraries\org\scala-lang\plugins\scala-continuations-plugin_2.11.1\1.0.2_mc\scala-continuations-plugin_2.11.1-1.0.2_mc.jar;C:\Users\HP\AppData\Roaming\.minecraft\libraries\org\scala-lang\scala-library\2.11.1\scala-library-2.11.1.jar;C:\Users\HP\AppData\Roaming\.minecraft\libraries\org\scala-lang\scala-parser-combinators_2.11\1.0.1\scala-parser-combinators_2.11-1.0.1.jar;C:\Users\HP\AppData\Roaming\.minecraft\libraries\org\scala-lang\scala-reflect\2.11.1\scala-reflect-2.11.1.jar;C:\Users\HP\AppData\Roaming\.minecraft\libraries\org\scala-lang\scala-swing_2.11\1.0.1\scala-swing_2.11-1.0.1.jar;C:\Users\HP\AppData\Roaming\.minecraft\libraries\org\scala-lang\scala-xml_2.11\1.0.2\scala-xml_2.11-1.0.2.jar;C:\Users\HP\AppData\Roaming\.minecraft\libraries\lzma\lzma\0.0.1\lzma-0.0.1.jar;C:\Users\HP\AppData\Roaming\.minecraft\libraries\java3d\vecmath\1.5.2\vecmath-1.5.2.jar;C:\Users\HP\AppData\Roami
Launcher Type: SUN_STANDARD

Environment Variables:
PATH=C:\Program Files (x86)\Common Files\Intel\Shared Libraries\redist\intel64\compiler;C:\Program Files\Common Files\Oracle\Java\javapath;C:\Program Files (x86)\Common Files\Oracle\Java\javapath;D:\Software\VMware\bin\;C:\WINDOWS\system32;C:\WINDOWS;C:\WINDOWS\System32\Wbem;C:\WINDOWS\System32\WindowsPowerShell\v1.0\;C:\WINDOWS\System32\OpenSSH\;C:\Program Files\dotnet\;D:\Software\GIT\cmd;D:\Software\node.js\;C:\Program Files\Microsoft SQL Server\150\Tools\Binn\;C:\Users\HP\AppData\Local\Programs\Python\Launcher\;C:\Users\HP\AppData\Local\Microsoft\WindowsApps;;C:\Users\HP\AppData\Local\Programs\oh-my-posh\bin;C:\Users\HP\AppData\Roaming\npm;C:\Users\HP\AppData\Roaming\Programs\Zero Install;C:\Program Files\Java\jre-1.8\bin
USERNAME=HP
OS=Windows_NT
PROCESSOR_IDENTIFIER=Intel64 Family 6 Model 142 Stepping 12, GenuineIntel



---------------  S Y S T E M  ---------------

OS: Windows 10.0 , 64 bit Build 22621 (10.0.22621.3958)

CPU:total 8 (4 cores per cpu, 2 threads per core) family 6 model 142 stepping 12, cmov, cx8, fxsr, mmx, sse, sse2, sse3, ssse3, sse4.1, sse4.2, popcnt, avx, avx2, aes, clmul, erms, 3dnowpref, lzcnt, ht, tsc, tscinvbit, bmi1, bmi2, adx

Memory: 4k page, physical 12365300k(456416k free), swap 27001600k(4448k free)

vm_info: Java HotSpot(TM) 64-Bit Server VM (25.51-b03) for windows-amd64 JRE (1.8.0_51-b16), built on Jun  8 2015 18:03:07 by "java_re" with MS VC++ 10.0 (VS2010)

time: Fri Sep 06 13:29:22 2024
elapsed time: 551 seconds (0d 0h 9m 11s)

