#
# There is insufficient memory for the Java Runtime Environment to continue.
# Native memory allocation (malloc) failed to allocate 1713856 bytes for Chunk::new
# Possible reasons:
#   The system is out of physical RAM or swap space
#   In 32 bit mode, the process size limit was hit
# Possible solutions:
#   Reduce memory load on the system
#   Increase physical memory or swap space
#   Check if swap backing store is full
#   Use 64 bit Java on a 64 bit OS
#   Decrease Java heap size (-Xmx/-Xms)
#   Decrease number of Java threads
#   Decrease Java thread stack sizes (-Xss)
#   Set larger code cache with -XX:ReservedCodeCacheSize=
# This output file may be truncated or incomplete.
#
#  Out of Memory Error (allocation.cpp:390), pid=13532, tid=20424
#
# JRE version: Java(TM) SE Runtime Environment (8.0_51-b16) (build 1.8.0_51-b16)
# Java VM: Java HotSpot(TM) 64-Bit Server VM (25.51-b03 mixed mode windows-amd64 compressed oops)
# Failed to write core dump. Minidumps are not enabled by default on client versions of Windows
#

---------------  T H R E A D  ---------------

Current thread (0x0000000034685000):  JavaThread "C2 CompilerThread0" daemon [_thread_in_native, id=20424, stack(0x0000000034ca0000,0x0000000034da0000)]

Stack: [0x0000000034ca0000,0x0000000034da0000]
Native frames: (J=compiled Java code, j=interpreted, Vv=VM code, C=native code)
V  [jvm.dll+0x32b4ca]
V  [jvm.dll+0x2797e3]
V  [jvm.dll+0x27a479]
V  [jvm.dll+0x271765]
V  [jvm.dll+0xcba02]
V  [jvm.dll+0xcbecc]
V  [jvm.dll+0x476f72]
V  [jvm.dll+0x4b95ff]
V  [jvm.dll+0x46c011]
V  [jvm.dll+0x46cd4e]
V  [jvm.dll+0x4501a2]
V  [jvm.dll+0xa43a2]
V  [jvm.dll+0xa4cdf]
V  [jvm.dll+0x2418a4]
V  [jvm.dll+0x29846a]
C  [msvcr100.dll+0x21d9f]
C  [msvcr100.dll+0x21e3b]
C  [KERNEL32.DLL+0x1259d]
C  [ntdll.dll+0x5af38]


Current CompileTask:
C2: 538787 27920   !   4       net.minecraft.client.renderer.chunk.ChunkRenderWorker::func_178474_a (662 bytes)


---------------  P R O C E S S  ---------------

Java Threads: ( => current thread )
  0x0000000036e12800 JavaThread "File IO Thread" [_thread_blocked, id=25232, stack(0x000000003eeb0000,0x000000003efb0000)]
  0x000000003a77e000 JavaThread "JM-task-4" [_thread_blocked, id=18724, stack(0x00000000f3110000,0x00000000f3210000)]
  0x000000003a772000 JavaThread "pool-2-thread-1" [_thread_blocked, id=2088, stack(0x00000000ed8f0000,0x00000000ed9f0000)]
  0x000000003a774800 JavaThread "JM-texture-3" [_thread_blocked, id=15892, stack(0x00000000f02d0000,0x00000000f03d0000)]
  0x000000003a779800 JavaThread "JM-texture-2" [_thread_blocked, id=24136, stack(0x00000000edbe0000,0x00000000edce0000)]
  0x000000003a776800 JavaThread "Chunk Batcher 11" daemon [_thread_blocked, id=16032, stack(0x00000000ce7f0000,0x00000000ce8f0000)]
  0x000000003a779000 JavaThread "Chunk Batcher 10" daemon [_thread_blocked, id=6928, stack(0x00000000ce6f0000,0x00000000ce7f0000)]
  0x000000003a777800 JavaThread "Chunk Batcher 9" daemon [_thread_blocked, id=17552, stack(0x00000000ce5f0000,0x00000000ce6f0000)]
  0x000000003a776000 JavaThread "Chunk Batcher 8" daemon [_thread_blocked, id=16428, stack(0x00000000ce4f0000,0x00000000ce5f0000)]
  0x0000000036805000 JavaThread "Chunk Batcher 7" daemon [_thread_blocked, id=20004, stack(0x00000000ce3f0000,0x00000000ce4f0000)]
  0x0000000036e1b800 JavaThread "Chunk Batcher 6" daemon [_thread_blocked, id=4308, stack(0x00000000ce2f0000,0x00000000ce3f0000)]
  0x0000000036e1a000 JavaThread "Chunk Batcher 5" daemon [_thread_blocked, id=16572, stack(0x00000000b2240000,0x00000000b2340000)]
  0x0000000036e19000 JavaThread "Chunk Batcher 4" daemon [_thread_blocked, id=18708, stack(0x00000000b2140000,0x00000000b2240000)]
  0x0000000036e18800 JavaThread "Chunk Batcher 3" daemon [_thread_blocked, id=15612, stack(0x00000000b09f0000,0x00000000b0af0000)]
  0x0000000036e1a800 JavaThread "Chunk Batcher 2" daemon [_thread_blocked, id=6820, stack(0x00000000b08f0000,0x00000000b09f0000)]
  0x0000000036e11000 JavaThread "Chunk Batcher 1" daemon [_thread_blocked, id=17072, stack(0x00000000b0400000,0x00000000b0500000)]
  0x0000000036e17000 JavaThread "Chunk Batcher 0" daemon [_thread_blocked, id=15960, stack(0x00000000a9490000,0x00000000a9590000)]
  0x000000009c391000 JavaThread "pool-10-thread-1" [_thread_blocked, id=5148, stack(0x000000007fe10000,0x000000007ff10000)]
  0x000000009c392800 JavaThread "Netty Client IO #8" daemon [_thread_in_native, id=11140, stack(0x0000000097720000,0x0000000097820000)]
  0x000000009c38c800 JavaThread "Netty Client IO #7" daemon [_thread_in_native, id=14224, stack(0x00000000aa7a0000,0x00000000aa8a0000)]
  0x000000003753f800 JavaThread "Netty Client IO #6" daemon [_thread_in_native, id=15516, stack(0x00000000aa6a0000,0x00000000aa7a0000)]
  0x0000000036807000 JavaThread "Netty Client IO #5" daemon [_thread_in_native, id=15776, stack(0x00000000a9590000,0x00000000a9690000)]
  0x0000000036809800 JavaThread "Netty Client IO #4" daemon [_thread_in_native, id=16456, stack(0x00000000a8380000,0x00000000a8480000)]
  0x000000009c396800 JavaThread "threadDeathWatcher-2-1" daemon [_thread_blocked, id=11640, stack(0x00000000a7270000,0x00000000a7370000)]
  0x000000009c395800 JavaThread "Netty Client IO #3" daemon [_thread_in_native, id=2884, stack(0x00000000a6f70000,0x00000000a7070000)]
  0x000000009c397000 JavaThread "Netty Client IO #2" daemon [_thread_in_native, id=9096, stack(0x00000000a6e70000,0x00000000a6f70000)]
  0x000000009c393800 JavaThread "Server Pinger #4" daemon [_thread_blocked, id=5992, stack(0x00000000a6d70000,0x00000000a6e70000)]
  0x000000009c395000 JavaThread "Netty Client IO #1" daemon [_thread_in_native, id=18212, stack(0x00000000a6c70000,0x00000000a6d70000)]
  0x000000009c398000 JavaThread "Server Pinger #3" daemon [_thread_blocked, id=8812, stack(0x00000000a6b70000,0x00000000a6c70000)]
  0x000000009c394000 JavaThread "Netty Client IO #0" daemon [_thread_in_native, id=18840, stack(0x00000000a67b0000,0x00000000a68b0000)]
  0x000000009c38b000 JavaThread "Netty Client IO #0" daemon [_thread_in_native, id=25060, stack(0x00000000a61d0000,0x00000000a62d0000)]
  0x000000009c392000 JavaThread "Server Pinger #2" daemon [_thread_blocked, id=3336, stack(0x00000000a6a70000,0x00000000a6b70000)]
  0x000000009c38d800 JavaThread "Server Pinger #1" daemon [_thread_blocked, id=12056, stack(0x000000009c910000,0x000000009ca10000)]
  0x000000009c38f000 JavaThread "Server Pinger #0" daemon [_thread_blocked, id=13784, stack(0x000000009b640000,0x000000009b740000)]
  0x000000009c390800 JavaThread "Narrator" daemon [_thread_blocked, id=11664, stack(0x0000000044970000,0x0000000044a70000)]
  0x000000009c38a800 JavaThread "pool-4-thread-1" daemon [_thread_blocked, id=6232, stack(0x000000005c240000,0x000000005c340000)]
  0x000000003680b800 JavaThread "Thread-11" [_thread_blocked, id=22340, stack(0x000000004ae90000,0x000000004af90000)]
  0x000000003680b000 JavaThread "Thread-10" [_thread_blocked, id=14260, stack(0x000000004a090000,0x000000004a190000)]
  0x0000000037542800 JavaThread "AWT-Windows" daemon [_thread_in_native, id=7320, stack(0x000000004b640000,0x000000004b740000)]
  0x0000000037541000 JavaThread "LWJGL Timer" daemon [_thread_blocked, id=20740, stack(0x0000000044a70000,0x0000000044b70000)]
  0x0000000037540000 JavaThread "Java2D Disposer" daemon [_thread_blocked, id=23580, stack(0x0000000039030000,0x0000000039130000)]
  0x0000000035927800 JavaThread "Timer hack thread" daemon [_thread_blocked, id=5172, stack(0x0000000038ce0000,0x0000000038de0000)]
  0x000000003ab36800 JavaThread "Snooper Timer" daemon [_thread_blocked, id=26052, stack(0x00000000389d0000,0x0000000038ad0000)]
  0x000000003469d000 JavaThread "Service Thread" daemon [_thread_blocked, id=18964, stack(0x00000000354a0000,0x00000000355a0000)]
  0x0000000034691800 JavaThread "C1 CompilerThread3" daemon [_thread_blocked, id=16700, stack(0x0000000034fa0000,0x00000000350a0000)]
  0x0000000034686800 JavaThread "C2 CompilerThread2" daemon [_thread_in_native, id=16492, stack(0x0000000034ea0000,0x0000000034fa0000)]
  0x0000000034686000 JavaThread "C2 CompilerThread1" daemon [_thread_blocked, id=16212, stack(0x0000000034da0000,0x0000000034ea0000)]
=>0x0000000034685000 JavaThread "C2 CompilerThread0" daemon [_thread_in_native, id=20424, stack(0x0000000034ca0000,0x0000000034da0000)]
  0x0000000034684000 JavaThread "Attach Listener" daemon [_thread_blocked, id=24588, stack(0x0000000034ba0000,0x0000000034ca0000)]
  0x0000000034681000 JavaThread "Signal Dispatcher" daemon [_thread_blocked, id=4836, stack(0x0000000034aa0000,0x0000000034ba0000)]
  0x000000003467c800 JavaThread "Surrogate Locker Thread (Concurrent GC)" daemon [_thread_blocked, id=18020, stack(0x00000000349a0000,0x0000000034aa0000)]
  0x0000000034627000 JavaThread "Finalizer" daemon [_thread_blocked, id=3428, stack(0x00000000348a0000,0x00000000349a0000)]
  0x000000003461e800 JavaThread "Reference Handler" daemon [_thread_blocked, id=18012, stack(0x00000000347a0000,0x00000000348a0000)]
  0x00000000026d4000 JavaThread "Client thread" [_thread_in_native, id=22244, stack(0x00000000025d0000,0x00000000026d0000)]

Other Threads:
  0x0000000034619000 VMThread [stack: 0x00000000346a0000,0x00000000347a0000] [id=10392]
  0x0000000035125000 WatcherThread [stack: 0x00000000355a0000,0x00000000356a0000] [id=3000]

VM state:not at safepoint (normal execution)

VM Mutex/Monitor currently owned by a thread: None

Heap:
 garbage-first heap   total 4718592K, used 3517847K [0x00000004cc000000, 0x00000004ce000480, 0x00000007c0000000)
  region size 32768K, 62 young (2031616K), 2 survivors (65536K)
 Metaspace       used 124694K, capacity 129757K, committed 129860K, reserved 1161216K
  class space    used 17552K, capacity 18668K, committed 18764K, reserved 1048576K

Heap Regions: (Y=young(eden), SU=young(survivor), HS=humongous(starts), HC=humongous(continues), CS=collection set, F=free, TS=gc time stamp, PTAMS=previous top-at-mark-start, NTAMS=next top-at-mark-start)
AC   0  O    TS     0 PTAMS 0x00000004cdffffe0 NTAMS 0x00000004cdffffe0 space 32768K,  99% used [0x00000004cc000000, 0x00000004ce000000)
AC   0  O    TS     0 PTAMS 0x00000004cfffffd8 NTAMS 0x00000004cfffffd8 space 32768K,  99% used [0x00000004ce000000, 0x00000004d0000000)
AC   0  O    TS     0 PTAMS 0x00000004d1fff538 NTAMS 0x00000004d1fff538 space 32768K,  99% used [0x00000004d0000000, 0x00000004d2000000)
AC   0 HS    TS     0 PTAMS 0x00000004d3000010 NTAMS 0x00000004d3000010 space 32768K,  50% used [0x00000004d2000000, 0x00000004d4000000)
AC   0  O    TS     0 PTAMS 0x00000004d6000000 NTAMS 0x00000004d6000000 space 32768K, 100% used [0x00000004d4000000, 0x00000004d6000000)
AC   0  O    TS     0 PTAMS 0x00000004d7fffff0 NTAMS 0x00000004d7fffff0 space 32768K,  99% used [0x00000004d6000000, 0x00000004d8000000)
AC   0  O    TS     0 PTAMS 0x00000004d9fffff8 NTAMS 0x00000004d9fffff8 space 32768K,  99% used [0x00000004d8000000, 0x00000004da000000)
AC   0  O    TS     0 PTAMS 0x00000004dbf934b0 NTAMS 0x00000004dbf934b0 space 32768K,  98% used [0x00000004da000000, 0x00000004dc000000)
AC   0  O    TS     0 PTAMS 0x00000004ddffffd8 NTAMS 0x00000004ddffffd8 space 32768K,  99% used [0x00000004dc000000, 0x00000004de000000)
AC   0  O    TS     0 PTAMS 0x00000004e0000000 NTAMS 0x00000004e0000000 space 32768K, 100% used [0x00000004de000000, 0x00000004e0000000)
AC   0  O    TS     0 PTAMS 0x00000004e1ffa058 NTAMS 0x00000004e1ffa058 space 32768K,  99% used [0x00000004e0000000, 0x00000004e2000000)
AC   0  O    TS     0 PTAMS 0x00000004e3ffbc78 NTAMS 0x00000004e3ffbc78 space 32768K,  99% used [0x00000004e2000000, 0x00000004e4000000)
AC   0  O    TS     0 PTAMS 0x00000004e5f8e490 NTAMS 0x00000004e5f8e490 space 32768K,  98% used [0x00000004e4000000, 0x00000004e6000000)
AC   0  O    TS     0 PTAMS 0x00000004e7fffff0 NTAMS 0x00000004e7fffff0 space 32768K,  99% used [0x00000004e6000000, 0x00000004e8000000)
AC   0  O    TS     0 PTAMS 0x00000004ea000000 NTAMS 0x00000004ea000000 space 32768K, 100% used [0x00000004e8000000, 0x00000004ea000000)
AC   0  O    TS     0 PTAMS 0x00000004ebffdfe0 NTAMS 0x00000004ebffdfe0 space 32768K,  99% used [0x00000004ea000000, 0x00000004ec000000)
AC   0  O    TS     0 PTAMS 0x00000004edffffe0 NTAMS 0x00000004edffffe0 space 32768K,  99% used [0x00000004ec000000, 0x00000004ee000000)
AC   0  O    TS     0 PTAMS 0x00000004effffff0 NTAMS 0x00000004effffff0 space 32768K,  99% used [0x00000004ee000000, 0x00000004f0000000)
AC   0  O    TS     0 PTAMS 0x00000004f1fffff8 NTAMS 0x00000004f1fffff8 space 32768K,  99% used [0x00000004f0000000, 0x00000004f2000000)
AC   0  O    TS     0 PTAMS 0x00000004f4000000 NTAMS 0x00000004f4000000 space 32768K, 100% used [0x00000004f2000000, 0x00000004f4000000)
AC   0  O    TS     0 PTAMS 0x00000004f6000000 NTAMS 0x00000004f6000000 space 32768K, 100% used [0x00000004f4000000, 0x00000004f6000000)
AC   0  O    TS     0 PTAMS 0x00000004f7ffffe0 NTAMS 0x00000004f7ffffe0 space 32768K,  99% used [0x00000004f6000000, 0x00000004f8000000)
AC   0 HS    TS     0 PTAMS 0x00000004f991ea58 NTAMS 0x00000004f991ea58 space 32768K,  78% used [0x00000004f8000000, 0x00000004fa000000)
AC   0  O    TS     0 PTAMS 0x00000004fc000000 NTAMS 0x00000004fc000000 space 32768K, 100% used [0x00000004fa000000, 0x00000004fc000000)
AC   0  O    TS     0 PTAMS 0x00000004fdfffff8 NTAMS 0x00000004fdfffff8 space 32768K,  99% used [0x00000004fc000000, 0x00000004fe000000)
AC   0  O    TS     0 PTAMS 0x00000004fffffff8 NTAMS 0x00000004fffffff8 space 32768K,  99% used [0x00000004fe000000, 0x0000000500000000)
AC   0  O    TS     0 PTAMS 0x0000000502000000 NTAMS 0x0000000502000000 space 32768K, 100% used [0x0000000500000000, 0x0000000502000000)
AC   0  O    TS     0 PTAMS 0x0000000504000000 NTAMS 0x0000000504000000 space 32768K, 100% used [0x0000000502000000, 0x0000000504000000)
AC   0  O    TS     0 PTAMS 0x0000000505ffff90 NTAMS 0x0000000505ffff90 space 32768K,  99% used [0x0000000504000000, 0x0000000506000000)
AC   0  O    TS     0 PTAMS 0x0000000507ffffd0 NTAMS 0x0000000507ffffd0 space 32768K,  99% used [0x0000000506000000, 0x0000000508000000)
AC   0  O    TS     0 PTAMS 0x0000000509fffff0 NTAMS 0x0000000509fffff0 space 32768K,  99% used [0x0000000508000000, 0x000000050a000000)
AC   0  O    TS     0 PTAMS 0x000000050bfe72b8 NTAMS 0x000000050bfe72b8 space 32768K,  99% used [0x000000050a000000, 0x000000050c000000)
AC   0  O    TS     0 PTAMS 0x000000050dfffff0 NTAMS 0x000000050dfffff0 space 32768K,  99% used [0x000000050c000000, 0x000000050e000000)
AC   0  O    TS     0 PTAMS 0x0000000510000000 NTAMS 0x0000000510000000 space 32768K, 100% used [0x000000050e000000, 0x0000000510000000)
AC   0  O    TS     0 PTAMS 0x0000000512000000 NTAMS 0x0000000512000000 space 32768K, 100% used [0x0000000510000000, 0x0000000512000000)
AC   0  O    TS     0 PTAMS 0x0000000513fffff0 NTAMS 0x0000000513fffff0 space 32768K,  99% used [0x0000000512000000, 0x0000000514000000)
AC   0  O    TS     0 PTAMS 0x0000000515fffff8 NTAMS 0x0000000515fffff8 space 32768K,  99% used [0x0000000514000000, 0x0000000516000000)
AC   0  O    TS     0 PTAMS 0x0000000517ffffe0 NTAMS 0x0000000517ffffe0 space 32768K,  99% used [0x0000000516000000, 0x0000000518000000)
AC   0  O    TS     0 PTAMS 0x0000000519ffff88 NTAMS 0x0000000519ffff88 space 32768K,  99% used [0x0000000518000000, 0x000000051a000000)
AC   0  O    TS     0 PTAMS 0x000000051bffffd8 NTAMS 0x000000051bffffd8 space 32768K,  99% used [0x000000051a000000, 0x000000051c000000)
AC   0  O    TS     0 PTAMS 0x000000051dff3c08 NTAMS 0x000000051dff3c08 space 32768K,  99% used [0x000000051c000000, 0x000000051e000000)
AC   0  O    TS     0 PTAMS 0x000000051ffff1c8 NTAMS 0x000000051ffff1c8 space 32768K,  99% used [0x000000051e000000, 0x0000000520000000)
AC   0  O    TS     0 PTAMS 0x0000000521fffff8 NTAMS 0x0000000521fffff8 space 32768K,  99% used [0x0000000520000000, 0x0000000522000000)
AC   0  O    TS     0 PTAMS 0x0000000523ffffb8 NTAMS 0x0000000523ffffb8 space 32768K,  99% used [0x0000000522000000, 0x0000000524000000)
AC   0  O    TS     0 PTAMS 0x0000000525fc9a68 NTAMS 0x0000000525fc9a68 space 32768K,  99% used [0x0000000524000000, 0x0000000526000000)
AC   0  O    TS     0 PTAMS 0x00000005270c7ec8 NTAMS 0x00000005270c7ec8 space 32768K,  52% used [0x0000000526000000, 0x0000000528000000)
AC   0 HS    TS     0 PTAMS 0x0000000529000010 NTAMS 0x0000000529000010 space 32768K,  50% used [0x0000000528000000, 0x000000052a000000)
AC   0  O    TS    19 PTAMS 0x000000052a000000 NTAMS 0x000000052a000000 space 32768K, 100% used [0x000000052a000000, 0x000000052c000000)
AC   0  O    TS    29 PTAMS 0x000000052c000000 NTAMS 0x000000052c000000 space 32768K,  24% used [0x000000052c000000, 0x000000052e000000)
AC   0  F    TS     0 PTAMS 0x000000052e000000 NTAMS 0x000000052e000000 space 32768K,   0% used [0x000000052e000000, 0x0000000530000000)
AC   0  F    TS     0 PTAMS 0x0000000530000000 NTAMS 0x0000000530000000 space 32768K,   0% used [0x0000000530000000, 0x0000000532000000)
AC   0  F    TS     0 PTAMS 0x0000000532000000 NTAMS 0x0000000532000000 space 32768K,   0% used [0x0000000532000000, 0x0000000534000000)
AC   0  F    TS     0 PTAMS 0x0000000534000000 NTAMS 0x0000000534000000 space 32768K,   0% used [0x0000000534000000, 0x0000000536000000)
AC   0  F    TS     0 PTAMS 0x0000000536000000 NTAMS 0x0000000536000000 space 32768K,   0% used [0x0000000536000000, 0x0000000538000000)
AC   0  F    TS     0 PTAMS 0x0000000538000000 NTAMS 0x0000000538000000 space 32768K,   0% used [0x0000000538000000, 0x000000053a000000)
AC   0  F    TS     0 PTAMS 0x000000053a000000 NTAMS 0x000000053a000000 space 32768K,   0% used [0x000000053a000000, 0x000000053c000000)
AC   0  F    TS     0 PTAMS 0x000000053c000000 NTAMS 0x000000053c000000 space 32768K,   0% used [0x000000053c000000, 0x000000053e000000)
AC   0  F    TS     0 PTAMS 0x000000053e000000 NTAMS 0x000000053e000000 space 32768K,   0% used [0x000000053e000000, 0x0000000540000000)
AC   0  F    TS     0 PTAMS 0x0000000540000000 NTAMS 0x0000000540000000 space 32768K,   0% used [0x0000000540000000, 0x0000000542000000)
AC   0  F    TS     0 PTAMS 0x0000000542000000 NTAMS 0x0000000542000000 space 32768K,   0% used [0x0000000542000000, 0x0000000544000000)
AC   0  F    TS     0 PTAMS 0x0000000544000000 NTAMS 0x0000000544000000 space 32768K,   0% used [0x0000000544000000, 0x0000000546000000)
AC   0  F    TS     0 PTAMS 0x0000000546000000 NTAMS 0x0000000546000000 space 32768K,   0% used [0x0000000546000000, 0x0000000548000000)
AC   0  F    TS     0 PTAMS 0x0000000548000000 NTAMS 0x0000000548000000 space 32768K,   0% used [0x0000000548000000, 0x000000054a000000)
AC   0  F    TS     0 PTAMS 0x000000054a000000 NTAMS 0x000000054a000000 space 32768K,   0% used [0x000000054a000000, 0x000000054c000000)
AC   0  F    TS     0 PTAMS 0x000000054c000000 NTAMS 0x000000054c000000 space 32768K,   0% used [0x000000054c000000, 0x000000054e000000)
AC   0  F    TS     0 PTAMS 0x000000054e000000 NTAMS 0x000000054e000000 space 32768K,   0% used [0x000000054e000000, 0x0000000550000000)
AC   0  F    TS     0 PTAMS 0x0000000550000000 NTAMS 0x0000000550000000 space 32768K,   0% used [0x0000000550000000, 0x0000000552000000)
AC   0  F    TS     0 PTAMS 0x0000000552000000 NTAMS 0x0000000552000000 space 32768K,   0% used [0x0000000552000000, 0x0000000554000000)
AC   0  F    TS     0 PTAMS 0x0000000554000000 NTAMS 0x0000000554000000 space 32768K,   0% used [0x0000000554000000, 0x0000000556000000)
AC   0  F    TS     0 PTAMS 0x0000000556000000 NTAMS 0x0000000556000000 space 32768K,   0% used [0x0000000556000000, 0x0000000558000000)
AC   0  F    TS     0 PTAMS 0x0000000558000000 NTAMS 0x0000000558000000 space 32768K,   0% used [0x0000000558000000, 0x000000055a000000)
AC   0  F    TS     0 PTAMS 0x000000055a000000 NTAMS 0x000000055a000000 space 32768K,   0% used [0x000000055a000000, 0x000000055c000000)
AC   0  F    TS     0 PTAMS 0x000000055c000000 NTAMS 0x000000055c000000 space 32768K,   0% used [0x000000055c000000, 0x000000055e000000)
AC   0  F    TS     0 PTAMS 0x000000055e000000 NTAMS 0x000000055e000000 space 32768K,   0% used [0x000000055e000000, 0x0000000560000000)
AC   0  F    TS     0 PTAMS 0x0000000560000000 NTAMS 0x0000000560000000 space 32768K,   0% used [0x0000000560000000, 0x0000000562000000)
AC   0  F    TS     0 PTAMS 0x0000000562000000 NTAMS 0x0000000562000000 space 32768K,   0% used [0x0000000562000000, 0x0000000564000000)
AC   0  F    TS     0 PTAMS 0x0000000564000000 NTAMS 0x0000000564000000 space 32768K,   0% used [0x0000000564000000, 0x0000000566000000)
AC   0  F    TS     0 PTAMS 0x0000000566000000 NTAMS 0x0000000566000000 space 32768K,   0% used [0x0000000566000000, 0x0000000568000000)
AC   0  S CS TS    29 PTAMS 0x0000000568000000 NTAMS 0x0000000568000000 space 32768K,  83% used [0x0000000568000000, 0x000000056a000000)
AC   0  S CS TS    29 PTAMS 0x000000056a000000 NTAMS 0x000000056a000000 space 32768K, 100% used [0x000000056a000000, 0x000000056c000000)
AC   0  F    TS    23 PTAMS 0x000000056c000000 NTAMS 0x000000056c000000 space 32768K,   0% used [0x000000056c000000, 0x000000056e000000)
AC   0  F    TS    23 PTAMS 0x000000056e000000 NTAMS 0x000000056e000000 space 32768K,   0% used [0x000000056e000000, 0x0000000570000000)
AC   0  F    TS     0 PTAMS 0x0000000570000000 NTAMS 0x0000000570000000 space 32768K,   0% used [0x0000000570000000, 0x0000000572000000)
AC   0  F    TS    15 PTAMS 0x0000000572000000 NTAMS 0x0000000572000000 space 32768K,   0% used [0x0000000572000000, 0x0000000574000000)
AC   0  E    TS    15 PTAMS 0x0000000574000000 NTAMS 0x0000000574000000 space 32768K,  62% used [0x0000000574000000, 0x0000000576000000)
AC   0  E CS TS    15 PTAMS 0x0000000576000000 NTAMS 0x0000000576000000 space 32768K, 100% used [0x0000000576000000, 0x0000000578000000)
AC   0  E CS TS    15 PTAMS 0x0000000578000000 NTAMS 0x0000000578000000 space 32768K, 100% used [0x0000000578000000, 0x000000057a000000)
AC   0  E CS TS     0 PTAMS 0x000000057a000000 NTAMS 0x000000057a000000 space 32768K, 100% used [0x000000057a000000, 0x000000057c000000)
AC   0  E CS TS     0 PTAMS 0x000000057c000000 NTAMS 0x000000057c000000 space 32768K, 100% used [0x000000057c000000, 0x000000057e000000)
AC   0  E CS TS     0 PTAMS 0x000000057e000000 NTAMS 0x000000057e000000 space 32768K, 100% used [0x000000057e000000, 0x0000000580000000)
AC   0  E CS TS     0 PTAMS 0x0000000580000000 NTAMS 0x0000000580000000 space 32768K, 100% used [0x0000000580000000, 0x0000000582000000)
AC   0  E CS TS     0 PTAMS 0x0000000582000000 NTAMS 0x0000000582000000 space 32768K, 100% used [0x0000000582000000, 0x0000000584000000)
AC   0  E CS TS    27 PTAMS 0x0000000584000000 NTAMS 0x0000000584000000 space 32768K, 100% used [0x0000000584000000, 0x0000000586000000)
AC   0  E CS TS    27 PTAMS 0x0000000586000000 NTAMS 0x0000000586000000 space 32768K, 100% used [0x0000000586000000, 0x0000000588000000)
AC   0  E CS TS     0 PTAMS 0x0000000588000000 NTAMS 0x0000000588000000 space 32768K, 100% used [0x0000000588000000, 0x000000058a000000)
AC   0  E CS TS     0 PTAMS 0x000000058a000000 NTAMS 0x000000058a000000 space 32768K, 100% used [0x000000058a000000, 0x000000058c000000)
AC   0  E CS TS     0 PTAMS 0x000000058c000000 NTAMS 0x000000058c000000 space 32768K, 100% used [0x000000058c000000, 0x000000058e000000)
AC   0  E CS TS    13 PTAMS 0x000000058e000000 NTAMS 0x000000058e000000 space 32768K, 100% used [0x000000058e000000, 0x0000000590000000)
AC   0  E CS TS    13 PTAMS 0x0000000590000000 NTAMS 0x0000000590000000 space 32768K, 100% used [0x0000000590000000, 0x0000000592000000)
AC   0  E CS TS    13 PTAMS 0x0000000592000000 NTAMS 0x0000000592000000 space 32768K, 100% used [0x0000000592000000, 0x0000000594000000)
AC   0  E CS TS    17 PTAMS 0x0000000594000000 NTAMS 0x0000000594000000 space 32768K, 100% used [0x0000000594000000, 0x0000000596000000)
AC   0  E CS TS    17 PTAMS 0x0000000596000000 NTAMS 0x0000000596000000 space 32768K, 100% used [0x0000000596000000, 0x0000000598000000)
AC   0  E CS TS    17 PTAMS 0x0000000598000000 NTAMS 0x0000000598000000 space 32768K, 100% used [0x0000000598000000, 0x000000059a000000)
AC   0  E CS TS     0 PTAMS 0x000000059a000000 NTAMS 0x000000059a000000 space 32768K, 100% used [0x000000059a000000, 0x000000059c000000)
AC   0  E CS TS     0 PTAMS 0x000000059c000000 NTAMS 0x000000059c000000 space 32768K, 100% used [0x000000059c000000, 0x000000059e000000)
AC   0  E CS TS     0 PTAMS 0x000000059e000000 NTAMS 0x000000059e000000 space 32768K, 100% used [0x000000059e000000, 0x00000005a0000000)
AC   0  E CS TS     0 PTAMS 0x00000005a0000000 NTAMS 0x00000005a0000000 space 32768K, 100% used [0x00000005a0000000, 0x00000005a2000000)
AC   0  E CS TS    11 PTAMS 0x00000005a2000000 NTAMS 0x00000005a2000000 space 32768K, 100% used [0x00000005a2000000, 0x00000005a4000000)
AC   0  E CS TS    11 PTAMS 0x00000005a4000000 NTAMS 0x00000005a4000000 space 32768K, 100% used [0x00000005a4000000, 0x00000005a6000000)
AC   0  E CS TS    11 PTAMS 0x00000005a6000000 NTAMS 0x00000005a6000000 space 32768K, 100% used [0x00000005a6000000, 0x00000005a8000000)
AC   0  E CS TS     0 PTAMS 0x00000005a8000000 NTAMS 0x00000005a8000000 space 32768K, 100% used [0x00000005a8000000, 0x00000005aa000000)
AC   0  E CS TS     0 PTAMS 0x00000005aa000000 NTAMS 0x00000005aa000000 space 32768K, 100% used [0x00000005aa000000, 0x00000005ac000000)
AC   0  E CS TS     7 PTAMS 0x00000005ac000000 NTAMS 0x00000005ac000000 space 32768K, 100% used [0x00000005ac000000, 0x00000005ae000000)
AC   0  E CS TS     7 PTAMS 0x00000005ae000000 NTAMS 0x00000005ae000000 space 32768K, 100% used [0x00000005ae000000, 0x00000005b0000000)
AC   0  E CS TS    21 PTAMS 0x00000005b0000000 NTAMS 0x00000005b0000000 space 32768K, 100% used [0x00000005b0000000, 0x00000005b2000000)
AC   0  E CS TS    21 PTAMS 0x00000005b2000000 NTAMS 0x00000005b2000000 space 32768K, 100% used [0x00000005b2000000, 0x00000005b4000000)
AC   0  E CS TS    25 PTAMS 0x00000005b4000000 NTAMS 0x00000005b4000000 space 32768K, 100% used [0x00000005b4000000, 0x00000005b6000000)
AC   0  E CS TS    25 PTAMS 0x00000005b6000000 NTAMS 0x00000005b6000000 space 32768K, 100% used [0x00000005b6000000, 0x00000005b8000000)
AC   0  E CS TS    19 PTAMS 0x00000005b8000000 NTAMS 0x00000005b8000000 space 32768K, 100% used [0x00000005b8000000, 0x00000005ba000000)
AC   0  E CS TS     0 PTAMS 0x00000005ba000000 NTAMS 0x00000005ba000000 space 32768K, 100% used [0x00000005ba000000, 0x00000005bc000000)
AC   0  E CS TS     0 PTAMS 0x00000005bc000000 NTAMS 0x00000005bc000000 space 32768K, 100% used [0x00000005bc000000, 0x00000005be000000)
AC   0  E CS TS     0 PTAMS 0x00000005be000000 NTAMS 0x00000005be000000 space 32768K, 100% used [0x00000005be000000, 0x00000005c0000000)
AC   0  E CS TS     0 PTAMS 0x00000005c0000000 NTAMS 0x00000005c0000000 space 32768K, 100% used [0x00000005c0000000, 0x00000005c2000000)
AC   0  E CS TS     0 PTAMS 0x00000005c2000000 NTAMS 0x00000005c2000000 space 32768K, 100% used [0x00000005c2000000, 0x00000005c4000000)
AC   0  E CS TS     0 PTAMS 0x00000005c4000000 NTAMS 0x00000005c4000000 space 32768K, 100% used [0x00000005c4000000, 0x00000005c6000000)
AC   0  E CS TS     0 PTAMS 0x00000005c6000000 NTAMS 0x00000005c6000000 space 32768K, 100% used [0x00000005c6000000, 0x00000005c8000000)
AC   0  E CS TS     0 PTAMS 0x00000005c8000000 NTAMS 0x00000005c8000000 space 32768K, 100% used [0x00000005c8000000, 0x00000005ca000000)
AC   0  E CS TS     0 PTAMS 0x00000005ca000000 NTAMS 0x00000005ca000000 space 32768K, 100% used [0x00000005ca000000, 0x00000005cc000000)
AC   0  E CS TS     0 PTAMS 0x00000005cc000000 NTAMS 0x00000005cc000000 space 32768K, 100% used [0x00000005cc000000, 0x00000005ce000000)
AC   0  E CS TS     0 PTAMS 0x00000005ce000000 NTAMS 0x00000005ce000000 space 32768K, 100% used [0x00000005ce000000, 0x00000005d0000000)
AC   0  E CS TS     0 PTAMS 0x00000005d0000000 NTAMS 0x00000005d0000000 space 32768K, 100% used [0x00000005d0000000, 0x00000005d2000000)
AC   0  E CS TS     0 PTAMS 0x00000005d2000000 NTAMS 0x00000005d2000000 space 32768K, 100% used [0x00000005d2000000, 0x00000005d4000000)
AC   0  E CS TS     0 PTAMS 0x00000005d4000000 NTAMS 0x00000005d4000000 space 32768K, 100% used [0x00000005d4000000, 0x00000005d6000000)
AC   0  E CS TS     0 PTAMS 0x00000005d6000000 NTAMS 0x00000005d6000000 space 32768K, 100% used [0x00000005d6000000, 0x00000005d8000000)
AC   0  E CS TS     0 PTAMS 0x00000005d8000000 NTAMS 0x00000005d8000000 space 32768K, 100% used [0x00000005d8000000, 0x00000005da000000)
AC   0  E CS TS     0 PTAMS 0x00000005da000000 NTAMS 0x00000005da000000 space 32768K, 100% used [0x00000005da000000, 0x00000005dc000000)
AC   0  E CS TS     0 PTAMS 0x00000005dc000000 NTAMS 0x00000005dc000000 space 32768K, 100% used [0x00000005dc000000, 0x00000005de000000)
AC   0  E CS TS     0 PTAMS 0x00000005de000000 NTAMS 0x00000005de000000 space 32768K, 100% used [0x00000005de000000, 0x00000005e0000000)
AC   0  E CS TS     0 PTAMS 0x00000005e0000000 NTAMS 0x00000005e0000000 space 32768K, 100% used [0x00000005e0000000, 0x00000005e2000000)
AC   0  E CS TS     0 PTAMS 0x00000005e2000000 NTAMS 0x00000005e2000000 space 32768K, 100% used [0x00000005e2000000, 0x00000005e4000000)
AC   0  E CS TS     0 PTAMS 0x00000005e4000000 NTAMS 0x00000005e4000000 space 32768K, 100% used [0x00000005e4000000, 0x00000005e6000000)
AC   0  E CS TS     0 PTAMS 0x00000005e6000000 NTAMS 0x00000005e6000000 space 32768K, 100% used [0x00000005e6000000, 0x00000005e8000000)
AC   0  E CS TS     0 PTAMS 0x00000005e8000000 NTAMS 0x00000005e8000000 space 32768K, 100% used [0x00000005e8000000, 0x00000005ea000000)
AC   0  E CS TS     0 PTAMS 0x00000005ea000000 NTAMS 0x00000005ea000000 space 32768K, 100% used [0x00000005ea000000, 0x00000005ec000000)

Card table byte_map: [0x0000000014cb0000,0x0000000016450000] byte_map_base: 0x0000000012650000

Marking Bits (Prev, Next): (CMBitMap*) 0x000000000277d750, (CMBitMap*) 0x000000000277d6f8
 Prev Bits: [0x00000000238f0000, 0x000000002f5f0000)
 Next Bits: [0x0000000017bf0000, 0x00000000238f0000)

Polling page: 0x0000000000c60000

CodeCache: size=245760Kb used=77034Kb max_used=78750Kb free=168725Kb
 bounds [0x00000000027d0000, 0x0000000007590000, 0x00000000117d0000]
 total_blobs=19000 nmethods=17635 adapters=1271
 compilation: enabled

Compilation events (10 events):
Event: 538.037 Thread 0x0000000034691800 nmethod 27916 0x000000000331b4d0 code [0x000000000331b6a0, 0x000000000331be48]
Event: 538.147 Thread 0x0000000034686000 27917       4       net.minecraftforge.client.settings.KeyBindingMap::lookupAll (70 bytes)
Event: 538.183 Thread 0x0000000034685000 27918   !   4       sun.reflect.GeneratedMethodAccessor85::invoke (52 bytes)
Event: 538.190 Thread 0x0000000034685000 nmethod 27918 0x0000000004c89e10 code [0x0000000004c89f80, 0x0000000004c8a0e8]
Event: 538.190 Thread 0x0000000034685000 27919   !   4       sun.reflect.GeneratedMethodAccessor86::invoke (52 bytes)
Event: 538.194 Thread 0x0000000034685000 nmethod 27919 0x0000000004a6be10 code [0x0000000004a6bf80, 0x0000000004a6c0e8]
Event: 538.204 Thread 0x0000000034686000 nmethod 27917 0x0000000007097610 code [0x00000000070977c0, 0x00000000070984d8]
Event: 538.448 Thread 0x0000000034685000 27920   !   4       net.minecraft.client.renderer.chunk.ChunkRenderWorker::func_178474_a (662 bytes)
Event: 538.497 Thread 0x0000000034686000 27921       4       net.minecraft.block.Block::func_149721_r (36 bytes)
Event: 538.503 Thread 0x0000000034686000 nmethod 27921 0x00000000055de0d0 code [0x00000000055de220, 0x00000000055de3b8]

GC Heap History (10 events):
Event: 401.263 GC heap before
{Heap before GC invocations=120 (full 2):
 garbage-first heap   total 4718592K, used 2416138K [0x00000004cc000000, 0x00000004ce000480, 0x00000007c0000000)
  region size 32768K, 28 young (917504K), 3 survivors (98304K)
 Metaspace       used 124400K, capacity 129473K, committed 129860K, reserved 1161216K
  class space    used 17541K, capacity 18656K, committed 18764K, reserved 1048576K
Event: 401.295 GC heap after
Heap after GC invocations=121 (full 2):
 garbage-first heap   total 4718592K, used 1568355K [0x00000004cc000000, 0x00000004ce000480, 0x00000007c0000000)
  region size 32768K, 2 young (65536K), 2 survivors (65536K)
 Metaspace       used 124400K, capacity 129473K, committed 129860K, reserved 1161216K
  class space    used 17541K, capacity 18656K, committed 18764K, reserved 1048576K
}
Event: 430.132 GC heap before
{Heap before GC invocations=121 (full 2):
 garbage-first heap   total 4718592K, used 3534435K [0x00000004cc000000, 0x00000004ce000480, 0x00000007c0000000)
  region size 32768K, 62 young (2031616K), 2 survivors (65536K)
 Metaspace       used 124479K, capacity 129567K, committed 129860K, reserved 1161216K
  class space    used 17546K, capacity 18661K, committed 18764K, reserved 1048576K
Event: 430.194 GC heap after
Heap after GC invocations=122 (full 2):
 garbage-first heap   total 4718592K, used 1578352K [0x00000004cc000000, 0x00000004ce000480, 0x00000007c0000000)
  region size 32768K, 2 young (65536K), 2 survivors (65536K)
 Metaspace       used 124479K, capacity 129567K, committed 129860K, reserved 1161216K
  class space    used 17546K, capacity 18661K, committed 18764K, reserved 1048576K
}
Event: 442.477 GC heap before
{Heap before GC invocations=122 (full 2):
 garbage-first heap   total 4718592K, used 2430320K [0x00000004cc000000, 0x00000004ce000480, 0x00000007c0000000)
  region size 32768K, 28 young (917504K), 2 survivors (65536K)
 Metaspace       used 124502K, capacity 129573K, committed 129860K, reserved 1161216K
  class space    used 17547K, capacity 18662K, committed 18764K, reserved 1048576K
Event: 442.505 GC heap after
Heap after GC invocations=123 (full 2):
 garbage-first heap   total 4718592K, used 1584334K [0x00000004cc000000, 0x00000004ce000480, 0x00000007c0000000)
  region size 32768K, 2 young (65536K), 2 survivors (65536K)
 Metaspace       used 124502K, capacity 129573K, committed 129860K, reserved 1161216K
  class space    used 17547K, capacity 18662K, committed 18764K, reserved 1048576K
}
Event: 466.426 GC heap before
{Heap before GC invocations=123 (full 2):
 garbage-first heap   total 4718592K, used 3157198K [0x00000004cc000000, 0x00000004ce000480, 0x00000007c0000000)
  region size 32768K, 50 young (1638400K), 2 survivors (65536K)
 Metaspace       used 124555K, capacity 129655K, committed 129860K, reserved 1161216K
  class space    used 17549K, capacity 18665K, committed 18764K, reserved 1048576K
Event: 466.451 GC heap after
Heap after GC invocations=124 (full 2):
 garbage-first heap   total 4718592K, used 1576835K [0x00000004cc000000, 0x00000004ce000480, 0x00000007c0000000)
  region size 32768K, 2 young (65536K), 2 survivors (65536K)
 Metaspace       used 124555K, capacity 129655K, committed 129860K, reserved 1161216K
  class space    used 17549K, capacity 18665K, committed 18764K, reserved 1048576K
}
Event: 499.004 GC heap before
{Heap before GC invocations=124 (full 2):
 garbage-first heap   total 4718592K, used 3608451K [0x00000004cc000000, 0x00000004ce000480, 0x00000007c0000000)
  region size 32768K, 64 young (2097152K), 2 survivors (65536K)
 Metaspace       used 124626K, capacity 129733K, committed 129860K, reserved 1161216K
  class space    used 17551K, capacity 18666K, committed 18764K, reserved 1048576K
Event: 499.039 GC heap after
Heap after GC invocations=125 (full 2):
 garbage-first heap   total 4718592K, used 1584535K [0x00000004cc000000, 0x00000004ce000480, 0x00000007c0000000)
  region size 32768K, 2 young (65536K), 2 survivors (65536K)
 Metaspace       used 124626K, capacity 129733K, committed 129860K, reserved 1161216K
  class space    used 17551K, capacity 18666K, committed 18764K, reserved 1048576K
}

Deoptimization events (10 events):
Event: 486.616 Thread 0x00000000026d4000 Uncommon trap: reason=unstable_if action=reinterpret pc=0x00000000062d0314 method=net.minecraft.world.WorldProvider.func_76560_a(FF)[F @ 23
Event: 486.617 Thread 0x00000000026d4000 Uncommon trap: reason=unstable_if action=reinterpret pc=0x00000000035a2e10 method=net.minecraft.world.WorldProvider.func_76560_a(FF)[F @ 23
Event: 511.257 Thread 0x00000000026d4000 Uncommon trap: reason=unstable_if action=reinterpret pc=0x0000000006ec8204 method=net.minecraft.client.gui.FontRenderer.func_78262_a(Ljava/lang/String;IZ)Ljava/lang/String; @ 171
Event: 521.064 Thread 0x00000000026d4000 Uncommon trap: reason=unstable_if action=reinterpret pc=0x00000000065d0094 method=net.minecraft.world.World.func_175721_c(Lnet/minecraft/util/math/BlockPos;Z)I @ 132
Event: 521.907 Thread 0x00000000026d4000 Uncommon trap: reason=unstable_if action=reinterpret pc=0x0000000005da13c0 method=noppes.mpm.client.ChatMessages.getChatMessages(Ljava/lang/String;)Lnoppes/mpm/client/ChatMessages; @ 9
Event: 523.092 Thread 0x00000000026d4000 Uncommon trap: reason=unstable_if action=reinterpret pc=0x00000000061a08ec method=net.minecraft.client.renderer.EntityRenderer.func_78473_a(F)V @ 320
Event: 532.115 Thread 0x00000000026d4000 Uncommon trap: reason=unstable_if action=reinterpret pc=0x00000000061127ac method=net.minecraft.client.gui.GuiNewChat.func_146230_a(I)V @ 421
Event: 532.115 Thread 0x00000000026d4000 Uncommon trap: reason=unstable_if action=reinterpret pc=0x000000000654025c method=net.minecraft.client.gui.Gui.func_73734_a(IIIII)V @ 15
Event: 533.943 Thread 0x00000000026d4000 Uncommon trap: reason=unstable_if action=reinterpret pc=0x0000000006aa0da0 method=net.minecraft.client.multiplayer.WorldClient.func_147467_a(IILnet/minecraft/world/chunk/Chunk;)V @ 11
Event: 533.995 Thread 0x00000000026d4000 Uncommon trap: reason=unstable_if action=reinterpret pc=0x0000000006d69dfc method=net.minecraft.client.multiplayer.WorldClient.func_147456_g()V @ 8

Internal exceptions (10 events):
Event: 538.561 Thread 0x000000003680b000 Exception <a 'java/lang/InterruptedException': sleep interrupted> (0x00000005780abb90) thrown at [C:\re\workspace\8-2-build-windows-amd64-cygwin\jdk8u51\3951\hotspot\src\share\vm\prims\jvm.cpp, line 3211]
Event: 538.575 Thread 0x000000003680b000 Exception <a 'java/lang/InterruptedException': sleep interrupted> (0x00000005780abd90) thrown at [C:\re\workspace\8-2-build-windows-amd64-cygwin\jdk8u51\3951\hotspot\src\share\vm\prims\jvm.cpp, line 3211]
Event: 538.611 Thread 0x000000003680b000 Exception <a 'java/lang/InterruptedException': sleep interrupted> (0x00000005780abf90) thrown at [C:\re\workspace\8-2-build-windows-amd64-cygwin\jdk8u51\3951\hotspot\src\share\vm\prims\jvm.cpp, line 3211]
Event: 538.623 Thread 0x000000003680b000 Exception <a 'java/lang/InterruptedException': sleep interrupted> (0x00000005780ac190) thrown at [C:\re\workspace\8-2-build-windows-amd64-cygwin\jdk8u51\3951\hotspot\src\share\vm\prims\jvm.cpp, line 3211]
Event: 538.638 Thread 0x000000003680b000 Exception <a 'java/lang/InterruptedException': sleep interrupted> (0x00000005780ac390) thrown at [C:\re\workspace\8-2-build-windows-amd64-cygwin\jdk8u51\3951\hotspot\src\share\vm\prims\jvm.cpp, line 3211]
Event: 538.638 Thread 0x000000003680b000 Exception <a 'java/lang/InterruptedException': sleep interrupted> (0x00000005780ad168) thrown at [C:\re\workspace\8-2-build-windows-amd64-cygwin\jdk8u51\3951\hotspot\src\share\vm\prims\jvm.cpp, line 3211]
Event: 538.645 Thread 0x000000003680b000 Exception <a 'java/lang/InterruptedException': sleep interrupted> (0x00000005780adf40) thrown at [C:\re\workspace\8-2-build-windows-amd64-cygwin\jdk8u51\3951\hotspot\src\share\vm\prims\jvm.cpp, line 3211]
Event: 538.660 Thread 0x000000003680b000 Exception <a 'java/lang/InterruptedException': sleep interrupted> (0x00000005780ae140) thrown at [C:\re\workspace\8-2-build-windows-amd64-cygwin\jdk8u51\3951\hotspot\src\share\vm\prims\jvm.cpp, line 3211]
Event: 538.675 Thread 0x000000003680b000 Exception <a 'java/lang/InterruptedException': sleep interrupted> (0x00000005780ae340) thrown at [C:\re\workspace\8-2-build-windows-amd64-cygwin\jdk8u51\3951\hotspot\src\share\vm\prims\jvm.cpp, line 3211]
Event: 538.706 Thread 0x000000003680b000 Exception <a 'java/lang/InterruptedException': sleep interrupted> (0x00000005780ae540) thrown at [C:\re\workspace\8-2-build-windows-amd64-cygwin\jdk8u51\3951\hotspot\src\share\vm\prims\jvm.cpp, line 3211]

Events (10 events):
Event: 532.300 Thread 0x0000000034691800 flushing nmethod 0x00000000072cee50
Event: 532.300 Thread 0x0000000034691800 flushing nmethod 0x000000000736ed10
Event: 533.943 Thread 0x00000000026d4000 Uncommon trap: trap_request=0xffffff65 fr.pc=0x0000000006aa0da0
Event: 533.943 Thread 0x00000000026d4000 DEOPT PACKING pc=0x0000000006aa0da0 sp=0x00000000026ce430
Event: 533.943 Thread 0x00000000026d4000 DEOPT UNPACKING pc=0x000000000281582a sp=0x00000000026ce380 mode 2
Event: 533.995 Thread 0x00000000026d4000 Uncommon trap: trap_request=0xffffff65 fr.pc=0x0000000006d69dfc
Event: 533.995 Thread 0x00000000026d4000 DEOPT PACKING pc=0x0000000006d69dfc sp=0x00000000026ce470
Event: 533.995 Thread 0x00000000026d4000 DEOPT UNPACKING pc=0x000000000281582a sp=0x00000000026ce450 mode 2
Event: 536.342 Thread 0x00000000026d4000 DEOPT PACKING pc=0x0000000006e6cecd sp=0x00000000026ce400
Event: 536.342 Thread 0x00000000026d4000 DEOPT UNPACKING pc=0x000000000281787f sp=0x00000000026ce1c8 mode 0


Dynamic libraries:
0x00007ff629d90000 - 0x00007ff629dc7000 	C:\Users\HP\AppData\Roaming\.minecraft\runtime\jre-legacy\windows\jre-legacy\bin\javaw.exe
0x00007ff9f1df0000 - 0x00007ff9f2007000 	C:\WINDOWS\SYSTEM32\ntdll.dll
0x00007ff9f0c50000 - 0x00007ff9f0d14000 	C:\WINDOWS\System32\KERNEL32.DLL
0x00007ff9ef2c0000 - 0x00007ff9ef67a000 	C:\WINDOWS\System32\KERNELBASE.dll
0x00007ff9e7120000 - 0x00007ff9e71b7000 	C:\WINDOWS\SYSTEM32\apphelp.dll
0x00007ff9f1a10000 - 0x00007ff9f1ac2000 	C:\WINDOWS\System32\ADVAPI32.dll
0x00007ff9f0e40000 - 0x00007ff9f0ee7000 	C:\WINDOWS\System32\msvcrt.dll
0x00007ff9efdf0000 - 0x00007ff9efe97000 	C:\WINDOWS\System32\sechost.dll
0x00007ff9ef680000 - 0x00007ff9ef6a8000 	C:\WINDOWS\System32\bcrypt.dll
0x00007ff9f0ef0000 - 0x00007ff9f1004000 	C:\WINDOWS\System32\RPCRT4.dll
0x00007ff9f03a0000 - 0x00007ff9f054e000 	C:\WINDOWS\System32\USER32.dll
0x00007ff9ef1d0000 - 0x00007ff9ef1f6000 	C:\WINDOWS\System32\win32u.dll
0x00007ff9f1c50000 - 0x00007ff9f1c79000 	C:\WINDOWS\System32\GDI32.dll
0x00007ff9ef8c0000 - 0x00007ff9ef9db000 	C:\WINDOWS\System32\gdi32full.dll
0x00007ff9ef820000 - 0x00007ff9ef8ba000 	C:\WINDOWS\System32\msvcp_win.dll
0x00007ff9ef9e0000 - 0x00007ff9efaf1000 	C:\WINDOWS\System32\ucrtbase.dll
0x00007ff9d2680000 - 0x00007ff9d2912000 	C:\WINDOWS\WinSxS\amd64_microsoft.windows.common-controls_6595b64144ccf1df_6.0.22621.4541_none_2710d1c57384c085\COMCTL32.dll
0x00007ff9f1c80000 - 0x00007ff9f1cb1000 	C:\WINDOWS\System32\IMM32.DLL
0x00000000641d0000 - 0x00000000642a2000 	C:\Users\HP\AppData\Roaming\.minecraft\runtime\jre-legacy\windows\jre-legacy\bin\msvcr100.dll
0x0000000063940000 - 0x00000000641c3000 	C:\Users\HP\AppData\Roaming\.minecraft\runtime\jre-legacy\windows\jre-legacy\bin\server\jvm.dll
0x00007ff9f0c40000 - 0x00007ff9f0c48000 	C:\WINDOWS\System32\PSAPI.DLL
0x00007ff9e7220000 - 0x00007ff9e7229000 	C:\WINDOWS\SYSTEM32\WSOCK32.dll
0x00007ff9e7520000 - 0x00007ff9e7554000 	C:\WINDOWS\SYSTEM32\WINMM.dll
0x00007ff9e21b0000 - 0x00007ff9e21ba000 	C:\WINDOWS\SYSTEM32\VERSION.dll
0x00007ff9f1ad0000 - 0x00007ff9f1b41000 	C:\WINDOWS\System32\WS2_32.dll
0x0000000063930000 - 0x000000006393f000 	C:\Users\HP\AppData\Roaming\.minecraft\runtime\jre-legacy\windows\jre-legacy\bin\verify.dll
0x0000000063900000 - 0x0000000063929000 	C:\Users\HP\AppData\Roaming\.minecraft\runtime\jre-legacy\windows\jre-legacy\bin\java.dll
0x00000000638e0000 - 0x00000000638f6000 	C:\Users\HP\AppData\Roaming\.minecraft\runtime\jre-legacy\windows\jre-legacy\bin\zip.dll
0x00007ff9f1010000 - 0x00007ff9f1888000 	C:\WINDOWS\System32\SHELL32.dll
0x00007ff9ecfc0000 - 0x00007ff9ed8c8000 	C:\WINDOWS\SYSTEM32\windows.storage.dll
0x00007ff9efea0000 - 0x00007ff9f022f000 	C:\WINDOWS\System32\combase.dll
0x00007ff9ece80000 - 0x00007ff9ecfbf000 	C:\WINDOWS\SYSTEM32\wintypes.dll
0x00007ff9f1890000 - 0x00007ff9f198a000 	C:\WINDOWS\System32\SHCORE.dll
0x00007ff9f0550000 - 0x00007ff9f05ae000 	C:\WINDOWS\System32\shlwapi.dll
0x00007ff9ef000000 - 0x00007ff9ef02b000 	C:\WINDOWS\SYSTEM32\profapi.dll
0x00000000638d0000 - 0x00000000638dd000 	C:\Users\HP\AppData\Roaming\.minecraft\runtime\jre-legacy\windows\jre-legacy\bin\management.dll
0x00000000638b0000 - 0x00000000638ca000 	C:\Users\HP\AppData\Roaming\.minecraft\runtime\jre-legacy\windows\jre-legacy\bin\net.dll
0x00007ff9ee540000 - 0x00007ff9ee5a9000 	C:\WINDOWS\system32\mswsock.dll
0x00007ff970f80000 - 0x00007ff970f97000 	C:\WINDOWS\system32\napinsp.dll
0x00007ff96e570000 - 0x00007ff96e58b000 	C:\WINDOWS\system32\pnrpnsp.dll
0x00007ff9edba0000 - 0x00007ff9edca2000 	C:\WINDOWS\SYSTEM32\DNSAPI.dll
0x00007ff9edb30000 - 0x00007ff9edb5d000 	C:\WINDOWS\SYSTEM32\IPHLPAPI.DLL
0x00007ff9efb00000 - 0x00007ff9efb09000 	C:\WINDOWS\System32\NSI.dll
0x00007ff944220000 - 0x00007ff944231000 	C:\WINDOWS\System32\winrnr.dll
0x00007ff9b0460000 - 0x00007ff9b0475000 	C:\WINDOWS\system32\wshbth.dll
0x00007ff97d670000 - 0x00007ff97d697000 	C:\WINDOWS\system32\nlansp_c.dll
0x00007ff9e3180000 - 0x00007ff9e3203000 	C:\WINDOWS\System32\fwpuclnt.dll
0x00007ff9d0920000 - 0x00007ff9d092a000 	C:\Windows\System32\rasadhlp.dll
0x0000000063890000 - 0x00000000638a1000 	C:\Users\HP\AppData\Roaming\.minecraft\runtime\jre-legacy\windows\jre-legacy\bin\nio.dll
0x00007ff9ee890000 - 0x00007ff9ee8ab000 	C:\WINDOWS\SYSTEM32\CRYPTSP.dll
0x00007ff9ee030000 - 0x00007ff9ee065000 	C:\WINDOWS\system32\rsaenh.dll
0x00007ff9ee5e0000 - 0x00007ff9ee608000 	C:\WINDOWS\SYSTEM32\USERENV.dll
0x00007ff9ef150000 - 0x00007ff9ef1cb000 	C:\WINDOWS\System32\bcryptprimitives.dll
0x00007ff9ee870000 - 0x00007ff9ee87c000 	C:\WINDOWS\SYSTEM32\CRYPTBASE.dll
0x00007ff9e4770000 - 0x00007ff9e4789000 	C:\WINDOWS\SYSTEM32\dhcpcsvc6.DLL
0x00007ff9e4710000 - 0x00007ff9e472f000 	C:\WINDOWS\SYSTEM32\dhcpcsvc.DLL
0x0000000063870000 - 0x0000000063887000 	C:\Users\HP\AppData\Roaming\.minecraft\runtime\jre-legacy\windows\jre-legacy\bin\unpack.dll
0x0000000180000000 - 0x0000000180053000 	C:\Users\HP\AppData\Roaming\.minecraft\versions\tmp mc forge 1122\natives\lwjgl64.dll
0x00007ff9ab2c0000 - 0x00007ff9ab3c0000 	C:\WINDOWS\SYSTEM32\OPENGL32.dll
0x00007ff9e21e0000 - 0x00007ff9e220d000 	C:\WINDOWS\SYSTEM32\GLU32.dll
0x00007ff9ec1e0000 - 0x00007ff9ec217000 	C:\WINDOWS\SYSTEM32\dxcore.dll
0x00000000636d0000 - 0x0000000063868000 	C:\Users\HP\AppData\Roaming\.minecraft\runtime\jre-legacy\windows\jre-legacy\bin\awt.dll
0x00007ff9f1cc0000 - 0x00007ff9f1d97000 	C:\WINDOWS\System32\OLEAUT32.dll
0x00007ff9e80b0000 - 0x00007ff9e816c000 	C:\WINDOWS\SYSTEM32\mscms.dll
0x00007ff9ee0d0000 - 0x00007ff9ee0e8000 	C:\WINDOWS\SYSTEM32\kernel.appcore.dll
0x00007ff9f1b50000 - 0x00007ff9f1c00000 	C:\WINDOWS\System32\clbcatq.dll
0x00007ff9df610000 - 0x00007ff9df65e000 	C:\Windows\System32\Windows.Internal.Graphics.Display.DisplayColorManagement.dll
0x00007ff9eecd0000 - 0x00007ff9eed1e000 	C:\WINDOWS\SYSTEM32\cfgmgr32.dll
0x00007ff9ec0d0000 - 0x00007ff9ec181000 	C:\WINDOWS\system32\uxtheme.dll
0x00007ff9f0230000 - 0x00007ff9f0391000 	C:\WINDOWS\System32\MSCTF.dll
0x00007ff9e2cf0000 - 0x00007ff9e2e35000 	C:\WINDOWS\SYSTEM32\textinputframework.dll
0x00007ff9d2c10000 - 0x00007ff9d2c79000 	C:\WINDOWS\system32\Oleacc.dll
0x00007ff9e3420000 - 0x00007ff9e3469000 	C:\WINDOWS\SYSTEM32\directxdatabasehelper.dll
0x00007ff9e6b20000 - 0x00007ff9e6c53000 	C:\WINDOWS\System32\CoreMessaging.dll
0x00007ff9e2ba0000 - 0x00007ff9e2ce4000 	C:\Windows\System32\AppXDeploymentClient.dll
0x00007ff98e5f0000 - 0x00007ff98f5f5000 	C:\WINDOWS\System32\DriverStore\FileRepository\iigd_dch.inf_amd64_14a5bb6045f923bf\ig9icd64.dll
0x00007ff9f0a30000 - 0x00007ff9f0bd5000 	C:\WINDOWS\System32\ole32.dll
0x00007ff9ec340000 - 0x00007ff9ec36b000 	C:\WINDOWS\system32\dwmapi.dll
0x00007ff9ec220000 - 0x00007ff9ec317000 	C:\WINDOWS\system32\dxgi.dll
0x00007ff98fec0000 - 0x00007ff9902da000 	C:\WINDOWS\System32\DriverStore\FileRepository\iigd_dch.inf_amd64_14a5bb6045f923bf\igdml64.dll
0x00007ff9da3e0000 - 0x00007ff9da661000 	C:\WINDOWS\System32\DriverStore\FileRepository\iigd_dch.inf_amd64_14a5bb6045f923bf\igdgmm64.dll
0x00007ff9a8a30000 - 0x00007ff9a8a79000 	C:\WINDOWS\SYSTEM32\icm32.dll
0x00007ff9e0f60000 - 0x00007ff9e0fab000 	C:\WINDOWS\system32\ApplicationTargetedFeatureDatabase.dll
0x00007ff9e4cb0000 - 0x00007ff9e4f54000 	C:\Windows\System32\twinapi.appcore.dll
0x00007ff9d7590000 - 0x00007ff9da3d4000 	C:\WINDOWS\System32\DriverStore\FileRepository\iigd_dch.inf_amd64_14a5bb6045f923bf\igc64.dll
0x00007ff9eefa0000 - 0x00007ff9eefed000 	C:\WINDOWS\SYSTEM32\powrprof.dll
0x00007ff9eeed0000 - 0x00007ff9eeee3000 	C:\WINDOWS\SYSTEM32\UMPDC.dll
0x00007ff99eb50000 - 0x00007ff99eb92000 	C:\Users\HP\AppData\Local\Temp\jna-2312\jna1495188543587202982.dll
0x00000000636a0000 - 0x00000000636c4000 	C:\Users\HP\AppData\Roaming\.minecraft\runtime\jre-legacy\windows\jre-legacy\bin\sunec.dll
0x0000000063650000 - 0x0000000063697000 	C:\Users\HP\AppData\Roaming\.minecraft\runtime\jre-legacy\windows\jre-legacy\bin\fontmanager.dll
0x0000000063600000 - 0x0000000063642000 	C:\Users\HP\AppData\Roaming\.minecraft\runtime\jre-legacy\windows\jre-legacy\bin\t2k.dll
0x00007ff9e3de0000 - 0x00007ff9e414d000 	C:\WINDOWS\SYSTEM32\CoreUIComponents.dll
0x0000000045540000 - 0x00000000455a4000 	C:\Users\HP\AppData\Roaming\.minecraft\versions\tmp mc forge 1122\natives\OpenAL64.dll
0x00007ff9e0390000 - 0x00007ff9e042e000 	C:\WINDOWS\System32\MMDevApi.dll
0x00007ff9eeca0000 - 0x00007ff9eeccc000 	C:\WINDOWS\System32\DEVOBJ.dll
0x00007ff99f860000 - 0x00007ff99f902000 	C:\WINDOWS\SYSTEM32\dsound.dll
0x00007ff99eba0000 - 0x00007ff99ec51000 	C:\WINDOWS\SYSTEM32\ResampleDmo.DLL
0x00007ff9ce530000 - 0x00007ff9ce559000 	C:\WINDOWS\SYSTEM32\winmmbase.dll
0x00007ff9d2c00000 - 0x00007ff9d2c0b000 	C:\WINDOWS\SYSTEM32\msdmo.dll
0x00007ff9d5b50000 - 0x00007ff9d5d3e000 	C:\WINDOWS\SYSTEM32\AUDIOSES.DLL
0x00007ff9ec5a0000 - 0x00007ff9ec5b5000 	C:\WINDOWS\SYSTEM32\resourcepolicyclient.dll
0x00007ff9df4f0000 - 0x00007ff9df50a000 	C:\Users\HP\AppData\Roaming\.minecraft\versions\tmp mc forge 1122\natives\SAPIWrapper_x64.dll
0x000000007fa80000 - 0x000000007fab1000 	C:\Users\HP\AppData\Roaming\.minecraft\runtime\jre-legacy\windows\jre-legacy\bin\jpeg.dll
0x00007ff9ecac0000 - 0x00007ff9eccf2000 	C:\WINDOWS\SYSTEM32\dbghelp.dll

VM Arguments:
jvm_args: -Dos.name=Windows 10 -Dos.version=10.0 -Djava.library.path=C:\Users\HP\AppData\Roaming\.minecraft\versions\tmp mc forge 1122\natives -Xmx12072M -XX:+UnlockExperimentalVMOptions -XX:+UseG1GC -XX:G1NewSizePercent=20 -XX:G1ReservePercent=20 -XX:MaxGCPauseMillis=50 -XX:G1HeapRegionSize=32M -Dfml.ignoreInvalidMinecraftCertificates=true -Dfml.ignorePatchDiscrepancies=true -Djava.net.preferIPv4Stack=true -Dminecraft.applet.TargetDirectory=C:\Users\HP\AppData\Roaming\.minecraft\versions\tmp mc forge 1122 -DlibraryDirectory=C:\Users\HP\AppData\Roaming\.minecraft\libraries -Dlog4j.configurationFile=C:\Users\HP\AppData\Roaming\.minecraft\assets\log_configs\client-1.12.xml -DLibLoader.modsFolder=C:\Users\HP\AppData\Roaming\.minecraft\versions\tmp mc forge 1122\mods 
java_command: net.minecraft.launchwrapper.Launch --username kitsumecat --version tmp mc forge 1122 --gameDir C:\Users\HP\AppData\Roaming\.minecraft\versions\tmp mc forge 1122 --assetsDir C:\Users\HP\AppData\Roaming\.minecraft\assets --assetIndex 1.12 --uuid 846fd2e1f554484f8a7e1b0ae1ddd26d --accessToken null --userType mojang --tweakClass net.minecraftforge.fml.common.launcher.FMLTweaker --versionType Forge --width 925 --height 530
java_class_path (initial): C:\Users\HP\AppData\Roaming\.minecraft\libraries\net\minecraftforge\forge\1.12.2-14.23.5.2859\forge-1.12.2-14.23.5.2859.jar;C:\Users\HP\AppData\Roaming\.minecraft\libraries\org\ow2\asm\asm-debug-all\5.2\asm-debug-all-5.2.jar;C:\Users\HP\AppData\Roaming\.minecraft\libraries\net\minecraft\launchwrapper\1.12\launchwrapper-1.12.jar;C:\Users\HP\AppData\Roaming\.minecraft\libraries\org\jline\jline\3.5.1\jline-3.5.1.jar;C:\Users\HP\AppData\Roaming\.minecraft\libraries\com\typesafe\akka\akka-actor_2.11\2.3.3\akka-actor_2.11-2.3.3.jar;C:\Users\HP\AppData\Roaming\.minecraft\libraries\com\typesafe\config\1.2.1\config-1.2.1.jar;C:\Users\HP\AppData\Roaming\.minecraft\libraries\org\scala-lang\scala-actors-migration_2.11\1.1.0\scala-actors-migration_2.11-1.1.0.jar;C:\Users\HP\AppData\Roaming\.minecraft\libraries\org\scala-lang\scala-compiler\2.11.1\scala-compiler-2.11.1.jar;C:\Users\HP\AppData\Roaming\.minecraft\libraries\org\scala-lang\plugins\scala-continuations-library_2.11\1.0.2_mc\scala-continuations-library_2.11-1.0.2_mc.jar;C:\Users\HP\AppData\Roaming\.minecraft\libraries\org\scala-lang\plugins\scala-continuations-plugin_2.11.1\1.0.2_mc\scala-continuations-plugin_2.11.1-1.0.2_mc.jar;C:\Users\HP\AppData\Roaming\.minecraft\libraries\org\scala-lang\scala-library\2.11.1\scala-library-2.11.1.jar;C:\Users\HP\AppData\Roaming\.minecraft\libraries\org\scala-lang\scala-parser-combinators_2.11\1.0.1\scala-parser-combinators_2.11-1.0.1.jar;C:\Users\HP\AppData\Roaming\.minecraft\libraries\org\scala-lang\scala-reflect\2.11.1\scala-reflect-2.11.1.jar;C:\Users\HP\AppData\Roaming\.minecraft\libraries\org\scala-lang\scala-swing_2.11\1.0.1\scala-swing_2.11-1.0.1.jar;C:\Users\HP\AppData\Roaming\.minecraft\libraries\org\scala-lang\scala-xml_2.11\1.0.2\scala-xml_2.11-1.0.2.jar;C:\Users\HP\AppData\Roaming\.minecraft\libraries\lzma\lzma\0.0.1\lzma-0.0.1.jar;C:\Users\HP\AppData\Roaming\.minecraft\libraries\java3d\vecmath\1.5.2\vecmath-1.5.2.jar;C:\Users\HP\AppData\Roami
Launcher Type: SUN_STANDARD

Environment Variables:
PATH=C:\Program Files (x86)\Common Files\Intel\Shared Libraries\redist\intel64\compiler;C:\Program Files\Common Files\Oracle\Java\javapath;C:\Program Files (x86)\Common Files\Oracle\Java\javapath;D:\Software\VMware\bin\;C:\WINDOWS\system32;C:\WINDOWS;C:\WINDOWS\System32\Wbem;C:\WINDOWS\System32\WindowsPowerShell\v1.0\;C:\WINDOWS\System32\OpenSSH\;C:\Program Files\dotnet\;C:\Program Files\Microsoft SQL Server\150\Tools\Binn\;C:\Users\HP\AppData\Local\Programs\Python\Launcher\;C:\Users\HP\AppData\Local\Microsoft\WindowsApps;;C:\Users\HP\AppData\Local\Programs\oh-my-posh\bin;C:\Program Files\Java\jre-1.8\bin
USERNAME=HP
OS=Windows_NT
PROCESSOR_IDENTIFIER=Intel64 Family 6 Model 142 Stepping 12, GenuineIntel



---------------  S Y S T E M  ---------------

OS: Windows 10.0 , 64 bit Build 22621 (10.0.22621.4391)

CPU:total 8 (4 cores per cpu, 2 threads per core) family 6 model 142 stepping 12, cmov, cx8, fxsr, mmx, sse, sse2, sse3, ssse3, sse4.1, sse4.2, popcnt, avx, avx2, aes, clmul, erms, 3dnowpref, lzcnt, ht, tsc, tscinvbit, bmi1, bmi2, adx

Memory: 4k page, physical 12365300k(366300k free), swap 18525060k(6364k free)

vm_info: Java HotSpot(TM) 64-Bit Server VM (25.51-b03) for windows-amd64 JRE (1.8.0_51-b16), built on Jun  8 2015 18:03:07 by "java_re" with MS VC++ 10.0 (VS2010)

time: Thu Nov 28 17:27:03 2024
elapsed time: 538 seconds (0d 0h 8m 58s)

